2018-05-02 16:10:05 INFO  rootLogger:232 - Class: Hooks; Method: setUp
2018-05-02 16:10:05 INFO  rootLogger:232 - Scenario: Verify Adding "New Adviser" starting.
2018-05-02 16:10:05 INFO  rootLogger:232 - Scenario Tag Name: @Sanity
2018-05-02 16:10:05 INFO  rootLogger:232 - Class: LoginStepdefs; Method: applicationLogin : Start
2018-05-02 16:10:05 INFO  rootLogger:232 - Class: Hooks; Method: openBrowser
2018-05-02 16:10:05 INFO  rootLogger:232 - userName: admin@huddil.com
2018-05-02 16:10:05 INFO  rootLogger:232 - Class: SetUpFile; Method: constructor
2018-05-02 16:10:05 INFO  rootLogger:232 - Initializing JSON files
2018-05-02 16:10:05 INFO  rootLogger:232 - Class: SetUpFile; Method: setUpBrowser
2018-05-02 16:10:08 INFO  rootLogger:232 - ChromeDriver initialized
2018-05-02 16:10:10 INFO  rootLogger:232 - Class: Hooks; Method: setDriver
2018-05-02 16:10:10 INFO  rootLogger:232 - get driver object
2018-05-02 16:10:10 INFO  rootLogger:232 - Class: SetUpFile; Method: openURL
2018-05-02 16:10:17 INFO  rootLogger:232 - Class: SetUpFile; Method: logInApplication
2018-05-02 16:10:17 INFO  rootLogger:232 - Class: UtilFunctions; Method: getJSONFileObjBasedOnPageName
2018-05-02 16:10:17 INFO  rootLogger:232 - Class: UtilFunctions; Method: getElementFromJSONFile
2018-05-02 16:10:17 INFO  rootLogger:232 - Return: username
2018-05-02 16:10:17 INFO  rootLogger:232 - Class: UtilFunctions; Method: getElementFromJSONFile
2018-05-02 16:10:17 INFO  rootLogger:232 - Return: password
2018-05-02 16:10:17 INFO  rootLogger:232 - Class: UtilFunctions; Method: getElementFromJSONFile
2018-05-02 16:10:17 INFO  rootLogger:232 - Return: null
2018-05-02 16:10:17 INFO  rootLogger:232 - Class: SeleniumFunctions; Method: findElement
2018-05-02 16:10:17 INFO  rootLogger:232 - Class: SeleniumFunctions; Method: explicitWait
2018-05-02 16:10:17 INFO  rootLogger:232 - frame: 
2018-05-02 16:10:18 INFO  rootLogger:232 - UserName: admin@huddil.com entered
2018-05-02 16:10:18 INFO  rootLogger:232 - Class: SeleniumFunctions; Method: findElement
2018-05-02 16:10:18 INFO  rootLogger:232 - Class: SeleniumFunctions; Method: explicitWait
2018-05-02 16:10:18 INFO  rootLogger:232 - frame: 
2018-05-02 16:10:18 INFO  rootLogger:232 - Password: password entered
2018-05-02 16:10:18 INFO  rootLogger:232 - Class: UtilFunctions; Method: getElementFromJSONFile
2018-05-02 16:10:18 INFO  rootLogger:232 - Return: //button[@class='consumerModuleButtons submitButton' and text()='Sign in']
2018-05-02 16:10:18 INFO  rootLogger:232 - Class: SeleniumFunctions; Method: setByValues
2018-05-02 16:10:18 INFO  rootLogger:232 - propField: //button[@class='consumerModuleButtons submitButton' and text()='Sign in']
2018-05-02 16:10:18 INFO  rootLogger:232 - switchType: xpath
2018-05-02 16:10:18 INFO  rootLogger:232 - switchValue: //button[@class='consumerModuleButtons submitButton' and text()='Sign in']
2018-05-02 16:10:18 INFO  rootLogger:232 - Class: SeleniumFunctions; Method: findElement
2018-05-02 16:10:18 INFO  rootLogger:232 - Class: SeleniumFunctions; Method: explicitWait
2018-05-02 16:10:18 INFO  rootLogger:232 - frame: 
2018-05-02 16:10:20 INFO  rootLogger:232 - Login button clicked
2018-05-02 16:10:20 INFO  rootLogger:232 - Class: SeleniumFunctions; Method: switchToNewWindow
2018-05-02 16:10:20 INFO  rootLogger:232 - parentWindow: CDwindow-A6BE4E20B3BCAE29650CAAC53A50DA73
2018-05-02 16:10:20 INFO  rootLogger:232 - windowHandle: CDwindow-A6BE4E20B3BCAE29650CAAC53A50DA73
2018-05-02 16:10:20 INFO  rootLogger:232 - Class: Hooks; Method: setDriver
2018-05-02 16:10:20 INFO  rootLogger:232 - get driver object
2018-05-02 16:10:20 INFO  rootLogger:232 - Class: LoginStepdefs; Method: applicationLogin : Complete
2018-05-02 16:10:20 INFO  rootLogger:232 - Class: GlobalStepdefs; Method: checkPageLoad : Start
2018-05-02 16:10:20 INFO  rootLogger:232 - Class: Hooks; Method: getDriver
2018-05-02 16:10:20 INFO  rootLogger:232 - get driver object
2018-05-02 16:10:20 INFO  rootLogger:232 - Class: Page; Method: findPage
2018-05-02 16:10:20 INFO  rootLogger:232 - Current tab name: Admin
2018-05-02 16:10:20 INFO  rootLogger:232 - PaneName: Admin
2018-05-02 16:10:20 INFO  rootLogger:232 - Class: UtilFunctions; Method: getJSONFileObjBasedOnPageName
2018-05-02 16:10:20 INFO  rootLogger:232 - Class: UtilFunctions; Method: getElementFromJSONFile
2018-05-02 16:10:20 INFO  rootLogger:232 - Exception: null
2018-05-02 16:10:20 INFO  rootLogger:232 - Pane xpath: null
2018-05-02 16:10:20 INFO  rootLogger:232 - Class: Hooks; Method: getDriver
2018-05-02 16:10:20 INFO  rootLogger:232 - get driver object
2018-05-02 16:10:20 INFO  rootLogger:232 - Class: SeleniumFunctions; Method: explicitWait
2018-05-02 16:10:20 INFO  rootLogger:232 - frame: 
2018-05-02 16:10:21 INFO  rootLogger:232 - Class: SeleniumFunctions; Method: findElement
2018-05-02 16:10:21 INFO  rootLogger:232 - Class: SeleniumFunctions; Method: explicitWait
2018-05-02 16:10:21 INFO  rootLogger:232 - frame: 
2018-05-02 16:10:21 INFO  rootLogger:232 - Class: GlobalStepdefs; Method: checkPageLoad : Complete
2018-05-02 16:10:21 INFO  rootLogger:232 - Class: GlobalStepdefs; Method: clickMiscElement : Start
2018-05-02 16:10:21 INFO  rootLogger:232 - Pagename: Admin
2018-05-02 16:10:21 INFO  rootLogger:232 - Class: Hooks; Method: getDriver
2018-05-02 16:10:21 INFO  rootLogger:232 - get driver object
2018-05-02 16:10:21 INFO  rootLogger:232 - Class: Page; Method: clickMiscElement
2018-05-02 16:10:21 INFO  rootLogger:232 - Current tab name: Admin
2018-05-02 16:10:21 INFO  rootLogger:232 - ImageName: Users
2018-05-02 16:10:21 INFO  rootLogger:232 - Class: UtilFunctions; Method: getJSONFileObjBasedOnPageName
2018-05-02 16:10:21 INFO  rootLogger:232 - Class: UtilFunctions; Method: getElementStringAndType
2018-05-02 16:10:21 INFO  rootLogger:232 - Class: UtilFunctions; Method: getElementFromJSONFile
2018-05-02 16:10:21 INFO  rootLogger:232 - Return: //div[contains (@class,  'sideMenuItem') and child::p[text()='Users']]
2018-05-02 16:10:21 INFO  rootLogger:232 - Class: UtilFunctions; Method: getElementFromJSONFile
2018-05-02 16:10:21 INFO  rootLogger:232 - Return: //div[contains (@class,  'sideMenuItem') and child::p[text()='Users']]
2018-05-02 16:10:21 INFO  rootLogger:232 - xpath present
2018-05-02 16:10:21 INFO  rootLogger:232 - Class: SeleniumFunctions; Method: explicitWait
2018-05-02 16:10:21 INFO  rootLogger:232 - frame: //div[contains (@class,  'sideMenuItem') and child::p[text()='Users']];xpath
2018-05-02 16:10:21 INFO  rootLogger:232 - Class: SeleniumFunctions; Method: setByValues
2018-05-02 16:10:21 INFO  rootLogger:232 - propField: //div[contains (@class,  'sideMenuItem') and child::p[text()='Users']];xpath
2018-05-02 16:10:21 INFO  rootLogger:232 - switchType: xpath
2018-05-02 16:10:21 INFO  rootLogger:232 - switchValue: //div[contains (@class,  'sideMenuItem') and child::p[text()='Users']]
2018-05-02 16:10:21 INFO  rootLogger:232 - Class: SeleniumFunctions; Method: findElement
2018-05-02 16:10:21 INFO  rootLogger:232 - Class: SeleniumFunctions; Method: explicitWait
2018-05-02 16:10:21 INFO  rootLogger:232 - frame: 
2018-05-02 16:10:22 INFO  rootLogger:232 - Element: 'Users' exist and clicked. Returning true.
2018-05-02 16:10:22 INFO  rootLogger:232 - Class: GlobalStepdefs; Method: clickButton : Start
2018-05-02 16:10:22 INFO  rootLogger:232 - Class: Hooks; Method: getDriver
2018-05-02 16:10:22 INFO  rootLogger:232 - get driver object
2018-05-02 16:10:22 INFO  rootLogger:232 - Class: Page; Method: clickButton
2018-05-02 16:10:22 INFO  rootLogger:232 - Current page name: Admin
2018-05-02 16:10:22 INFO  rootLogger:232 - Button to be clicked: NewAdviser
2018-05-02 16:10:22 INFO  rootLogger:232 - Class: UtilFunctions; Method: getJSONFileObjBasedOnPageName
2018-05-02 16:10:22 INFO  rootLogger:232 - Class: UtilFunctions; Method: getElementStringAndType
2018-05-02 16:10:22 INFO  rootLogger:232 - Class: UtilFunctions; Method: getElementFromJSONFile
2018-05-02 16:10:22 INFO  rootLogger:232 - Return: null
2018-05-02 16:10:22 INFO  rootLogger:232 - Class: UtilFunctions; Method: getElementFromJSONFile
2018-05-02 16:10:22 INFO  rootLogger:232 - Return: button_addNewAdvisor
2018-05-02 16:10:22 INFO  rootLogger:232 - Class: UtilFunctions; Method: getElementFromJSONFile
2018-05-02 16:10:22 INFO  rootLogger:232 - Return: button_addNewAdvisor
2018-05-02 16:10:22 INFO  rootLogger:232 - id present
2018-05-02 16:10:22 INFO  rootLogger:232 - Class: SeleniumFunctions; Method: explicitWait
2018-05-02 16:10:22 INFO  rootLogger:232 - frame: button_addNewAdvisor;id
2018-05-02 16:10:22 INFO  rootLogger:232 - Class: SeleniumFunctions; Method: setByValues
2018-05-02 16:10:22 INFO  rootLogger:232 - propField: button_addNewAdvisor;id
2018-05-02 16:10:22 INFO  rootLogger:232 - switchType: id
2018-05-02 16:10:22 INFO  rootLogger:232 - switchValue: button_addNewAdvisor
2018-05-02 16:10:22 INFO  rootLogger:232 - Class: SeleniumFunctions; Method: findElement
2018-05-02 16:10:22 INFO  rootLogger:232 - Class: SeleniumFunctions; Method: explicitWait
2018-05-02 16:10:22 INFO  rootLogger:232 - frame: 
2018-05-02 16:10:23 INFO  rootLogger:232 - Button 'NewAdviser' object not null and is clicked. Returning true.
2018-05-02 16:10:23 INFO  rootLogger:232 - Class: GlobalStepdefs; Method: clickButton : Complete
2018-05-02 16:10:23 INFO  rootLogger:232 - Class: GlobalStepdefs; Method: enterInTheField : Start
2018-05-02 16:10:23 INFO  rootLogger:232 - Class: Hooks; Method: getDriver
2018-05-02 16:10:23 INFO  rootLogger:232 - get driver object
2018-05-02 16:10:23 INFO  rootLogger:232 - Class: Page; Method: setTextBox
2018-05-02 16:10:23 INFO  rootLogger:232 - Current page name: Admin
2018-05-02 16:10:23 INFO  rootLogger:232 - Text box field name: AdviserName
2018-05-02 16:10:23 INFO  rootLogger:232 - Class: UtilFunctions; Method: getJSONFileObjBasedOnPageName
2018-05-02 16:10:23 INFO  rootLogger:232 - Class: UtilFunctions; Method: getElementStringAndType
2018-05-02 16:10:23 INFO  rootLogger:232 - Class: UtilFunctions; Method: getElementFromJSONFile
2018-05-02 16:10:23 INFO  rootLogger:232 - Return: null
2018-05-02 16:10:23 INFO  rootLogger:232 - Class: UtilFunctions; Method: getElementFromJSONFile
2018-05-02 16:10:23 INFO  rootLogger:232 - Return: input_name
2018-05-02 16:10:23 INFO  rootLogger:232 - Class: UtilFunctions; Method: getElementFromJSONFile
2018-05-02 16:10:23 INFO  rootLogger:232 - Return: input_name
2018-05-02 16:10:23 INFO  rootLogger:232 - id present
2018-05-02 16:10:23 INFO  rootLogger:232 - Text box textPath: input_name
2018-05-02 16:10:23 INFO  rootLogger:232 - Text box textMethod: id
2018-05-02 16:10:24 INFO  rootLogger:232 - Class: Hooks; Method: getDriver
2018-05-02 16:10:24 INFO  rootLogger:232 - get driver object
2018-05-02 16:10:24 INFO  rootLogger:232 - Class: SeleniumFunctions; Method: setByValues
2018-05-02 16:10:24 INFO  rootLogger:232 - propField: input_name;id
2018-05-02 16:10:24 INFO  rootLogger:232 - switchType: id
2018-05-02 16:10:24 INFO  rootLogger:232 - switchValue: input_name
2018-05-02 16:10:24 INFO  rootLogger:232 - Class: SeleniumFunctions; Method: findElement
2018-05-02 16:10:24 INFO  rootLogger:232 - Class: SeleniumFunctions; Method: explicitWait
2018-05-02 16:10:24 INFO  rootLogger:232 - frame: 
2018-05-02 16:10:26 INFO  rootLogger:232 - Text box 'AdviserName' object not null. Entered Value: 'Rajchinna'. Returning true.
2018-05-02 16:10:26 INFO  rootLogger:232 - Class: GlobalStepdefs; Method: enterInTheField : Complete
2018-05-02 16:10:26 INFO  rootLogger:232 - Class: GlobalStepdefs; Method: enterInTheField : Start
2018-05-02 16:10:26 INFO  rootLogger:232 - Class: Hooks; Method: getDriver
2018-05-02 16:10:26 INFO  rootLogger:232 - get driver object
2018-05-02 16:10:26 INFO  rootLogger:232 - Class: Page; Method: setTextBox
2018-05-02 16:10:26 INFO  rootLogger:232 - Current page name: Admin
2018-05-02 16:10:26 INFO  rootLogger:232 - Text box field name: AdviserEmail
2018-05-02 16:10:26 INFO  rootLogger:232 - Class: UtilFunctions; Method: getJSONFileObjBasedOnPageName
2018-05-02 16:10:26 INFO  rootLogger:232 - Class: UtilFunctions; Method: getElementStringAndType
2018-05-02 16:10:26 INFO  rootLogger:232 - Class: UtilFunctions; Method: getElementFromJSONFile
2018-05-02 16:10:26 INFO  rootLogger:232 - Return: null
2018-05-02 16:10:26 INFO  rootLogger:232 - Class: UtilFunctions; Method: getElementFromJSONFile
2018-05-02 16:10:26 INFO  rootLogger:232 - Return: input_emailId
2018-05-02 16:10:26 INFO  rootLogger:232 - Class: UtilFunctions; Method: getElementFromJSONFile
2018-05-02 16:10:26 INFO  rootLogger:232 - Return: input_emailId
2018-05-02 16:10:26 INFO  rootLogger:232 - id present
2018-05-02 16:10:26 INFO  rootLogger:232 - Text box textPath: input_emailId
2018-05-02 16:10:26 INFO  rootLogger:232 - Text box textMethod: id
2018-05-02 16:10:27 INFO  rootLogger:232 - Class: Hooks; Method: getDriver
2018-05-02 16:10:27 INFO  rootLogger:232 - get driver object
2018-05-02 16:10:27 INFO  rootLogger:232 - Class: SeleniumFunctions; Method: setByValues
2018-05-02 16:10:27 INFO  rootLogger:232 - propField: input_emailId;id
2018-05-02 16:10:27 INFO  rootLogger:232 - switchType: id
2018-05-02 16:10:27 INFO  rootLogger:232 - switchValue: input_emailId
2018-05-02 16:10:27 INFO  rootLogger:232 - Class: SeleniumFunctions; Method: findElement
2018-05-02 16:10:27 INFO  rootLogger:232 - Class: SeleniumFunctions; Method: explicitWait
2018-05-02 16:10:27 INFO  rootLogger:232 - frame: 
2018-05-02 16:10:28 INFO  rootLogger:232 - Text box 'AdviserEmail' object not null. Entered Value: 'myappssolutions50@yahoo.in'. Returning true.
2018-05-02 16:10:28 INFO  rootLogger:232 - Class: GlobalStepdefs; Method: enterInTheField : Complete
2018-05-02 16:10:28 INFO  rootLogger:232 - Class: GlobalStepdefs; Method: enterInTheField : Start
2018-05-02 16:10:28 INFO  rootLogger:232 - Class: Hooks; Method: getDriver
2018-05-02 16:10:28 INFO  rootLogger:232 - get driver object
2018-05-02 16:10:28 INFO  rootLogger:232 - Class: Page; Method: setTextBox
2018-05-02 16:10:28 INFO  rootLogger:232 - Current page name: Admin
2018-05-02 16:10:28 INFO  rootLogger:232 - Text box field name: AdviserMobileNo
2018-05-02 16:10:28 INFO  rootLogger:232 - Class: UtilFunctions; Method: getJSONFileObjBasedOnPageName
2018-05-02 16:10:28 INFO  rootLogger:232 - Class: UtilFunctions; Method: getElementStringAndType
2018-05-02 16:10:28 INFO  rootLogger:232 - Class: UtilFunctions; Method: getElementFromJSONFile
2018-05-02 16:10:28 INFO  rootLogger:232 - Return: null
2018-05-02 16:10:28 INFO  rootLogger:232 - Class: UtilFunctions; Method: getElementFromJSONFile
2018-05-02 16:10:28 INFO  rootLogger:232 - Return: input_mobileNumber
2018-05-02 16:10:28 INFO  rootLogger:232 - Class: UtilFunctions; Method: getElementFromJSONFile
2018-05-02 16:10:28 INFO  rootLogger:232 - Return: input_mobileNumber
2018-05-02 16:10:28 INFO  rootLogger:232 - id present
2018-05-02 16:10:28 INFO  rootLogger:232 - Text box textPath: input_mobileNumber
2018-05-02 16:10:28 INFO  rootLogger:232 - Text box textMethod: id
2018-05-02 16:10:29 INFO  rootLogger:232 - Class: Hooks; Method: getDriver
2018-05-02 16:10:29 INFO  rootLogger:232 - get driver object
2018-05-02 16:10:29 INFO  rootLogger:232 - Class: SeleniumFunctions; Method: setByValues
2018-05-02 16:10:29 INFO  rootLogger:232 - propField: input_mobileNumber;id
2018-05-02 16:10:29 INFO  rootLogger:232 - switchType: id
2018-05-02 16:10:29 INFO  rootLogger:232 - switchValue: input_mobileNumber
2018-05-02 16:10:29 INFO  rootLogger:232 - Class: SeleniumFunctions; Method: findElement
2018-05-02 16:10:29 INFO  rootLogger:232 - Class: SeleniumFunctions; Method: explicitWait
2018-05-02 16:10:29 INFO  rootLogger:232 - frame: 
2018-05-02 16:10:31 INFO  rootLogger:232 - Text box 'AdviserMobileNo' object not null. Entered Value: '9704687436'. Returning true.
2018-05-02 16:10:31 INFO  rootLogger:232 - Class: GlobalStepdefs; Method: enterInTheField : Complete
2018-05-02 16:10:31 INFO  rootLogger:232 - Class: GlobalStepdefs; Method: enterInTheField : Start
2018-05-02 16:10:31 INFO  rootLogger:232 - Class: Hooks; Method: getDriver
2018-05-02 16:10:31 INFO  rootLogger:232 - get driver object
2018-05-02 16:10:31 INFO  rootLogger:232 - Class: Page; Method: setTextBox
2018-05-02 16:10:31 INFO  rootLogger:232 - Current page name: Admin
2018-05-02 16:10:31 INFO  rootLogger:232 - Text box field name: AdviserPWD
2018-05-02 16:10:31 INFO  rootLogger:232 - Class: UtilFunctions; Method: getJSONFileObjBasedOnPageName
2018-05-02 16:10:31 INFO  rootLogger:232 - Class: UtilFunctions; Method: getElementStringAndType
2018-05-02 16:10:31 INFO  rootLogger:232 - Class: UtilFunctions; Method: getElementFromJSONFile
2018-05-02 16:10:31 INFO  rootLogger:232 - Return: null
2018-05-02 16:10:31 INFO  rootLogger:232 - Class: UtilFunctions; Method: getElementFromJSONFile
2018-05-02 16:10:31 INFO  rootLogger:232 - Return: input_password
2018-05-02 16:10:31 INFO  rootLogger:232 - Class: UtilFunctions; Method: getElementFromJSONFile
2018-05-02 16:10:31 INFO  rootLogger:232 - Return: input_password
2018-05-02 16:10:31 INFO  rootLogger:232 - id present
2018-05-02 16:10:31 INFO  rootLogger:232 - Text box textPath: input_password
2018-05-02 16:10:31 INFO  rootLogger:232 - Text box textMethod: id
2018-05-02 16:10:32 INFO  rootLogger:232 - Class: Hooks; Method: getDriver
2018-05-02 16:10:32 INFO  rootLogger:232 - get driver object
2018-05-02 16:10:32 INFO  rootLogger:232 - Class: SeleniumFunctions; Method: setByValues
2018-05-02 16:10:32 INFO  rootLogger:232 - propField: input_password;id
2018-05-02 16:10:32 INFO  rootLogger:232 - switchType: id
2018-05-02 16:10:32 INFO  rootLogger:232 - switchValue: input_password
2018-05-02 16:10:32 INFO  rootLogger:232 - Class: SeleniumFunctions; Method: findElement
2018-05-02 16:10:32 INFO  rootLogger:232 - Class: SeleniumFunctions; Method: explicitWait
2018-05-02 16:10:32 INFO  rootLogger:232 - frame: 
2018-05-02 16:10:33 INFO  rootLogger:232 - Text box 'AdviserPWD' object not null. Entered Value: 'Raj@123456'. Returning true.
2018-05-02 16:10:33 INFO  rootLogger:232 - Class: GlobalStepdefs; Method: enterInTheField : Complete
2018-05-02 16:10:33 INFO  rootLogger:232 - Class: GlobalStepdefs; Method: clickButton : Start
2018-05-02 16:10:33 INFO  rootLogger:232 - Class: Hooks; Method: getDriver
2018-05-02 16:10:33 INFO  rootLogger:232 - get driver object
2018-05-02 16:10:33 INFO  rootLogger:232 - Class: Page; Method: clickButton
2018-05-02 16:10:33 INFO  rootLogger:232 - Current page name: Admin
2018-05-02 16:10:33 INFO  rootLogger:232 - Button to be clicked: Save
2018-05-02 16:10:33 INFO  rootLogger:232 - Class: UtilFunctions; Method: getJSONFileObjBasedOnPageName
2018-05-02 16:10:33 INFO  rootLogger:232 - Class: UtilFunctions; Method: getElementStringAndType
2018-05-02 16:10:33 INFO  rootLogger:232 - Class: UtilFunctions; Method: getElementFromJSONFile
2018-05-02 16:10:33 INFO  rootLogger:232 - Return: null
2018-05-02 16:10:33 INFO  rootLogger:232 - Class: UtilFunctions; Method: getElementFromJSONFile
2018-05-02 16:10:33 INFO  rootLogger:232 - Return: button_save
2018-05-02 16:10:33 INFO  rootLogger:232 - Class: UtilFunctions; Method: getElementFromJSONFile
2018-05-02 16:10:33 INFO  rootLogger:232 - Return: button_save
2018-05-02 16:10:33 INFO  rootLogger:232 - id present
2018-05-02 16:10:33 INFO  rootLogger:232 - Class: SeleniumFunctions; Method: explicitWait
2018-05-02 16:10:33 INFO  rootLogger:232 - frame: button_save;id
2018-05-02 16:10:33 INFO  rootLogger:232 - Class: SeleniumFunctions; Method: setByValues
2018-05-02 16:10:33 INFO  rootLogger:232 - propField: button_save;id
2018-05-02 16:10:33 INFO  rootLogger:232 - switchType: id
2018-05-02 16:10:33 INFO  rootLogger:232 - switchValue: button_save
2018-05-02 16:10:33 INFO  rootLogger:232 - Class: SeleniumFunctions; Method: findElement
2018-05-02 16:10:33 INFO  rootLogger:232 - Class: SeleniumFunctions; Method: explicitWait
2018-05-02 16:10:33 INFO  rootLogger:232 - frame: 
2018-05-02 16:10:34 INFO  rootLogger:232 - Button 'Save' object not null and is clicked. Returning true.
2018-05-02 16:10:34 INFO  rootLogger:232 - Class: GlobalStepdefs; Method: clickButton : Complete
2018-05-02 16:10:34 INFO  rootLogger:232 - Class: GlobalStepdefs; Method: waitForSpecifiedTime : Start
2018-05-02 16:10:37 INFO  rootLogger:232 - Class: GlobalStepdefs; Method: waitForSpecifiedTime : Complete
2018-05-02 16:10:37 INFO  rootLogger:232 - Class: GlobalStepdefs; Method: clickButton : Start
2018-05-02 16:10:37 INFO  rootLogger:232 - Class: Hooks; Method: getDriver
2018-05-02 16:10:37 INFO  rootLogger:232 - get driver object
2018-05-02 16:10:37 INFO  rootLogger:232 - Class: Page; Method: clickButton
2018-05-02 16:10:37 INFO  rootLogger:232 - Current page name: Admin
2018-05-02 16:10:37 INFO  rootLogger:232 - Button to be clicked: OK2
2018-05-02 16:10:37 INFO  rootLogger:232 - Class: UtilFunctions; Method: getJSONFileObjBasedOnPageName
2018-05-02 16:10:37 INFO  rootLogger:232 - Class: UtilFunctions; Method: getElementStringAndType
2018-05-02 16:10:37 INFO  rootLogger:232 - Class: UtilFunctions; Method: getElementFromJSONFile
2018-05-02 16:10:37 INFO  rootLogger:232 - Return: //button[@class='consumerModuleButtons' and text()='OK']
2018-05-02 16:10:37 INFO  rootLogger:232 - Class: UtilFunctions; Method: getElementFromJSONFile
2018-05-02 16:10:37 INFO  rootLogger:232 - Return: //button[@class='consumerModuleButtons' and text()='OK']
2018-05-02 16:10:37 INFO  rootLogger:232 - xpath present
2018-05-02 16:10:37 INFO  rootLogger:232 - Class: SeleniumFunctions; Method: explicitWait
2018-05-02 16:10:37 INFO  rootLogger:232 - frame: //button[@class='consumerModuleButtons' and text()='OK'];xpath
2018-05-02 16:10:37 INFO  rootLogger:232 - Class: SeleniumFunctions; Method: setByValues
2018-05-02 16:10:37 INFO  rootLogger:232 - propField: //button[@class='consumerModuleButtons' and text()='OK'];xpath
2018-05-02 16:10:37 INFO  rootLogger:232 - switchType: xpath
2018-05-02 16:10:37 INFO  rootLogger:232 - switchValue: //button[@class='consumerModuleButtons' and text()='OK']
2018-05-02 16:10:37 INFO  rootLogger:232 - Class: SeleniumFunctions; Method: findElement
2018-05-02 16:10:37 INFO  rootLogger:232 - Class: SeleniumFunctions; Method: explicitWait
2018-05-02 16:10:37 INFO  rootLogger:232 - frame: 
2018-05-02 16:10:39 INFO  rootLogger:232 - Button 'OK2' object not null and is clicked. Returning true.
2018-05-02 16:10:39 INFO  rootLogger:232 - Class: GlobalStepdefs; Method: clickButton : Complete
2018-05-02 16:10:39 INFO  rootLogger:232 - Class: Hooks; Method: closeBrowserAndTakeScreenShot
2018-05-02 16:10:39 INFO  rootLogger:232 - Scenario: Verify Adding "New Adviser" complete.
