2018-03-05 12:57:15 INFO  rootLogger:230 - Class: UtilFunctions; Method: getValueFromTextFile
2018-03-05 12:57:15 INFO  rootLogger:230 - Value to read: APP
2018-03-05 12:57:15 INFO  rootLogger:230 - Class: UtilFunctions; Method: getValueFromTextFile
2018-03-05 12:57:15 INFO  rootLogger:230 - Value to read: SECTION
2018-03-05 12:57:15 INFO  rootLogger:230 - Class: UtilFunctions; Method: getValueFromTextFile
2018-03-05 12:57:15 INFO  rootLogger:230 - Value to read: TAG_NAME
2018-03-05 12:57:15 INFO  rootLogger:230 - Class: UtilFunctions; Method: getValueFromIniFile
2018-03-05 12:57:15 INFO  rootLogger:230 - SectionName: Huddil
2018-03-05 12:57:15 INFO  rootLogger:230 - KeyName: url
2018-03-05 12:57:15 INFO  rootLogger:230 - Value: http://198.1.85.118/
2018-03-05 12:57:15 INFO  rootLogger:230 - Returning: http://198.1.85.118/
2018-03-05 12:57:15 INFO  rootLogger:230 - Class: UtilFunctions; Method: getValueFromIniFile
2018-03-05 12:57:15 INFO  rootLogger:230 - SectionName: Huddil
2018-03-05 12:57:15 INFO  rootLogger:230 - KeyName: username
2018-03-05 12:57:15 INFO  rootLogger:230 - Value: reddyswethu26@gmail.com
2018-03-05 12:57:15 INFO  rootLogger:230 - Returning: reddyswethu26@gmail.com
2018-03-05 12:57:15 INFO  rootLogger:230 - Class: UtilFunctions; Method: getValueFromIniFile
2018-03-05 12:57:15 INFO  rootLogger:230 - SectionName: Huddil
2018-03-05 12:57:15 INFO  rootLogger:230 - KeyName: password
2018-03-05 12:57:15 INFO  rootLogger:230 - Value: password
2018-03-05 12:57:15 INFO  rootLogger:230 - Returning: password
2018-03-05 12:57:15 INFO  rootLogger:230 - Class: Hooks; Method: setUp
2018-03-05 12:57:15 INFO  rootLogger:230 - Scenario: Verify Search Options in Search Page starting.
2018-03-05 12:57:15 INFO  rootLogger:230 - Scenario Tag Name: @Sanity1
2018-03-05 12:57:16 INFO  rootLogger:230 - Class: LoginStepdefs; Method: applicationLogin : Start
2018-03-05 12:57:16 INFO  rootLogger:230 - Class: Hooks; Method: openBrowser
2018-03-05 12:57:16 INFO  rootLogger:230 - userName: swetha.r@myapps-solutions.com
2018-03-05 12:57:16 INFO  rootLogger:230 - Class: SetUpFile; Method: constructor
2018-03-05 12:57:16 INFO  rootLogger:230 - Initializing JSON files
2018-03-05 12:57:16 INFO  rootLogger:230 - Class: SetUpFile; Method: setUpBrowser
2018-03-05 12:57:40 INFO  rootLogger:230 - Firefox driver initialized
2018-03-05 12:57:42 INFO  rootLogger:230 - Class: Hooks; Method: setDriver
2018-03-05 12:57:42 INFO  rootLogger:230 - get driver object
2018-03-05 12:57:42 INFO  rootLogger:230 - Class: SetUpFile; Method: openURL
2018-03-05 12:58:04 INFO  rootLogger:230 - Class: Hooks; Method: closeBrowserAndTakeScreenShot
2018-03-05 12:58:04 INFO  rootLogger:230 - Scenario: Verify Search Options in Search Page - Failed
2018-03-05 12:58:04 INFO  rootLogger:230 - Class: Hooks; Method: takeScreenShot
2018-03-05 12:58:06 INFO  rootLogger:230 - Browser closed
2018-03-05 12:58:06 INFO  rootLogger:230 - Tried to kill process with PID: 3712
2018-03-05 12:58:06 INFO  rootLogger:230 - Scenario: Verify Search Options in Search Page complete.
2018-03-05 12:58:06 INFO  rootLogger:230 - Class: Hooks; Method: setUp
2018-03-05 12:58:06 INFO  rootLogger:230 - Scenario: Verify Filter Options in Search Page starting.
2018-03-05 12:58:06 INFO  rootLogger:230 - Scenario Tag Name: @Sanity1
2018-03-05 12:58:06 INFO  rootLogger:230 - Class: LoginStepdefs; Method: applicationLogin : Start
2018-03-05 12:58:06 INFO  rootLogger:230 - Class: Hooks; Method: openBrowser
2018-03-05 12:58:06 INFO  rootLogger:230 - userName: swetha.r@myapps-solutions.com
2018-03-05 12:58:06 INFO  rootLogger:230 - Class: SetUpFile; Method: setUpBrowser
2018-03-05 12:58:13 INFO  rootLogger:230 - Firefox driver initialized
2018-03-05 12:58:14 INFO  rootLogger:230 - Class: Hooks; Method: setDriver
2018-03-05 12:58:14 INFO  rootLogger:230 - get driver object
2018-03-05 12:58:14 INFO  rootLogger:230 - Class: SetUpFile; Method: openURL
2018-03-05 12:59:21 INFO  rootLogger:230 - Class: Hooks; Method: closeBrowserAndTakeScreenShot
2018-03-05 12:59:21 INFO  rootLogger:230 - Scenario: Verify Filter Options in Search Page - Failed
2018-03-05 12:59:21 INFO  rootLogger:230 - Class: Hooks; Method: takeScreenShot
2018-03-05 12:59:22 INFO  rootLogger:230 - Browser closed
2018-03-05 12:59:22 INFO  rootLogger:230 - Tried to kill process with PID: 9624
2018-03-05 12:59:22 INFO  rootLogger:230 - Scenario: Verify Filter Options in Search Page complete.
2018-03-05 12:59:22 INFO  rootLogger:230 - Class: Hooks; Method: setUp
2018-03-05 12:59:22 INFO  rootLogger:230 - Scenario: Verify Add Attendees starting.
2018-03-05 12:59:22 INFO  rootLogger:230 - Scenario Tag Name: @Sanity1
2018-03-05 12:59:22 INFO  rootLogger:230 - Class: LoginStepdefs; Method: applicationLogin : Start
2018-03-05 12:59:22 INFO  rootLogger:230 - Class: Hooks; Method: openBrowser
2018-03-05 12:59:22 INFO  rootLogger:230 - userName: swetha.r@myapps-solutions.com
2018-03-05 12:59:22 INFO  rootLogger:230 - Class: SetUpFile; Method: setUpBrowser
2018-03-05 12:59:28 INFO  rootLogger:230 - Firefox driver initialized
2018-03-05 12:59:30 INFO  rootLogger:230 - Class: Hooks; Method: setDriver
2018-03-05 12:59:30 INFO  rootLogger:230 - get driver object
2018-03-05 12:59:30 INFO  rootLogger:230 - Class: SetUpFile; Method: openURL
2018-03-05 13:01:59 INFO  rootLogger:230 - Class: Hooks; Method: closeBrowserAndTakeScreenShot
2018-03-05 13:01:59 INFO  rootLogger:230 - Scenario: Verify Add Attendees - Failed
2018-03-05 13:01:59 INFO  rootLogger:230 - Class: Hooks; Method: takeScreenShot
2018-03-05 13:01:59 INFO  rootLogger:230 - Browser closed
2018-03-05 13:01:59 INFO  rootLogger:230 - Tried to kill process with PID: 7492
2018-03-05 13:01:59 INFO  rootLogger:230 - Scenario: Verify Add Attendees complete.
2018-03-05 13:01:59 INFO  rootLogger:230 - Class: Hooks; Method: closeBrowser
