2018-05-31 12:04:37 INFO  rootLogger:232 - Class: Hooks; Method: setUp
2018-05-31 12:04:37 INFO  rootLogger:232 - Scenario: Verify Edit Admin Name starting.
2018-05-31 12:04:37 INFO  rootLogger:232 - Scenario Tag Name: @Sanity
2018-05-31 12:04:38 INFO  rootLogger:232 - Class: LoginStepdefs; Method: applicationLogin : Start
2018-05-31 12:04:38 INFO  rootLogger:232 - Class: Hooks; Method: openBrowser
2018-05-31 12:04:38 INFO  rootLogger:232 - userName: admin@huddil.com
2018-05-31 12:04:38 INFO  rootLogger:232 - Class: SetUpFile; Method: constructor
2018-05-31 12:04:38 INFO  rootLogger:232 - Initializing JSON files
2018-05-31 12:04:38 INFO  rootLogger:232 - Class: SetUpFile; Method: setUpBrowser
2018-05-31 12:04:41 INFO  rootLogger:232 - ChromeDriver initialized
2018-05-31 12:04:42 INFO  rootLogger:232 - Class: Hooks; Method: setDriver
2018-05-31 12:04:42 INFO  rootLogger:232 - get driver object
2018-05-31 12:04:42 INFO  rootLogger:232 - Class: SetUpFile; Method: openURL
2018-05-31 12:04:51 INFO  rootLogger:232 - Class: SetUpFile; Method: logInApplication
2018-05-31 12:04:51 INFO  rootLogger:232 - Class: UtilFunctions; Method: getJSONFileObjBasedOnPageName
2018-05-31 12:04:51 INFO  rootLogger:232 - Class: UtilFunctions; Method: getElementFromJSONFile
2018-05-31 12:04:51 INFO  rootLogger:232 - Return: username
2018-05-31 12:04:51 INFO  rootLogger:232 - Class: UtilFunctions; Method: getElementFromJSONFile
2018-05-31 12:04:51 INFO  rootLogger:232 - Return: password
2018-05-31 12:04:51 INFO  rootLogger:232 - Class: UtilFunctions; Method: getElementFromJSONFile
2018-05-31 12:04:51 INFO  rootLogger:232 - Return: null
2018-05-31 12:04:51 INFO  rootLogger:232 - Class: SeleniumFunctions; Method: findElement
2018-05-31 12:04:51 INFO  rootLogger:232 - Class: SeleniumFunctions; Method: explicitWait
2018-05-31 12:04:51 INFO  rootLogger:232 - frame: 
2018-05-31 12:04:51 INFO  rootLogger:232 - UserName: admin@huddil.com entered
2018-05-31 12:04:51 INFO  rootLogger:232 - Class: SeleniumFunctions; Method: findElement
2018-05-31 12:04:51 INFO  rootLogger:232 - Class: SeleniumFunctions; Method: explicitWait
2018-05-31 12:04:51 INFO  rootLogger:232 - frame: 
2018-05-31 12:04:51 INFO  rootLogger:232 - Password: password entered
2018-05-31 12:04:51 INFO  rootLogger:232 - Class: UtilFunctions; Method: getElementFromJSONFile
2018-05-31 12:04:51 INFO  rootLogger:232 - Return: //button[@class='consumerModuleButtons submitButton' and text()='Sign in']
2018-05-31 12:04:51 INFO  rootLogger:232 - Class: SeleniumFunctions; Method: setByValues
2018-05-31 12:04:51 INFO  rootLogger:232 - propField: //button[@class='consumerModuleButtons submitButton' and text()='Sign in']
2018-05-31 12:04:51 INFO  rootLogger:232 - switchType: xpath
2018-05-31 12:04:51 INFO  rootLogger:232 - switchValue: //button[@class='consumerModuleButtons submitButton' and text()='Sign in']
2018-05-31 12:04:51 INFO  rootLogger:232 - Class: SeleniumFunctions; Method: findElement
2018-05-31 12:04:51 INFO  rootLogger:232 - Class: SeleniumFunctions; Method: explicitWait
2018-05-31 12:04:51 INFO  rootLogger:232 - frame: 
2018-05-31 12:04:53 INFO  rootLogger:232 - Login button clicked
2018-05-31 12:04:53 INFO  rootLogger:232 - Class: SeleniumFunctions; Method: switchToNewWindow
2018-05-31 12:04:53 INFO  rootLogger:232 - parentWindow: CDwindow-6B659DBB8D70D9178D68AF25D4B80CA1
2018-05-31 12:04:53 INFO  rootLogger:232 - windowHandle: CDwindow-6B659DBB8D70D9178D68AF25D4B80CA1
2018-05-31 12:04:53 INFO  rootLogger:232 - Class: Hooks; Method: setDriver
2018-05-31 12:04:53 INFO  rootLogger:232 - get driver object
2018-05-31 12:04:53 INFO  rootLogger:232 - Class: LoginStepdefs; Method: applicationLogin : Complete
2018-05-31 12:04:53 INFO  rootLogger:232 - Class: GlobalStepdefs; Method: checkPageLoad : Start
2018-05-31 12:04:53 INFO  rootLogger:232 - Class: Hooks; Method: getDriver
2018-05-31 12:04:53 INFO  rootLogger:232 - get driver object
2018-05-31 12:04:53 INFO  rootLogger:232 - Class: Page; Method: findPage
2018-05-31 12:04:53 INFO  rootLogger:232 - Current tab name: Admin
2018-05-31 12:04:53 INFO  rootLogger:232 - PaneName: Admin
2018-05-31 12:04:53 INFO  rootLogger:232 - Class: UtilFunctions; Method: getJSONFileObjBasedOnPageName
2018-05-31 12:04:53 INFO  rootLogger:232 - Class: UtilFunctions; Method: getElementFromJSONFile
2018-05-31 12:04:53 INFO  rootLogger:232 - Exception: null
2018-05-31 12:04:53 INFO  rootLogger:232 - Pane xpath: null
2018-05-31 12:04:53 INFO  rootLogger:232 - Class: Hooks; Method: getDriver
2018-05-31 12:04:53 INFO  rootLogger:232 - get driver object
2018-05-31 12:04:53 INFO  rootLogger:232 - Class: SeleniumFunctions; Method: explicitWait
2018-05-31 12:04:53 INFO  rootLogger:232 - frame: 
2018-05-31 12:04:53 INFO  rootLogger:232 - Class: SeleniumFunctions; Method: findElement
2018-05-31 12:04:53 INFO  rootLogger:232 - Class: SeleniumFunctions; Method: explicitWait
2018-05-31 12:04:53 INFO  rootLogger:232 - frame: 
2018-05-31 12:04:54 INFO  rootLogger:232 - Class: GlobalStepdefs; Method: checkPageLoad : Complete
2018-05-31 12:04:54 INFO  rootLogger:232 - Class: GlobalStepdefs; Method: clickMiscElement : Start
2018-05-31 12:04:54 INFO  rootLogger:232 - Pagename: Admin
2018-05-31 12:04:54 INFO  rootLogger:232 - Class: Hooks; Method: getDriver
2018-05-31 12:04:54 INFO  rootLogger:232 - get driver object
2018-05-31 12:04:54 INFO  rootLogger:232 - Class: Page; Method: clickMiscElement
2018-05-31 12:04:54 INFO  rootLogger:232 - Current tab name: Admin
2018-05-31 12:04:54 INFO  rootLogger:232 - ImageName: UserProfile
2018-05-31 12:04:54 INFO  rootLogger:232 - Class: UtilFunctions; Method: getJSONFileObjBasedOnPageName
2018-05-31 12:04:54 INFO  rootLogger:232 - Class: UtilFunctions; Method: getElementStringAndType
2018-05-31 12:04:54 INFO  rootLogger:232 - Class: UtilFunctions; Method: getElementFromJSONFile
2018-05-31 12:04:54 INFO  rootLogger:232 - Return: //i[@class='fa fa-user-circle']
2018-05-31 12:04:54 INFO  rootLogger:232 - Class: UtilFunctions; Method: getElementFromJSONFile
2018-05-31 12:04:54 INFO  rootLogger:232 - Return: //i[@class='fa fa-user-circle']
2018-05-31 12:04:54 INFO  rootLogger:232 - xpath present
2018-05-31 12:04:54 INFO  rootLogger:232 - Class: SeleniumFunctions; Method: explicitWait
2018-05-31 12:04:54 INFO  rootLogger:232 - frame: //i[@class='fa fa-user-circle'];xpath
2018-05-31 12:05:00 INFO  rootLogger:232 - Class: SeleniumFunctions; Method: setByValues
2018-05-31 12:05:00 INFO  rootLogger:232 - propField: //i[@class='fa fa-user-circle'];xpath
2018-05-31 12:05:00 INFO  rootLogger:232 - switchType: xpath
2018-05-31 12:05:00 INFO  rootLogger:232 - switchValue: //i[@class='fa fa-user-circle']
2018-05-31 12:05:00 INFO  rootLogger:232 - Class: SeleniumFunctions; Method: findElement
2018-05-31 12:05:00 INFO  rootLogger:232 - Class: SeleniumFunctions; Method: explicitWait
2018-05-31 12:05:00 INFO  rootLogger:232 - frame: 
2018-05-31 12:05:02 INFO  rootLogger:232 - Element: 'UserProfile' exist and clicked. Returning true.
2018-05-31 12:05:02 INFO  rootLogger:232 - Class: GlobalStepdefs; Method: clickMiscElement : Start
2018-05-31 12:05:02 INFO  rootLogger:232 - Pagename: Admin
2018-05-31 12:05:02 INFO  rootLogger:232 - Class: Hooks; Method: getDriver
2018-05-31 12:05:02 INFO  rootLogger:232 - get driver object
2018-05-31 12:05:02 INFO  rootLogger:232 - Class: Page; Method: clickMiscElement
2018-05-31 12:05:02 INFO  rootLogger:232 - Current tab name: Admin
2018-05-31 12:05:02 INFO  rootLogger:232 - ImageName: EditProfile
2018-05-31 12:05:02 INFO  rootLogger:232 - Class: UtilFunctions; Method: getJSONFileObjBasedOnPageName
2018-05-31 12:05:02 INFO  rootLogger:232 - Class: UtilFunctions; Method: getElementStringAndType
2018-05-31 12:05:02 INFO  rootLogger:232 - Class: UtilFunctions; Method: getElementFromJSONFile
2018-05-31 12:05:02 INFO  rootLogger:232 - Return: //div[@class='userMenuSubFieldsContainer' and child::p[text()='Edit Profile']]
2018-05-31 12:05:02 INFO  rootLogger:232 - Class: UtilFunctions; Method: getElementFromJSONFile
2018-05-31 12:05:02 INFO  rootLogger:232 - Return: //div[@class='userMenuSubFieldsContainer' and child::p[text()='Edit Profile']]
2018-05-31 12:05:02 INFO  rootLogger:232 - xpath present
2018-05-31 12:05:02 INFO  rootLogger:232 - Class: SeleniumFunctions; Method: explicitWait
2018-05-31 12:05:02 INFO  rootLogger:232 - frame: //div[@class='userMenuSubFieldsContainer' and child::p[text()='Edit Profile']];xpath
2018-05-31 12:05:02 INFO  rootLogger:232 - Class: SeleniumFunctions; Method: setByValues
2018-05-31 12:05:02 INFO  rootLogger:232 - propField: //div[@class='userMenuSubFieldsContainer' and child::p[text()='Edit Profile']];xpath
2018-05-31 12:05:02 INFO  rootLogger:232 - switchType: xpath
2018-05-31 12:05:02 INFO  rootLogger:232 - switchValue: //div[@class='userMenuSubFieldsContainer' and child::p[text()='Edit Profile']]
2018-05-31 12:05:02 INFO  rootLogger:232 - Class: SeleniumFunctions; Method: findElement
2018-05-31 12:05:02 INFO  rootLogger:232 - Class: SeleniumFunctions; Method: explicitWait
2018-05-31 12:05:02 INFO  rootLogger:232 - frame: 
2018-05-31 12:05:03 INFO  rootLogger:232 - Element: 'EditProfile' exist and clicked. Returning true.
2018-05-31 12:05:03 INFO  rootLogger:232 - Class: GlobalStepdefs; Method: enterInTheField : Start
2018-05-31 12:05:03 INFO  rootLogger:232 - Class: Hooks; Method: getDriver
2018-05-31 12:05:03 INFO  rootLogger:232 - get driver object
2018-05-31 12:05:03 INFO  rootLogger:232 - Class: Page; Method: setTextBox
2018-05-31 12:05:03 INFO  rootLogger:232 - Current page name: Admin
2018-05-31 12:05:03 INFO  rootLogger:232 - Text box field name: Name
2018-05-31 12:05:03 INFO  rootLogger:232 - Class: UtilFunctions; Method: getJSONFileObjBasedOnPageName
2018-05-31 12:05:03 INFO  rootLogger:232 - Class: UtilFunctions; Method: getElementStringAndType
2018-05-31 12:05:03 INFO  rootLogger:232 - Class: UtilFunctions; Method: getElementFromJSONFile
2018-05-31 12:05:03 INFO  rootLogger:232 - Return: null
2018-05-31 12:05:03 INFO  rootLogger:232 - Class: UtilFunctions; Method: getElementFromJSONFile
2018-05-31 12:05:03 INFO  rootLogger:232 - Return: name
2018-05-31 12:05:03 INFO  rootLogger:232 - Class: UtilFunctions; Method: getElementFromJSONFile
2018-05-31 12:05:03 INFO  rootLogger:232 - Return: name
2018-05-31 12:05:03 INFO  rootLogger:232 - id present
2018-05-31 12:05:03 INFO  rootLogger:232 - Text box textPath: name
2018-05-31 12:05:03 INFO  rootLogger:232 - Text box textMethod: id
2018-05-31 12:05:04 INFO  rootLogger:232 - Class: Hooks; Method: getDriver
2018-05-31 12:05:04 INFO  rootLogger:232 - get driver object
2018-05-31 12:05:04 INFO  rootLogger:232 - Class: SeleniumFunctions; Method: setByValues
2018-05-31 12:05:04 INFO  rootLogger:232 - propField: name;id
2018-05-31 12:05:04 INFO  rootLogger:232 - switchType: id
2018-05-31 12:05:04 INFO  rootLogger:232 - switchValue: name
2018-05-31 12:05:04 INFO  rootLogger:232 - Class: SeleniumFunctions; Method: findElement
2018-05-31 12:05:04 INFO  rootLogger:232 - Class: SeleniumFunctions; Method: explicitWait
2018-05-31 12:05:04 INFO  rootLogger:232 - frame: 
2018-05-31 12:05:06 INFO  rootLogger:232 - Text box 'Name' object not null. Entered Value: 'Huddil Admin'. Returning true.
2018-05-31 12:05:06 INFO  rootLogger:232 - Class: GlobalStepdefs; Method: enterInTheField : Complete
2018-05-31 12:05:06 INFO  rootLogger:232 - Class: GlobalStepdefs; Method: clickButton : Start
2018-05-31 12:05:06 INFO  rootLogger:232 - Class: Hooks; Method: getDriver
2018-05-31 12:05:06 INFO  rootLogger:232 - get driver object
2018-05-31 12:05:06 INFO  rootLogger:232 - Class: Page; Method: clickButton
2018-05-31 12:05:06 INFO  rootLogger:232 - Current page name: Admin
2018-05-31 12:05:06 INFO  rootLogger:232 - Button to be clicked: Update
2018-05-31 12:05:06 INFO  rootLogger:232 - Class: UtilFunctions; Method: getJSONFileObjBasedOnPageName
2018-05-31 12:05:06 INFO  rootLogger:232 - Class: UtilFunctions; Method: getElementStringAndType
2018-05-31 12:05:06 INFO  rootLogger:232 - Class: UtilFunctions; Method: getElementFromJSONFile
2018-05-31 12:05:06 INFO  rootLogger:232 - Return: null
2018-05-31 12:05:06 INFO  rootLogger:232 - Class: UtilFunctions; Method: getElementFromJSONFile
2018-05-31 12:05:06 INFO  rootLogger:232 - Return: button_update
2018-05-31 12:05:06 INFO  rootLogger:232 - Class: UtilFunctions; Method: getElementFromJSONFile
2018-05-31 12:05:06 INFO  rootLogger:232 - Return: button_update
2018-05-31 12:05:06 INFO  rootLogger:232 - id present
2018-05-31 12:05:06 INFO  rootLogger:232 - Class: SeleniumFunctions; Method: explicitWait
2018-05-31 12:05:06 INFO  rootLogger:232 - frame: button_update;id
2018-05-31 12:05:06 INFO  rootLogger:232 - Class: SeleniumFunctions; Method: setByValues
2018-05-31 12:05:06 INFO  rootLogger:232 - propField: button_update;id
2018-05-31 12:05:06 INFO  rootLogger:232 - switchType: id
2018-05-31 12:05:06 INFO  rootLogger:232 - switchValue: button_update
2018-05-31 12:05:06 INFO  rootLogger:232 - Class: SeleniumFunctions; Method: findElement
2018-05-31 12:05:06 INFO  rootLogger:232 - Class: SeleniumFunctions; Method: explicitWait
2018-05-31 12:05:06 INFO  rootLogger:232 - frame: 
2018-05-31 12:05:07 INFO  rootLogger:232 - Button 'Update' object not null and is clicked. Returning true.
2018-05-31 12:05:07 INFO  rootLogger:232 - Class: GlobalStepdefs; Method: clickButton : Complete
2018-05-31 12:05:07 INFO  rootLogger:232 - Class: GlobalStepdefs; Method: clickButton : Start
2018-05-31 12:05:07 INFO  rootLogger:232 - Class: Hooks; Method: getDriver
2018-05-31 12:05:07 INFO  rootLogger:232 - get driver object
2018-05-31 12:05:07 INFO  rootLogger:232 - Class: Page; Method: clickButton
2018-05-31 12:05:07 INFO  rootLogger:232 - Current page name: Admin
2018-05-31 12:05:07 INFO  rootLogger:232 - Button to be clicked: OK
2018-05-31 12:05:07 INFO  rootLogger:232 - Class: UtilFunctions; Method: getJSONFileObjBasedOnPageName
2018-05-31 12:05:07 INFO  rootLogger:232 - Class: UtilFunctions; Method: getElementStringAndType
2018-05-31 12:05:07 INFO  rootLogger:232 - Class: UtilFunctions; Method: getElementFromJSONFile
2018-05-31 12:05:07 INFO  rootLogger:232 - Return: null
2018-05-31 12:05:07 INFO  rootLogger:232 - Class: UtilFunctions; Method: getElementFromJSONFile
2018-05-31 12:05:07 INFO  rootLogger:232 - Return: button_ok
2018-05-31 12:05:07 INFO  rootLogger:232 - Class: UtilFunctions; Method: getElementFromJSONFile
2018-05-31 12:05:07 INFO  rootLogger:232 - Return: button_ok
2018-05-31 12:05:07 INFO  rootLogger:232 - id present
2018-05-31 12:05:07 INFO  rootLogger:232 - Class: SeleniumFunctions; Method: explicitWait
2018-05-31 12:05:07 INFO  rootLogger:232 - frame: button_ok;id
2018-05-31 12:05:17 INFO  rootLogger:232 - Element not found after timeout of 10 seconds. Exception: Expected condition failed: waiting for visibility of element located by By.id: button_ok (tried for 10 second(s) with 500 MILLISECONDS interval)
2018-05-31 12:05:17 INFO  rootLogger:232 - Class: SeleniumFunctions; Method: setByValues
2018-05-31 12:05:17 INFO  rootLogger:232 - propField: button_ok;id
2018-05-31 12:05:17 INFO  rootLogger:232 - switchType: id
2018-05-31 12:05:17 INFO  rootLogger:232 - switchValue: button_ok
2018-05-31 12:05:17 INFO  rootLogger:232 - Class: SeleniumFunctions; Method: findElement
2018-05-31 12:05:17 INFO  rootLogger:232 - Class: SeleniumFunctions; Method: explicitWait
2018-05-31 12:05:17 INFO  rootLogger:232 - frame: 
2018-05-31 12:05:18 INFO  rootLogger:232 - Element not found after timeout of 1 seconds. Exception: Expected condition failed: waiting for visibility of element located by By.id: button_ok (tried for 1 second(s) with 500 MILLISECONDS interval)
2018-05-31 12:05:18 INFO  rootLogger:232 - Element not found. Returning null. Exception: no such element: Unable to locate element: {"method":"id","selector":"button_ok"}
  (Session info: chrome=66.0.3359.181)
  (Driver info: chromedriver=2.35.528161 (5b82f2d2aae0ca24b877009200ced9065a772e73),platform=Windows NT 6.1.7601 SP1 x86_64) (WARNING: The server did not provide any stacktrace information)
Command duration or timeout: 0 milliseconds
For documentation on this error, please visit: http://seleniumhq.org/exceptions/no_such_element.html
Build info: version: '3.5.3', revision: 'a88d25fe6b', time: '2017-08-29T12:42:44.417Z'
System info: host: 'LENOVO-PC', ip: '192.168.2.126', os.name: 'Windows 7', os.arch: 'amd64', os.version: '6.1', java.version: '1.8.0_162'
Driver info: org.openqa.selenium.chrome.ChromeDriver
Capabilities [{mobileEmulationEnabled=false, hasTouchScreen=false, platform=XP, acceptSslCerts=false, acceptInsecureCerts=false, webStorageEnabled=true, browserName=chrome, takesScreenshot=true, javascriptEnabled=true, platformName=XP, setWindowRect=true, unexpectedAlertBehaviour=, applicationCacheEnabled=false, rotatable=false, networkConnectionEnabled=false, chrome={chromedriverVersion=2.35.528161 (5b82f2d2aae0ca24b877009200ced9065a772e73), userDataDir=C:\Users\Lenovo\AppData\Local\Temp\scoped_dir5520_16819}, takesHeapSnapshot=true, pageLoadStrategy=normal, unhandledPromptBehavior=, databaseEnabled=false, handlesAlerts=true, version=66.0.3359.181, browserConnectionEnabled=false, nativeEvents=true, locationContextEnabled=true, cssSelectorsEnabled=true}]
Session ID: 912d065314716e3faba0168f533133d6
*** Element info: {Using=id, value=button_ok}
2018-05-31 12:05:18 INFO  rootLogger:232 - Button 'OK' object null. Returning false.
2018-05-31 12:05:18 INFO  rootLogger:232 - Class: Hooks; Method: closeBrowserAndTakeScreenShot
2018-05-31 12:05:18 INFO  rootLogger:232 - Scenario: Verify Edit Admin Name - Failed
2018-05-31 12:05:18 INFO  rootLogger:232 - Class: Hooks; Method: takeScreenShot
2018-05-31 12:05:19 INFO  rootLogger:232 - Browser closed
2018-05-31 12:05:19 INFO  rootLogger:232 - Tried to kill process with PID: 4652
2018-05-31 12:05:19 INFO  rootLogger:232 - Scenario: Verify Edit Admin Name complete.
