2018-06-04 17:33:47 INFO  rootLogger:232 - Class: Hooks; Method: setUp
2018-06-04 17:33:47 INFO  rootLogger:232 - Scenario: Verify Payment Details using search in Payments starting.
2018-06-04 17:33:47 INFO  rootLogger:232 - Scenario Tag Name: @Sanity
2018-06-04 17:33:47 INFO  rootLogger:232 - Class: LoginStepdefs; Method: applicationLogin : Start
2018-06-04 17:33:47 INFO  rootLogger:232 - Class: Hooks; Method: openBrowser
2018-06-04 17:33:47 INFO  rootLogger:232 - userName: admin@huddil.com
2018-06-04 17:33:47 INFO  rootLogger:232 - Class: SetUpFile; Method: constructor
2018-06-04 17:33:47 INFO  rootLogger:232 - Initializing JSON files
2018-06-04 17:33:47 INFO  rootLogger:232 - Class: SetUpFile; Method: setUpBrowser
2018-06-04 17:33:51 INFO  rootLogger:232 - ChromeDriver initialized
2018-06-04 17:33:52 INFO  rootLogger:232 - Class: Hooks; Method: setDriver
2018-06-04 17:33:52 INFO  rootLogger:232 - get driver object
2018-06-04 17:33:52 INFO  rootLogger:232 - Class: SetUpFile; Method: openURL
2018-06-04 17:34:01 INFO  rootLogger:232 - Class: SetUpFile; Method: logInApplication
2018-06-04 17:34:01 INFO  rootLogger:232 - Class: UtilFunctions; Method: getJSONFileObjBasedOnPageName
2018-06-04 17:34:01 INFO  rootLogger:232 - Class: UtilFunctions; Method: getElementFromJSONFile
2018-06-04 17:34:01 INFO  rootLogger:232 - Return: username
2018-06-04 17:34:01 INFO  rootLogger:232 - Class: UtilFunctions; Method: getElementFromJSONFile
2018-06-04 17:34:01 INFO  rootLogger:232 - Return: password
2018-06-04 17:34:01 INFO  rootLogger:232 - Class: UtilFunctions; Method: getElementFromJSONFile
2018-06-04 17:34:01 INFO  rootLogger:232 - Return: null
2018-06-04 17:34:01 INFO  rootLogger:232 - Class: SeleniumFunctions; Method: findElement
2018-06-04 17:34:01 INFO  rootLogger:232 - Class: SeleniumFunctions; Method: explicitWait
2018-06-04 17:34:01 INFO  rootLogger:232 - frame: 
2018-06-04 17:34:01 INFO  rootLogger:232 - UserName: admin@huddil.com entered
2018-06-04 17:34:01 INFO  rootLogger:232 - Class: SeleniumFunctions; Method: findElement
2018-06-04 17:34:01 INFO  rootLogger:232 - Class: SeleniumFunctions; Method: explicitWait
2018-06-04 17:34:01 INFO  rootLogger:232 - frame: 
2018-06-04 17:34:01 INFO  rootLogger:232 - Password: password entered
2018-06-04 17:34:01 INFO  rootLogger:232 - Class: UtilFunctions; Method: getElementFromJSONFile
2018-06-04 17:34:01 INFO  rootLogger:232 - Return: //button[@class='consumerModuleButtons submitButton' and text()='Sign in']
2018-06-04 17:34:01 INFO  rootLogger:232 - Class: SeleniumFunctions; Method: setByValues
2018-06-04 17:34:01 INFO  rootLogger:232 - propField: //button[@class='consumerModuleButtons submitButton' and text()='Sign in']
2018-06-04 17:34:01 INFO  rootLogger:232 - switchType: xpath
2018-06-04 17:34:01 INFO  rootLogger:232 - switchValue: //button[@class='consumerModuleButtons submitButton' and text()='Sign in']
2018-06-04 17:34:01 INFO  rootLogger:232 - Class: SeleniumFunctions; Method: findElement
2018-06-04 17:34:01 INFO  rootLogger:232 - Class: SeleniumFunctions; Method: explicitWait
2018-06-04 17:34:01 INFO  rootLogger:232 - frame: 
2018-06-04 17:34:03 INFO  rootLogger:232 - Login button clicked
2018-06-04 17:34:03 INFO  rootLogger:232 - Class: SeleniumFunctions; Method: switchToNewWindow
2018-06-04 17:34:03 INFO  rootLogger:232 - parentWindow: CDwindow-CF294335692AC3E3E53836D435615450
2018-06-04 17:34:03 INFO  rootLogger:232 - windowHandle: CDwindow-CF294335692AC3E3E53836D435615450
2018-06-04 17:34:03 INFO  rootLogger:232 - Class: Hooks; Method: setDriver
2018-06-04 17:34:03 INFO  rootLogger:232 - get driver object
2018-06-04 17:34:03 INFO  rootLogger:232 - Class: LoginStepdefs; Method: applicationLogin : Complete
2018-06-04 17:34:03 INFO  rootLogger:232 - Class: GlobalStepdefs; Method: checkPageLoad : Start
2018-06-04 17:34:03 INFO  rootLogger:232 - Class: Hooks; Method: getDriver
2018-06-04 17:34:03 INFO  rootLogger:232 - get driver object
2018-06-04 17:34:03 INFO  rootLogger:232 - Class: Page; Method: findPage
2018-06-04 17:34:03 INFO  rootLogger:232 - Current tab name: Admin
2018-06-04 17:34:03 INFO  rootLogger:232 - PaneName: Admin
2018-06-04 17:34:03 INFO  rootLogger:232 - Class: UtilFunctions; Method: getJSONFileObjBasedOnPageName
2018-06-04 17:34:03 INFO  rootLogger:232 - Class: UtilFunctions; Method: getElementFromJSONFile
2018-06-04 17:34:03 INFO  rootLogger:232 - Exception: null
2018-06-04 17:34:03 INFO  rootLogger:232 - Pane xpath: null
2018-06-04 17:34:03 INFO  rootLogger:232 - Class: Hooks; Method: getDriver
2018-06-04 17:34:03 INFO  rootLogger:232 - get driver object
2018-06-04 17:34:03 INFO  rootLogger:232 - Class: SeleniumFunctions; Method: explicitWait
2018-06-04 17:34:03 INFO  rootLogger:232 - frame: 
2018-06-04 17:34:04 INFO  rootLogger:232 - Class: SeleniumFunctions; Method: findElement
2018-06-04 17:34:04 INFO  rootLogger:232 - Class: SeleniumFunctions; Method: explicitWait
2018-06-04 17:34:04 INFO  rootLogger:232 - frame: 
2018-06-04 17:34:04 INFO  rootLogger:232 - Class: GlobalStepdefs; Method: checkPageLoad : Complete
2018-06-04 17:34:04 INFO  rootLogger:232 - Class: GlobalStepdefs; Method: clickMiscElement : Start
2018-06-04 17:34:04 INFO  rootLogger:232 - Pagename: Admin
2018-06-04 17:34:04 INFO  rootLogger:232 - Class: Hooks; Method: getDriver
2018-06-04 17:34:04 INFO  rootLogger:232 - get driver object
2018-06-04 17:34:04 INFO  rootLogger:232 - Class: Page; Method: clickMiscElement
2018-06-04 17:34:04 INFO  rootLogger:232 - Current tab name: Admin
2018-06-04 17:34:04 INFO  rootLogger:232 - ImageName: Payments
2018-06-04 17:34:04 INFO  rootLogger:232 - Class: UtilFunctions; Method: getJSONFileObjBasedOnPageName
2018-06-04 17:34:04 INFO  rootLogger:232 - Class: UtilFunctions; Method: getElementStringAndType
2018-06-04 17:34:04 INFO  rootLogger:232 - Class: UtilFunctions; Method: getElementFromJSONFile
2018-06-04 17:34:04 INFO  rootLogger:232 - Return: //div[contains (@class,'sideMenuItem') and child::p[text()='Payments']]
2018-06-04 17:34:04 INFO  rootLogger:232 - Class: UtilFunctions; Method: getElementFromJSONFile
2018-06-04 17:34:04 INFO  rootLogger:232 - Return: //div[contains (@class,'sideMenuItem') and child::p[text()='Payments']]
2018-06-04 17:34:04 INFO  rootLogger:232 - xpath present
2018-06-04 17:34:04 INFO  rootLogger:232 - Class: SeleniumFunctions; Method: explicitWait
2018-06-04 17:34:04 INFO  rootLogger:232 - frame: //div[contains (@class,'sideMenuItem') and child::p[text()='Payments']];xpath
2018-06-04 17:34:04 INFO  rootLogger:232 - Class: SeleniumFunctions; Method: setByValues
2018-06-04 17:34:04 INFO  rootLogger:232 - propField: //div[contains (@class,'sideMenuItem') and child::p[text()='Payments']];xpath
2018-06-04 17:34:04 INFO  rootLogger:232 - switchType: xpath
2018-06-04 17:34:04 INFO  rootLogger:232 - switchValue: //div[contains (@class,'sideMenuItem') and child::p[text()='Payments']]
2018-06-04 17:34:04 INFO  rootLogger:232 - Class: SeleniumFunctions; Method: findElement
2018-06-04 17:34:04 INFO  rootLogger:232 - Class: SeleniumFunctions; Method: explicitWait
2018-06-04 17:34:04 INFO  rootLogger:232 - frame: 
2018-06-04 17:34:05 INFO  rootLogger:232 - Element: 'Payments' exist and clicked. Returning true.
2018-06-04 17:34:05 INFO  rootLogger:232 - Class: GlobalStepdefs; Method: selectFromDropdown : Start
2018-06-04 17:34:05 INFO  rootLogger:232 - Class: Hooks; Method: getDriver
2018-06-04 17:34:05 INFO  rootLogger:232 - get driver object
2018-06-04 17:34:05 INFO  rootLogger:232 - Class: Page; Method: selectDropDownInPane
2018-06-04 17:34:05 INFO  rootLogger:232 - Current tab name: Admin
2018-06-04 17:34:05 INFO  rootLogger:232 - Class: UtilFunctions; Method: getJSONFileObjBasedOnPageName
2018-06-04 17:34:05 INFO  rootLogger:232 - PaneName: Admin
2018-06-04 17:34:05 INFO  rootLogger:232 - Dropdown Name: SelectMonth
2018-06-04 17:34:05 INFO  rootLogger:232 - Class: UtilFunctions; Method: getElementStringAndType
2018-06-04 17:34:05 INFO  rootLogger:232 - Class: UtilFunctions; Method: getElementFromJSONFile
2018-06-04 17:34:05 INFO  rootLogger:232 - Return: null
2018-06-04 17:34:05 INFO  rootLogger:232 - Class: UtilFunctions; Method: getElementFromJSONFile
2018-06-04 17:34:05 INFO  rootLogger:232 - Return: select_month
2018-06-04 17:34:05 INFO  rootLogger:232 - Class: UtilFunctions; Method: getElementFromJSONFile
2018-06-04 17:34:05 INFO  rootLogger:232 - Return: select_month
2018-06-04 17:34:05 INFO  rootLogger:232 - id present
2018-06-04 17:34:05 INFO  rootLogger:232 - Class: Page; Method: selectDropDownOption
2018-06-04 17:34:05 INFO  rootLogger:232 - Class: SeleniumFunctions; Method: explicitWait
2018-06-04 17:34:05 INFO  rootLogger:232 - frame: select_month;id
2018-06-04 17:34:05 INFO  rootLogger:232 - Class: SeleniumFunctions; Method: setByValues
2018-06-04 17:34:05 INFO  rootLogger:232 - propField: select_month;id
2018-06-04 17:34:05 INFO  rootLogger:232 - switchType: id
2018-06-04 17:34:05 INFO  rootLogger:232 - switchValue: select_month
2018-06-04 17:34:05 INFO  rootLogger:232 - Class: SeleniumFunctions; Method: findElement
2018-06-04 17:34:05 INFO  rootLogger:232 - Class: SeleniumFunctions; Method: explicitWait
2018-06-04 17:34:05 INFO  rootLogger:232 - frame: 
2018-06-04 17:34:05 INFO  rootLogger:232 - Drop down element not null
2018-06-04 17:34:05 INFO  rootLogger:232 - Class: Page; Method: selectDropDownOption
2018-06-04 17:34:05 INFO  rootLogger:232 - Class: Page; Method: selectDropDownInPane
2018-06-04 17:34:05 INFO  rootLogger:232 - Class: GlobalStepdefs; Method: selectFromDropdown : Complete
2018-06-04 17:34:05 INFO  rootLogger:232 - Class: GlobalStepdefs; Method: selectFromDropdown : Start
2018-06-04 17:34:05 INFO  rootLogger:232 - Class: Hooks; Method: getDriver
2018-06-04 17:34:05 INFO  rootLogger:232 - get driver object
2018-06-04 17:34:05 INFO  rootLogger:232 - Class: Page; Method: selectDropDownInPane
2018-06-04 17:34:05 INFO  rootLogger:232 - Current tab name: Admin
2018-06-04 17:34:05 INFO  rootLogger:232 - Class: UtilFunctions; Method: getJSONFileObjBasedOnPageName
2018-06-04 17:34:05 INFO  rootLogger:232 - PaneName: Admin
2018-06-04 17:34:05 INFO  rootLogger:232 - Dropdown Name: SelectYear
2018-06-04 17:34:05 INFO  rootLogger:232 - Class: UtilFunctions; Method: getElementStringAndType
2018-06-04 17:34:05 INFO  rootLogger:232 - Class: UtilFunctions; Method: getElementFromJSONFile
2018-06-04 17:34:05 INFO  rootLogger:232 - Return: null
2018-06-04 17:34:05 INFO  rootLogger:232 - Class: UtilFunctions; Method: getElementFromJSONFile
2018-06-04 17:34:05 INFO  rootLogger:232 - Return: select_year
2018-06-04 17:34:05 INFO  rootLogger:232 - Class: UtilFunctions; Method: getElementFromJSONFile
2018-06-04 17:34:05 INFO  rootLogger:232 - Return: select_year
2018-06-04 17:34:05 INFO  rootLogger:232 - id present
2018-06-04 17:34:05 INFO  rootLogger:232 - Class: Page; Method: selectDropDownOption
2018-06-04 17:34:05 INFO  rootLogger:232 - Class: SeleniumFunctions; Method: explicitWait
2018-06-04 17:34:05 INFO  rootLogger:232 - frame: select_year;id
2018-06-04 17:34:05 INFO  rootLogger:232 - Class: SeleniumFunctions; Method: setByValues
2018-06-04 17:34:05 INFO  rootLogger:232 - propField: select_year;id
2018-06-04 17:34:05 INFO  rootLogger:232 - switchType: id
2018-06-04 17:34:05 INFO  rootLogger:232 - switchValue: select_year
2018-06-04 17:34:05 INFO  rootLogger:232 - Class: SeleniumFunctions; Method: findElement
2018-06-04 17:34:05 INFO  rootLogger:232 - Class: SeleniumFunctions; Method: explicitWait
2018-06-04 17:34:05 INFO  rootLogger:232 - frame: 
2018-06-04 17:34:05 INFO  rootLogger:232 - Drop down element not null
2018-06-04 17:34:05 INFO  rootLogger:232 - Class: Page; Method: selectDropDownOption
2018-06-04 17:34:05 INFO  rootLogger:232 - Class: Page; Method: selectDropDownInPane
2018-06-04 17:34:05 INFO  rootLogger:232 - Class: GlobalStepdefs; Method: selectFromDropdown : Complete
2018-06-04 17:34:05 INFO  rootLogger:232 - Class: GlobalStepdefs; Method: selectFromDropdown : Start
2018-06-04 17:34:05 INFO  rootLogger:232 - Class: Hooks; Method: getDriver
2018-06-04 17:34:05 INFO  rootLogger:232 - get driver object
2018-06-04 17:34:05 INFO  rootLogger:232 - Class: Page; Method: selectDropDownInPane
2018-06-04 17:34:05 INFO  rootLogger:232 - Current tab name: Admin
2018-06-04 17:34:05 INFO  rootLogger:232 - Class: UtilFunctions; Method: getJSONFileObjBasedOnPageName
2018-06-04 17:34:05 INFO  rootLogger:232 - PaneName: Admin
2018-06-04 17:34:05 INFO  rootLogger:232 - Dropdown Name: AllCities
2018-06-04 17:34:05 INFO  rootLogger:232 - Class: UtilFunctions; Method: getElementStringAndType
2018-06-04 17:34:05 INFO  rootLogger:232 - Class: UtilFunctions; Method: getElementFromJSONFile
2018-06-04 17:34:05 INFO  rootLogger:232 - Return: null
2018-06-04 17:34:05 INFO  rootLogger:232 - Class: UtilFunctions; Method: getElementFromJSONFile
2018-06-04 17:34:05 INFO  rootLogger:232 - Return: select_city
2018-06-04 17:34:05 INFO  rootLogger:232 - Class: UtilFunctions; Method: getElementFromJSONFile
2018-06-04 17:34:05 INFO  rootLogger:232 - Return: select_city
2018-06-04 17:34:05 INFO  rootLogger:232 - id present
2018-06-04 17:34:05 INFO  rootLogger:232 - Class: Page; Method: selectDropDownOption
2018-06-04 17:34:05 INFO  rootLogger:232 - Class: SeleniumFunctions; Method: explicitWait
2018-06-04 17:34:05 INFO  rootLogger:232 - frame: select_city;id
2018-06-04 17:34:06 INFO  rootLogger:232 - Class: SeleniumFunctions; Method: setByValues
2018-06-04 17:34:06 INFO  rootLogger:232 - propField: select_city;id
2018-06-04 17:34:06 INFO  rootLogger:232 - switchType: id
2018-06-04 17:34:06 INFO  rootLogger:232 - switchValue: select_city
2018-06-04 17:34:06 INFO  rootLogger:232 - Class: SeleniumFunctions; Method: findElement
2018-06-04 17:34:06 INFO  rootLogger:232 - Class: SeleniumFunctions; Method: explicitWait
2018-06-04 17:34:06 INFO  rootLogger:232 - frame: 
2018-06-04 17:34:06 INFO  rootLogger:232 - Drop down element not null
2018-06-04 17:34:06 INFO  rootLogger:232 - Class: Page; Method: selectDropDownOption
2018-06-04 17:34:06 INFO  rootLogger:232 - Class: Page; Method: selectDropDownInPane
2018-06-04 17:34:06 INFO  rootLogger:232 - Class: GlobalStepdefs; Method: selectFromDropdown : Complete
2018-06-04 17:34:06 INFO  rootLogger:232 - Class: GlobalStepdefs; Method: enterInTheField : Start
2018-06-04 17:34:06 INFO  rootLogger:232 - Class: Hooks; Method: getDriver
2018-06-04 17:34:06 INFO  rootLogger:232 - get driver object
2018-06-04 17:34:06 INFO  rootLogger:232 - Class: Page; Method: setTextBox
2018-06-04 17:34:06 INFO  rootLogger:232 - Current page name: Admin
2018-06-04 17:34:06 INFO  rootLogger:232 - Text box field name: ServiceProvider
2018-06-04 17:34:06 INFO  rootLogger:232 - Class: UtilFunctions; Method: getJSONFileObjBasedOnPageName
2018-06-04 17:34:06 INFO  rootLogger:232 - Class: UtilFunctions; Method: getElementStringAndType
2018-06-04 17:34:06 INFO  rootLogger:232 - Class: UtilFunctions; Method: getElementFromJSONFile
2018-06-04 17:34:06 INFO  rootLogger:232 - Return: null
2018-06-04 17:34:06 INFO  rootLogger:232 - Class: UtilFunctions; Method: getElementFromJSONFile
2018-06-04 17:34:06 INFO  rootLogger:232 - Return: input_spName
2018-06-04 17:34:06 INFO  rootLogger:232 - Class: UtilFunctions; Method: getElementFromJSONFile
2018-06-04 17:34:06 INFO  rootLogger:232 - Return: input_spName
2018-06-04 17:34:06 INFO  rootLogger:232 - id present
2018-06-04 17:34:06 INFO  rootLogger:232 - Text box textPath: input_spName
2018-06-04 17:34:06 INFO  rootLogger:232 - Text box textMethod: id
2018-06-04 17:34:07 INFO  rootLogger:232 - Class: Hooks; Method: getDriver
2018-06-04 17:34:07 INFO  rootLogger:232 - get driver object
2018-06-04 17:34:07 INFO  rootLogger:232 - Class: SeleniumFunctions; Method: setByValues
2018-06-04 17:34:07 INFO  rootLogger:232 - propField: input_spName;id
2018-06-04 17:34:07 INFO  rootLogger:232 - switchType: id
2018-06-04 17:34:07 INFO  rootLogger:232 - switchValue: input_spName
2018-06-04 17:34:07 INFO  rootLogger:232 - Class: SeleniumFunctions; Method: findElement
2018-06-04 17:34:07 INFO  rootLogger:232 - Class: SeleniumFunctions; Method: explicitWait
2018-06-04 17:34:07 INFO  rootLogger:232 - frame: 
2018-06-04 17:34:08 INFO  rootLogger:232 - Text box 'ServiceProvider' object not null. Entered Value: 'aparna.b@myapps-solutions.com'. Returning true.
2018-06-04 17:34:08 INFO  rootLogger:232 - Class: GlobalStepdefs; Method: enterInTheField : Complete
2018-06-04 17:34:08 INFO  rootLogger:232 - Class: GlobalStepdefs; Method: clickButton : Start
2018-06-04 17:34:08 INFO  rootLogger:232 - Class: Hooks; Method: getDriver
2018-06-04 17:34:08 INFO  rootLogger:232 - get driver object
2018-06-04 17:34:08 INFO  rootLogger:232 - Class: Page; Method: clickButton
2018-06-04 17:34:08 INFO  rootLogger:232 - Current page name: Admin
2018-06-04 17:34:08 INFO  rootLogger:232 - Button to be clicked: PaymentsSearch
2018-06-04 17:34:08 INFO  rootLogger:232 - Class: UtilFunctions; Method: getJSONFileObjBasedOnPageName
2018-06-04 17:34:08 INFO  rootLogger:232 - Class: UtilFunctions; Method: getElementStringAndType
2018-06-04 17:34:08 INFO  rootLogger:232 - Class: UtilFunctions; Method: getElementFromJSONFile
2018-06-04 17:34:08 INFO  rootLogger:232 - Return: null
2018-06-04 17:34:08 INFO  rootLogger:232 - Class: UtilFunctions; Method: getElementFromJSONFile
2018-06-04 17:34:08 INFO  rootLogger:232 - Return: button_search
2018-06-04 17:34:08 INFO  rootLogger:232 - Class: UtilFunctions; Method: getElementFromJSONFile
2018-06-04 17:34:08 INFO  rootLogger:232 - Return: button_search
2018-06-04 17:34:08 INFO  rootLogger:232 - id present
2018-06-04 17:34:08 INFO  rootLogger:232 - Class: SeleniumFunctions; Method: explicitWait
2018-06-04 17:34:08 INFO  rootLogger:232 - frame: button_search;id
2018-06-04 17:34:08 INFO  rootLogger:232 - Class: SeleniumFunctions; Method: setByValues
2018-06-04 17:34:08 INFO  rootLogger:232 - propField: button_search;id
2018-06-04 17:34:08 INFO  rootLogger:232 - switchType: id
2018-06-04 17:34:08 INFO  rootLogger:232 - switchValue: button_search
2018-06-04 17:34:08 INFO  rootLogger:232 - Class: SeleniumFunctions; Method: findElement
2018-06-04 17:34:08 INFO  rootLogger:232 - Class: SeleniumFunctions; Method: explicitWait
2018-06-04 17:34:08 INFO  rootLogger:232 - frame: 
2018-06-04 17:34:10 INFO  rootLogger:232 - Button 'PaymentsSearch' object not null and is clicked. Returning true.
2018-06-04 17:34:10 INFO  rootLogger:232 - Class: GlobalStepdefs; Method: clickButton : Complete
2018-06-04 17:34:10 INFO  rootLogger:232 - Class: Hooks; Method: closeBrowserAndTakeScreenShot
2018-06-04 17:34:10 INFO  rootLogger:232 - Scenario: Verify Payment Details using search in Payments complete.
