2018-05-09 10:44:08 INFO  rootLogger:232 - Class: Hooks; Method: setUp
2018-05-09 10:44:08 INFO  rootLogger:232 - Scenario: Verify Edit Admin Name starting.
2018-05-09 10:44:08 INFO  rootLogger:232 - Scenario Tag Name: @Sanity
2018-05-09 10:44:08 INFO  rootLogger:232 - Class: LoginStepdefs; Method: applicationLogin : Start
2018-05-09 10:44:08 INFO  rootLogger:232 - Class: Hooks; Method: openBrowser
2018-05-09 10:44:08 INFO  rootLogger:232 - userName: admin@huddil.com
2018-05-09 10:44:08 INFO  rootLogger:232 - Class: SetUpFile; Method: constructor
2018-05-09 10:44:08 INFO  rootLogger:232 - Initializing JSON files
2018-05-09 10:44:08 INFO  rootLogger:232 - Class: SetUpFile; Method: setUpBrowser
2018-05-09 10:44:12 INFO  rootLogger:232 - ChromeDriver initialized
2018-05-09 10:44:13 INFO  rootLogger:232 - Class: Hooks; Method: setDriver
2018-05-09 10:44:13 INFO  rootLogger:232 - get driver object
2018-05-09 10:44:13 INFO  rootLogger:232 - Class: SetUpFile; Method: openURL
2018-05-09 10:44:21 INFO  rootLogger:232 - Class: SetUpFile; Method: logInApplication
2018-05-09 10:44:21 INFO  rootLogger:232 - Class: UtilFunctions; Method: getJSONFileObjBasedOnPageName
2018-05-09 10:44:21 INFO  rootLogger:232 - Class: UtilFunctions; Method: getElementFromJSONFile
2018-05-09 10:44:21 INFO  rootLogger:232 - Return: username
2018-05-09 10:44:21 INFO  rootLogger:232 - Class: UtilFunctions; Method: getElementFromJSONFile
2018-05-09 10:44:21 INFO  rootLogger:232 - Return: password
2018-05-09 10:44:21 INFO  rootLogger:232 - Class: UtilFunctions; Method: getElementFromJSONFile
2018-05-09 10:44:21 INFO  rootLogger:232 - Return: null
2018-05-09 10:44:21 INFO  rootLogger:232 - Class: SeleniumFunctions; Method: findElement
2018-05-09 10:44:21 INFO  rootLogger:232 - Class: SeleniumFunctions; Method: explicitWait
2018-05-09 10:44:21 INFO  rootLogger:232 - frame: 
2018-05-09 10:44:22 INFO  rootLogger:232 - UserName: admin@huddil.com entered
2018-05-09 10:44:22 INFO  rootLogger:232 - Class: SeleniumFunctions; Method: findElement
2018-05-09 10:44:22 INFO  rootLogger:232 - Class: SeleniumFunctions; Method: explicitWait
2018-05-09 10:44:22 INFO  rootLogger:232 - frame: 
2018-05-09 10:44:22 INFO  rootLogger:232 - Password: password entered
2018-05-09 10:44:22 INFO  rootLogger:232 - Class: UtilFunctions; Method: getElementFromJSONFile
2018-05-09 10:44:22 INFO  rootLogger:232 - Return: //button[@class='consumerModuleButtons submitButton' and text()='Sign in']
2018-05-09 10:44:22 INFO  rootLogger:232 - Class: SeleniumFunctions; Method: setByValues
2018-05-09 10:44:22 INFO  rootLogger:232 - propField: //button[@class='consumerModuleButtons submitButton' and text()='Sign in']
2018-05-09 10:44:22 INFO  rootLogger:232 - switchType: xpath
2018-05-09 10:44:22 INFO  rootLogger:232 - switchValue: //button[@class='consumerModuleButtons submitButton' and text()='Sign in']
2018-05-09 10:44:22 INFO  rootLogger:232 - Class: SeleniumFunctions; Method: findElement
2018-05-09 10:44:22 INFO  rootLogger:232 - Class: SeleniumFunctions; Method: explicitWait
2018-05-09 10:44:22 INFO  rootLogger:232 - frame: 
2018-05-09 10:44:24 INFO  rootLogger:232 - Login button clicked
2018-05-09 10:44:24 INFO  rootLogger:232 - Class: SeleniumFunctions; Method: switchToNewWindow
2018-05-09 10:44:24 INFO  rootLogger:232 - parentWindow: CDwindow-BC3F03A756C8B3D85FB9E8F5BCD3DE26
2018-05-09 10:44:24 INFO  rootLogger:232 - windowHandle: CDwindow-BC3F03A756C8B3D85FB9E8F5BCD3DE26
2018-05-09 10:44:24 INFO  rootLogger:232 - Class: Hooks; Method: setDriver
2018-05-09 10:44:24 INFO  rootLogger:232 - get driver object
2018-05-09 10:44:24 INFO  rootLogger:232 - Class: LoginStepdefs; Method: applicationLogin : Complete
2018-05-09 10:44:24 INFO  rootLogger:232 - Class: GlobalStepdefs; Method: checkPageLoad : Start
2018-05-09 10:44:24 INFO  rootLogger:232 - Class: Hooks; Method: getDriver
2018-05-09 10:44:24 INFO  rootLogger:232 - get driver object
2018-05-09 10:44:24 INFO  rootLogger:232 - Class: Page; Method: findPage
2018-05-09 10:44:24 INFO  rootLogger:232 - Current tab name: Admin
2018-05-09 10:44:24 INFO  rootLogger:232 - PaneName: Admin
2018-05-09 10:44:24 INFO  rootLogger:232 - Class: UtilFunctions; Method: getJSONFileObjBasedOnPageName
2018-05-09 10:44:24 INFO  rootLogger:232 - Class: UtilFunctions; Method: getElementFromJSONFile
2018-05-09 10:44:24 INFO  rootLogger:232 - Exception: null
2018-05-09 10:44:24 INFO  rootLogger:232 - Pane xpath: null
2018-05-09 10:44:24 INFO  rootLogger:232 - Class: Hooks; Method: getDriver
2018-05-09 10:44:24 INFO  rootLogger:232 - get driver object
2018-05-09 10:44:24 INFO  rootLogger:232 - Class: SeleniumFunctions; Method: explicitWait
2018-05-09 10:44:24 INFO  rootLogger:232 - frame: 
2018-05-09 10:44:25 INFO  rootLogger:232 - Class: SeleniumFunctions; Method: findElement
2018-05-09 10:44:25 INFO  rootLogger:232 - Class: SeleniumFunctions; Method: explicitWait
2018-05-09 10:44:25 INFO  rootLogger:232 - frame: 
2018-05-09 10:44:25 INFO  rootLogger:232 - Class: GlobalStepdefs; Method: checkPageLoad : Complete
2018-05-09 10:44:25 INFO  rootLogger:232 - Class: GlobalStepdefs; Method: clickMiscElement : Start
2018-05-09 10:44:25 INFO  rootLogger:232 - Pagename: Admin
2018-05-09 10:44:25 INFO  rootLogger:232 - Class: Hooks; Method: getDriver
2018-05-09 10:44:25 INFO  rootLogger:232 - get driver object
2018-05-09 10:44:25 INFO  rootLogger:232 - Class: Page; Method: clickMiscElement
2018-05-09 10:44:25 INFO  rootLogger:232 - Current tab name: Admin
2018-05-09 10:44:25 INFO  rootLogger:232 - ImageName: UserProfile
2018-05-09 10:44:25 INFO  rootLogger:232 - Class: UtilFunctions; Method: getJSONFileObjBasedOnPageName
2018-05-09 10:44:25 INFO  rootLogger:232 - Class: UtilFunctions; Method: getElementStringAndType
2018-05-09 10:44:25 INFO  rootLogger:232 - Class: UtilFunctions; Method: getElementFromJSONFile
2018-05-09 10:44:25 INFO  rootLogger:232 - Return: //i[@class='fa fa-user-circle']
2018-05-09 10:44:25 INFO  rootLogger:232 - Class: UtilFunctions; Method: getElementFromJSONFile
2018-05-09 10:44:25 INFO  rootLogger:232 - Return: //i[@class='fa fa-user-circle']
2018-05-09 10:44:25 INFO  rootLogger:232 - xpath present
2018-05-09 10:44:25 INFO  rootLogger:232 - Class: SeleniumFunctions; Method: explicitWait
2018-05-09 10:44:25 INFO  rootLogger:232 - frame: //i[@class='fa fa-user-circle'];xpath
2018-05-09 10:44:25 INFO  rootLogger:232 - Class: SeleniumFunctions; Method: setByValues
2018-05-09 10:44:25 INFO  rootLogger:232 - propField: //i[@class='fa fa-user-circle'];xpath
2018-05-09 10:44:25 INFO  rootLogger:232 - switchType: xpath
2018-05-09 10:44:25 INFO  rootLogger:232 - switchValue: //i[@class='fa fa-user-circle']
2018-05-09 10:44:25 INFO  rootLogger:232 - Class: SeleniumFunctions; Method: findElement
2018-05-09 10:44:25 INFO  rootLogger:232 - Class: SeleniumFunctions; Method: explicitWait
2018-05-09 10:44:25 INFO  rootLogger:232 - frame: 
2018-05-09 10:44:26 INFO  rootLogger:232 - Element: 'UserProfile' exist and clicked. Returning true.
2018-05-09 10:44:26 INFO  rootLogger:232 - Class: GlobalStepdefs; Method: clickMiscElement : Start
2018-05-09 10:44:26 INFO  rootLogger:232 - Pagename: Admin
2018-05-09 10:44:26 INFO  rootLogger:232 - Class: Hooks; Method: getDriver
2018-05-09 10:44:26 INFO  rootLogger:232 - get driver object
2018-05-09 10:44:26 INFO  rootLogger:232 - Class: Page; Method: clickMiscElement
2018-05-09 10:44:26 INFO  rootLogger:232 - Current tab name: Admin
2018-05-09 10:44:26 INFO  rootLogger:232 - ImageName: EditProfile
2018-05-09 10:44:26 INFO  rootLogger:232 - Class: UtilFunctions; Method: getJSONFileObjBasedOnPageName
2018-05-09 10:44:26 INFO  rootLogger:232 - Class: UtilFunctions; Method: getElementStringAndType
2018-05-09 10:44:26 INFO  rootLogger:232 - Class: UtilFunctions; Method: getElementFromJSONFile
2018-05-09 10:44:26 INFO  rootLogger:232 - Return: //div[@class='userMenuSubFieldsContainer' and child::p[text()='Edit Profile']]
2018-05-09 10:44:26 INFO  rootLogger:232 - Class: UtilFunctions; Method: getElementFromJSONFile
2018-05-09 10:44:26 INFO  rootLogger:232 - Return: //div[@class='userMenuSubFieldsContainer' and child::p[text()='Edit Profile']]
2018-05-09 10:44:26 INFO  rootLogger:232 - xpath present
2018-05-09 10:44:26 INFO  rootLogger:232 - Class: SeleniumFunctions; Method: explicitWait
2018-05-09 10:44:26 INFO  rootLogger:232 - frame: //div[@class='userMenuSubFieldsContainer' and child::p[text()='Edit Profile']];xpath
2018-05-09 10:44:26 INFO  rootLogger:232 - Class: SeleniumFunctions; Method: setByValues
2018-05-09 10:44:26 INFO  rootLogger:232 - propField: //div[@class='userMenuSubFieldsContainer' and child::p[text()='Edit Profile']];xpath
2018-05-09 10:44:26 INFO  rootLogger:232 - switchType: xpath
2018-05-09 10:44:26 INFO  rootLogger:232 - switchValue: //div[@class='userMenuSubFieldsContainer' and child::p[text()='Edit Profile']]
2018-05-09 10:44:26 INFO  rootLogger:232 - Class: SeleniumFunctions; Method: findElement
2018-05-09 10:44:26 INFO  rootLogger:232 - Class: SeleniumFunctions; Method: explicitWait
2018-05-09 10:44:26 INFO  rootLogger:232 - frame: 
2018-05-09 10:44:27 INFO  rootLogger:232 - Element: 'EditProfile' exist and clicked. Returning true.
2018-05-09 10:44:27 INFO  rootLogger:232 - Class: GlobalStepdefs; Method: enterInTheField : Start
2018-05-09 10:44:27 INFO  rootLogger:232 - Class: Hooks; Method: getDriver
2018-05-09 10:44:27 INFO  rootLogger:232 - get driver object
2018-05-09 10:44:27 INFO  rootLogger:232 - Class: Page; Method: setTextBox
2018-05-09 10:44:27 INFO  rootLogger:232 - Current page name: Admin
2018-05-09 10:44:27 INFO  rootLogger:232 - Text box field name: Name
2018-05-09 10:44:27 INFO  rootLogger:232 - Class: UtilFunctions; Method: getJSONFileObjBasedOnPageName
2018-05-09 10:44:27 INFO  rootLogger:232 - Class: UtilFunctions; Method: getElementStringAndType
2018-05-09 10:44:27 INFO  rootLogger:232 - Class: UtilFunctions; Method: getElementFromJSONFile
2018-05-09 10:44:27 INFO  rootLogger:232 - Return: null
2018-05-09 10:44:27 INFO  rootLogger:232 - Class: UtilFunctions; Method: getElementFromJSONFile
2018-05-09 10:44:27 INFO  rootLogger:232 - Return: name
2018-05-09 10:44:27 INFO  rootLogger:232 - Class: UtilFunctions; Method: getElementFromJSONFile
2018-05-09 10:44:27 INFO  rootLogger:232 - Return: name
2018-05-09 10:44:27 INFO  rootLogger:232 - id present
2018-05-09 10:44:27 INFO  rootLogger:232 - Text box textPath: name
2018-05-09 10:44:27 INFO  rootLogger:232 - Text box textMethod: id
2018-05-09 10:44:28 INFO  rootLogger:232 - Class: Hooks; Method: getDriver
2018-05-09 10:44:28 INFO  rootLogger:232 - get driver object
2018-05-09 10:44:28 INFO  rootLogger:232 - Class: SeleniumFunctions; Method: setByValues
2018-05-09 10:44:28 INFO  rootLogger:232 - propField: name;id
2018-05-09 10:44:28 INFO  rootLogger:232 - switchType: id
2018-05-09 10:44:28 INFO  rootLogger:232 - switchValue: name
2018-05-09 10:44:28 INFO  rootLogger:232 - Class: SeleniumFunctions; Method: findElement
2018-05-09 10:44:28 INFO  rootLogger:232 - Class: SeleniumFunctions; Method: explicitWait
2018-05-09 10:44:28 INFO  rootLogger:232 - frame: 
2018-05-09 10:44:30 INFO  rootLogger:232 - Text box 'Name' object not null. Entered Value: 'Huddil Admin'. Returning true.
2018-05-09 10:44:30 INFO  rootLogger:232 - Class: GlobalStepdefs; Method: enterInTheField : Complete
2018-05-09 10:44:30 INFO  rootLogger:232 - Class: GlobalStepdefs; Method: clickButton : Start
2018-05-09 10:44:30 INFO  rootLogger:232 - Class: Hooks; Method: getDriver
2018-05-09 10:44:30 INFO  rootLogger:232 - get driver object
2018-05-09 10:44:30 INFO  rootLogger:232 - Class: Page; Method: clickButton
2018-05-09 10:44:30 INFO  rootLogger:232 - Current page name: Admin
2018-05-09 10:44:30 INFO  rootLogger:232 - Button to be clicked: Update
2018-05-09 10:44:30 INFO  rootLogger:232 - Class: UtilFunctions; Method: getJSONFileObjBasedOnPageName
2018-05-09 10:44:30 INFO  rootLogger:232 - Class: UtilFunctions; Method: getElementStringAndType
2018-05-09 10:44:30 INFO  rootLogger:232 - Class: UtilFunctions; Method: getElementFromJSONFile
2018-05-09 10:44:30 INFO  rootLogger:232 - Return: null
2018-05-09 10:44:30 INFO  rootLogger:232 - Class: UtilFunctions; Method: getElementFromJSONFile
2018-05-09 10:44:30 INFO  rootLogger:232 - Return: button_update
2018-05-09 10:44:30 INFO  rootLogger:232 - Class: UtilFunctions; Method: getElementFromJSONFile
2018-05-09 10:44:30 INFO  rootLogger:232 - Return: button_update
2018-05-09 10:44:30 INFO  rootLogger:232 - id present
2018-05-09 10:44:30 INFO  rootLogger:232 - Class: SeleniumFunctions; Method: explicitWait
2018-05-09 10:44:30 INFO  rootLogger:232 - frame: button_update;id
2018-05-09 10:44:30 INFO  rootLogger:232 - Class: SeleniumFunctions; Method: setByValues
2018-05-09 10:44:30 INFO  rootLogger:232 - propField: button_update;id
2018-05-09 10:44:30 INFO  rootLogger:232 - switchType: id
2018-05-09 10:44:30 INFO  rootLogger:232 - switchValue: button_update
2018-05-09 10:44:30 INFO  rootLogger:232 - Class: SeleniumFunctions; Method: findElement
2018-05-09 10:44:30 INFO  rootLogger:232 - Class: SeleniumFunctions; Method: explicitWait
2018-05-09 10:44:30 INFO  rootLogger:232 - frame: 
2018-05-09 10:44:31 INFO  rootLogger:232 - Button 'Update' object not null and is clicked. Returning true.
2018-05-09 10:44:31 INFO  rootLogger:232 - Class: GlobalStepdefs; Method: clickButton : Complete
2018-05-09 10:44:31 INFO  rootLogger:232 - Class: Hooks; Method: closeBrowserAndTakeScreenShot
2018-05-09 10:44:31 INFO  rootLogger:232 - Scenario: Verify Edit Admin Name complete.
