2018-06-04 13:31:18 INFO  rootLogger:232 - Class: Hooks; Method: setUp
2018-06-04 13:31:18 INFO  rootLogger:232 - Scenario: Verify Adding Locality starting.
2018-06-04 13:31:18 INFO  rootLogger:232 - Scenario Tag Name: @Sanity
2018-06-04 13:31:18 INFO  rootLogger:232 - Class: LoginStepdefs; Method: applicationLogin : Start
2018-06-04 13:31:18 INFO  rootLogger:232 - Class: Hooks; Method: openBrowser
2018-06-04 13:31:18 INFO  rootLogger:232 - userName: admin@huddil.com
2018-06-04 13:31:18 INFO  rootLogger:232 - Class: SetUpFile; Method: constructor
2018-06-04 13:31:18 INFO  rootLogger:232 - Initializing JSON files
2018-06-04 13:31:19 INFO  rootLogger:232 - Class: SetUpFile; Method: setUpBrowser
2018-06-04 13:31:23 INFO  rootLogger:232 - ChromeDriver initialized
2018-06-04 13:31:25 INFO  rootLogger:232 - Class: Hooks; Method: setDriver
2018-06-04 13:31:25 INFO  rootLogger:232 - get driver object
2018-06-04 13:31:25 INFO  rootLogger:232 - Class: SetUpFile; Method: openURL
2018-06-04 13:32:46 INFO  rootLogger:232 - Class: SetUpFile; Method: logInApplication
2018-06-04 13:32:46 INFO  rootLogger:232 - Class: UtilFunctions; Method: getJSONFileObjBasedOnPageName
2018-06-04 13:32:46 INFO  rootLogger:232 - Class: UtilFunctions; Method: getElementFromJSONFile
2018-06-04 13:32:46 INFO  rootLogger:232 - Return: username
2018-06-04 13:32:46 INFO  rootLogger:232 - Class: UtilFunctions; Method: getElementFromJSONFile
2018-06-04 13:32:46 INFO  rootLogger:232 - Return: password
2018-06-04 13:32:46 INFO  rootLogger:232 - Class: UtilFunctions; Method: getElementFromJSONFile
2018-06-04 13:32:46 INFO  rootLogger:232 - Return: null
2018-06-04 13:32:46 INFO  rootLogger:232 - Class: SeleniumFunctions; Method: findElement
2018-06-04 13:32:46 INFO  rootLogger:232 - Class: SeleniumFunctions; Method: explicitWait
2018-06-04 13:32:46 INFO  rootLogger:232 - frame: 
2018-06-04 13:32:46 INFO  rootLogger:232 - UserName: admin@huddil.com entered
2018-06-04 13:32:46 INFO  rootLogger:232 - Class: SeleniumFunctions; Method: findElement
2018-06-04 13:32:46 INFO  rootLogger:232 - Class: SeleniumFunctions; Method: explicitWait
2018-06-04 13:32:46 INFO  rootLogger:232 - frame: 
2018-06-04 13:32:47 INFO  rootLogger:232 - Password: password entered
2018-06-04 13:32:47 INFO  rootLogger:232 - Class: UtilFunctions; Method: getElementFromJSONFile
2018-06-04 13:32:47 INFO  rootLogger:232 - Return: //button[@class='consumerModuleButtons submitButton' and text()='Sign in']
2018-06-04 13:32:47 INFO  rootLogger:232 - Class: SeleniumFunctions; Method: setByValues
2018-06-04 13:32:47 INFO  rootLogger:232 - propField: //button[@class='consumerModuleButtons submitButton' and text()='Sign in']
2018-06-04 13:32:47 INFO  rootLogger:232 - switchType: xpath
2018-06-04 13:32:47 INFO  rootLogger:232 - switchValue: //button[@class='consumerModuleButtons submitButton' and text()='Sign in']
2018-06-04 13:32:47 INFO  rootLogger:232 - Class: SeleniumFunctions; Method: findElement
2018-06-04 13:32:47 INFO  rootLogger:232 - Class: SeleniumFunctions; Method: explicitWait
2018-06-04 13:32:47 INFO  rootLogger:232 - frame: 
2018-06-04 13:32:49 INFO  rootLogger:232 - Login button clicked
2018-06-04 13:32:49 INFO  rootLogger:232 - Class: SeleniumFunctions; Method: switchToNewWindow
2018-06-04 13:32:49 INFO  rootLogger:232 - parentWindow: CDwindow-599EC1CE3621893EF140046A3531F405
2018-06-04 13:32:49 INFO  rootLogger:232 - windowHandle: CDwindow-599EC1CE3621893EF140046A3531F405
2018-06-04 13:32:49 INFO  rootLogger:232 - Class: Hooks; Method: setDriver
2018-06-04 13:32:49 INFO  rootLogger:232 - get driver object
2018-06-04 13:32:49 INFO  rootLogger:232 - Class: LoginStepdefs; Method: applicationLogin : Complete
2018-06-04 13:32:49 INFO  rootLogger:232 - Class: GlobalStepdefs; Method: checkPageLoad : Start
2018-06-04 13:32:49 INFO  rootLogger:232 - Class: Hooks; Method: getDriver
2018-06-04 13:32:49 INFO  rootLogger:232 - get driver object
2018-06-04 13:32:49 INFO  rootLogger:232 - Class: Page; Method: findPage
2018-06-04 13:32:49 INFO  rootLogger:232 - Current tab name: Admin
2018-06-04 13:32:49 INFO  rootLogger:232 - PaneName: Admin
2018-06-04 13:32:49 INFO  rootLogger:232 - Class: UtilFunctions; Method: getJSONFileObjBasedOnPageName
2018-06-04 13:32:49 INFO  rootLogger:232 - Class: UtilFunctions; Method: getElementFromJSONFile
2018-06-04 13:32:49 INFO  rootLogger:232 - Exception: null
2018-06-04 13:32:49 INFO  rootLogger:232 - Pane xpath: null
2018-06-04 13:32:49 INFO  rootLogger:232 - Class: Hooks; Method: getDriver
2018-06-04 13:32:49 INFO  rootLogger:232 - get driver object
2018-06-04 13:32:49 INFO  rootLogger:232 - Class: SeleniumFunctions; Method: explicitWait
2018-06-04 13:32:49 INFO  rootLogger:232 - frame: 
2018-06-04 13:32:49 INFO  rootLogger:232 - Class: SeleniumFunctions; Method: findElement
2018-06-04 13:32:49 INFO  rootLogger:232 - Class: SeleniumFunctions; Method: explicitWait
2018-06-04 13:32:49 INFO  rootLogger:232 - frame: 
2018-06-04 13:32:49 INFO  rootLogger:232 - Class: GlobalStepdefs; Method: checkPageLoad : Complete
2018-06-04 13:32:49 INFO  rootLogger:232 - Class: GlobalStepdefs; Method: clickMiscElement : Start
2018-06-04 13:32:49 INFO  rootLogger:232 - Pagename: Admin
2018-06-04 13:32:49 INFO  rootLogger:232 - Class: Hooks; Method: getDriver
2018-06-04 13:32:49 INFO  rootLogger:232 - get driver object
2018-06-04 13:32:49 INFO  rootLogger:232 - Class: Page; Method: clickMiscElement
2018-06-04 13:32:49 INFO  rootLogger:232 - Current tab name: Admin
2018-06-04 13:32:49 INFO  rootLogger:232 - ImageName: Locations
2018-06-04 13:32:49 INFO  rootLogger:232 - Class: UtilFunctions; Method: getJSONFileObjBasedOnPageName
2018-06-04 13:32:49 INFO  rootLogger:232 - Class: UtilFunctions; Method: getElementStringAndType
2018-06-04 13:32:49 INFO  rootLogger:232 - Class: UtilFunctions; Method: getElementFromJSONFile
2018-06-04 13:32:49 INFO  rootLogger:232 - Return: //div[contains (@class,  'sideMenuItem') and child::p[text()='Locations']]
2018-06-04 13:32:49 INFO  rootLogger:232 - Class: UtilFunctions; Method: getElementFromJSONFile
2018-06-04 13:32:49 INFO  rootLogger:232 - Return: //div[contains (@class,  'sideMenuItem') and child::p[text()='Locations']]
2018-06-04 13:32:49 INFO  rootLogger:232 - xpath present
2018-06-04 13:32:49 INFO  rootLogger:232 - Class: SeleniumFunctions; Method: explicitWait
2018-06-04 13:32:49 INFO  rootLogger:232 - frame: //div[contains (@class,  'sideMenuItem') and child::p[text()='Locations']];xpath
2018-06-04 13:32:54 INFO  rootLogger:232 - Class: SeleniumFunctions; Method: setByValues
2018-06-04 13:32:54 INFO  rootLogger:232 - propField: //div[contains (@class,  'sideMenuItem') and child::p[text()='Locations']];xpath
2018-06-04 13:32:54 INFO  rootLogger:232 - switchType: xpath
2018-06-04 13:32:54 INFO  rootLogger:232 - switchValue: //div[contains (@class,  'sideMenuItem') and child::p[text()='Locations']]
2018-06-04 13:32:54 INFO  rootLogger:232 - Class: SeleniumFunctions; Method: findElement
2018-06-04 13:32:54 INFO  rootLogger:232 - Class: SeleniumFunctions; Method: explicitWait
2018-06-04 13:32:54 INFO  rootLogger:232 - frame: 
2018-06-04 13:32:55 INFO  rootLogger:232 - Element: 'Locations' exist and clicked. Returning true.
2018-06-04 13:32:55 INFO  rootLogger:232 - Class: GlobalStepdefs; Method: clickMiscElement : Start
2018-06-04 13:32:55 INFO  rootLogger:232 - Pagename: Admin
2018-06-04 13:32:55 INFO  rootLogger:232 - Class: Hooks; Method: getDriver
2018-06-04 13:32:55 INFO  rootLogger:232 - get driver object
2018-06-04 13:32:55 INFO  rootLogger:232 - Class: Page; Method: clickMiscElement
2018-06-04 13:32:55 INFO  rootLogger:232 - Current tab name: Admin
2018-06-04 13:32:55 INFO  rootLogger:232 - ImageName: Jaipur
2018-06-04 13:32:55 INFO  rootLogger:232 - Class: UtilFunctions; Method: getJSONFileObjBasedOnPageName
2018-06-04 13:32:55 INFO  rootLogger:232 - Class: UtilFunctions; Method: getElementStringAndType
2018-06-04 13:32:55 INFO  rootLogger:232 - Class: UtilFunctions; Method: getElementFromJSONFile
2018-06-04 13:32:55 INFO  rootLogger:232 - Return: null
2018-06-04 13:32:55 INFO  rootLogger:232 - Class: UtilFunctions; Method: getElementFromJSONFile
2018-06-04 13:32:55 INFO  rootLogger:232 - Return: city8
2018-06-04 13:32:55 INFO  rootLogger:232 - Class: UtilFunctions; Method: getElementFromJSONFile
2018-06-04 13:32:55 INFO  rootLogger:232 - Return: city8
2018-06-04 13:32:55 INFO  rootLogger:232 - id present
2018-06-04 13:32:55 INFO  rootLogger:232 - Class: SeleniumFunctions; Method: explicitWait
2018-06-04 13:32:55 INFO  rootLogger:232 - frame: city8;id
2018-06-04 13:32:55 INFO  rootLogger:232 - Class: SeleniumFunctions; Method: setByValues
2018-06-04 13:32:55 INFO  rootLogger:232 - propField: city8;id
2018-06-04 13:32:55 INFO  rootLogger:232 - switchType: id
2018-06-04 13:32:55 INFO  rootLogger:232 - switchValue: city8
2018-06-04 13:32:55 INFO  rootLogger:232 - Class: SeleniumFunctions; Method: findElement
2018-06-04 13:32:55 INFO  rootLogger:232 - Class: SeleniumFunctions; Method: explicitWait
2018-06-04 13:32:55 INFO  rootLogger:232 - frame: 
2018-06-04 13:32:56 INFO  rootLogger:232 - Element: 'Jaipur' exist and clicked. Returning true.
2018-06-04 13:32:56 INFO  rootLogger:232 - Class: GlobalStepdefs; Method: clickButton : Start
2018-06-04 13:32:56 INFO  rootLogger:232 - Class: Hooks; Method: getDriver
2018-06-04 13:32:56 INFO  rootLogger:232 - get driver object
2018-06-04 13:32:56 INFO  rootLogger:232 - Class: Page; Method: clickButton
2018-06-04 13:32:56 INFO  rootLogger:232 - Current page name: Admin
2018-06-04 13:32:56 INFO  rootLogger:232 - Button to be clicked: AddLocality
2018-06-04 13:32:56 INFO  rootLogger:232 - Class: UtilFunctions; Method: getJSONFileObjBasedOnPageName
2018-06-04 13:32:56 INFO  rootLogger:232 - Class: UtilFunctions; Method: getElementStringAndType
2018-06-04 13:32:56 INFO  rootLogger:232 - Class: UtilFunctions; Method: getElementFromJSONFile
2018-06-04 13:32:56 INFO  rootLogger:232 - Return: null
2018-06-04 13:32:56 INFO  rootLogger:232 - Class: UtilFunctions; Method: getElementFromJSONFile
2018-06-04 13:32:56 INFO  rootLogger:232 - Return: button_addLocality
2018-06-04 13:32:56 INFO  rootLogger:232 - Class: UtilFunctions; Method: getElementFromJSONFile
2018-06-04 13:32:56 INFO  rootLogger:232 - Return: button_addLocality
2018-06-04 13:32:56 INFO  rootLogger:232 - id present
2018-06-04 13:32:56 INFO  rootLogger:232 - Class: SeleniumFunctions; Method: explicitWait
2018-06-04 13:32:56 INFO  rootLogger:232 - frame: button_addLocality;id
2018-06-04 13:32:56 INFO  rootLogger:232 - Class: SeleniumFunctions; Method: setByValues
2018-06-04 13:32:56 INFO  rootLogger:232 - propField: button_addLocality;id
2018-06-04 13:32:56 INFO  rootLogger:232 - switchType: id
2018-06-04 13:32:56 INFO  rootLogger:232 - switchValue: button_addLocality
2018-06-04 13:32:56 INFO  rootLogger:232 - Class: SeleniumFunctions; Method: findElement
2018-06-04 13:32:56 INFO  rootLogger:232 - Class: SeleniumFunctions; Method: explicitWait
2018-06-04 13:32:56 INFO  rootLogger:232 - frame: 
2018-06-04 13:32:57 INFO  rootLogger:232 - Button 'AddLocality' object not null and is clicked. Returning true.
2018-06-04 13:32:57 INFO  rootLogger:232 - Class: GlobalStepdefs; Method: clickButton : Complete
2018-06-04 13:32:57 INFO  rootLogger:232 - Class: GlobalStepdefs; Method: enterInTheField : Start
2018-06-04 13:32:57 INFO  rootLogger:232 - Class: Hooks; Method: getDriver
2018-06-04 13:32:57 INFO  rootLogger:232 - get driver object
2018-06-04 13:32:57 INFO  rootLogger:232 - Class: Page; Method: setTextBox
2018-06-04 13:32:57 INFO  rootLogger:232 - Current page name: Admin
2018-06-04 13:32:57 INFO  rootLogger:232 - Text box field name: EnterLocality
2018-06-04 13:32:57 INFO  rootLogger:232 - Class: UtilFunctions; Method: getJSONFileObjBasedOnPageName
2018-06-04 13:32:57 INFO  rootLogger:232 - Class: UtilFunctions; Method: getElementStringAndType
2018-06-04 13:32:57 INFO  rootLogger:232 - Class: UtilFunctions; Method: getElementFromJSONFile
2018-06-04 13:32:57 INFO  rootLogger:232 - Return: null
2018-06-04 13:32:57 INFO  rootLogger:232 - Class: UtilFunctions; Method: getElementFromJSONFile
2018-06-04 13:32:57 INFO  rootLogger:232 - Return: input_localityName
2018-06-04 13:32:57 INFO  rootLogger:232 - Class: UtilFunctions; Method: getElementFromJSONFile
2018-06-04 13:32:57 INFO  rootLogger:232 - Return: input_localityName
2018-06-04 13:32:57 INFO  rootLogger:232 - id present
2018-06-04 13:32:57 INFO  rootLogger:232 - Text box textPath: input_localityName
2018-06-04 13:32:57 INFO  rootLogger:232 - Text box textMethod: id
2018-06-04 13:32:58 INFO  rootLogger:232 - Class: Hooks; Method: getDriver
2018-06-04 13:32:58 INFO  rootLogger:232 - get driver object
2018-06-04 13:32:58 INFO  rootLogger:232 - Class: SeleniumFunctions; Method: setByValues
2018-06-04 13:32:58 INFO  rootLogger:232 - propField: input_localityName;id
2018-06-04 13:32:58 INFO  rootLogger:232 - switchType: id
2018-06-04 13:32:58 INFO  rootLogger:232 - switchValue: input_localityName
2018-06-04 13:32:58 INFO  rootLogger:232 - Class: SeleniumFunctions; Method: findElement
2018-06-04 13:32:58 INFO  rootLogger:232 - Class: SeleniumFunctions; Method: explicitWait
2018-06-04 13:32:58 INFO  rootLogger:232 - frame: 
2018-06-04 13:33:00 INFO  rootLogger:232 - Text box 'EnterLocality' object not null. Entered Value: 'RoadNo1'. Returning true.
2018-06-04 13:33:00 INFO  rootLogger:232 - Class: GlobalStepdefs; Method: enterInTheField : Complete
2018-06-04 13:33:00 INFO  rootLogger:232 - Class: GlobalStepdefs; Method: clickButton : Start
2018-06-04 13:33:00 INFO  rootLogger:232 - Class: Hooks; Method: getDriver
2018-06-04 13:33:00 INFO  rootLogger:232 - get driver object
2018-06-04 13:33:00 INFO  rootLogger:232 - Class: Page; Method: clickButton
2018-06-04 13:33:00 INFO  rootLogger:232 - Current page name: Admin
2018-06-04 13:33:00 INFO  rootLogger:232 - Button to be clicked: Save
2018-06-04 13:33:00 INFO  rootLogger:232 - Class: UtilFunctions; Method: getJSONFileObjBasedOnPageName
2018-06-04 13:33:00 INFO  rootLogger:232 - Class: UtilFunctions; Method: getElementStringAndType
2018-06-04 13:33:00 INFO  rootLogger:232 - Class: UtilFunctions; Method: getElementFromJSONFile
2018-06-04 13:33:00 INFO  rootLogger:232 - Return: null
2018-06-04 13:33:00 INFO  rootLogger:232 - Class: UtilFunctions; Method: getElementFromJSONFile
2018-06-04 13:33:00 INFO  rootLogger:232 - Return: button_save
2018-06-04 13:33:00 INFO  rootLogger:232 - Class: UtilFunctions; Method: getElementFromJSONFile
2018-06-04 13:33:00 INFO  rootLogger:232 - Return: button_save
2018-06-04 13:33:00 INFO  rootLogger:232 - id present
2018-06-04 13:33:00 INFO  rootLogger:232 - Class: SeleniumFunctions; Method: explicitWait
2018-06-04 13:33:00 INFO  rootLogger:232 - frame: button_save;id
2018-06-04 13:33:10 INFO  rootLogger:232 - Element not found after timeout of 10 seconds. Exception: Expected condition failed: waiting for visibility of element located by By.id: button_save (tried for 10 second(s) with 500 MILLISECONDS interval)
2018-06-04 13:33:10 INFO  rootLogger:232 - Class: SeleniumFunctions; Method: setByValues
2018-06-04 13:33:10 INFO  rootLogger:232 - propField: button_save;id
2018-06-04 13:33:10 INFO  rootLogger:232 - switchType: id
2018-06-04 13:33:10 INFO  rootLogger:232 - switchValue: button_save
2018-06-04 13:33:10 INFO  rootLogger:232 - Class: SeleniumFunctions; Method: findElement
2018-06-04 13:33:10 INFO  rootLogger:232 - Class: SeleniumFunctions; Method: explicitWait
2018-06-04 13:33:10 INFO  rootLogger:232 - frame: 
2018-06-04 13:33:11 INFO  rootLogger:232 - Element not found after timeout of 1 seconds. Exception: Expected condition failed: waiting for visibility of element located by By.id: button_save (tried for 1 second(s) with 500 MILLISECONDS interval)
2018-06-04 13:33:11 INFO  rootLogger:232 - Element not found. Returning null. Exception: no such element: Unable to locate element: {"method":"id","selector":"button_save"}
  (Session info: chrome=66.0.3359.181)
  (Driver info: chromedriver=2.35.528161 (5b82f2d2aae0ca24b877009200ced9065a772e73),platform=Windows NT 6.1.7601 SP1 x86_64) (WARNING: The server did not provide any stacktrace information)
Command duration or timeout: 0 milliseconds
For documentation on this error, please visit: http://seleniumhq.org/exceptions/no_such_element.html
Build info: version: '3.5.3', revision: 'a88d25fe6b', time: '2017-08-29T12:42:44.417Z'
System info: host: 'LENOVO-PC', ip: '192.168.3.132', os.name: 'Windows 7', os.arch: 'amd64', os.version: '6.1', java.version: '1.8.0_162'
Driver info: org.openqa.selenium.chrome.ChromeDriver
Capabilities [{mobileEmulationEnabled=false, hasTouchScreen=false, platform=XP, acceptSslCerts=false, acceptInsecureCerts=false, webStorageEnabled=true, browserName=chrome, takesScreenshot=true, javascriptEnabled=true, platformName=XP, setWindowRect=true, unexpectedAlertBehaviour=, applicationCacheEnabled=false, rotatable=false, networkConnectionEnabled=false, chrome={chromedriverVersion=2.35.528161 (5b82f2d2aae0ca24b877009200ced9065a772e73), userDataDir=C:\Users\Lenovo\AppData\Local\Temp\scoped_dir7260_4893}, takesHeapSnapshot=true, pageLoadStrategy=normal, unhandledPromptBehavior=, databaseEnabled=false, handlesAlerts=true, version=66.0.3359.181, browserConnectionEnabled=false, nativeEvents=true, locationContextEnabled=true, cssSelectorsEnabled=true}]
Session ID: 89082e7620c31700dac8393a37058002
*** Element info: {Using=id, value=button_save}
2018-06-04 13:33:11 INFO  rootLogger:232 - Button 'Save' object null. Returning false.
2018-06-04 13:33:11 INFO  rootLogger:232 - Class: Hooks; Method: closeBrowserAndTakeScreenShot
2018-06-04 13:33:11 INFO  rootLogger:232 - Scenario: Verify Adding Locality - Failed
2018-06-04 13:33:11 INFO  rootLogger:232 - Class: Hooks; Method: takeScreenShot
2018-06-04 13:33:12 INFO  rootLogger:232 - Browser closed
2018-06-04 13:33:12 INFO  rootLogger:232 - Tried to kill process with PID: 7368
2018-06-04 13:33:12 INFO  rootLogger:232 - Scenario: Verify Adding Locality complete.
