2018-06-05 11:38:41 INFO  rootLogger:232 - Class: Hooks; Method: setUp
2018-06-05 11:38:41 INFO  rootLogger:232 - Scenario: Verify Adding Policy starting.
2018-06-05 11:38:41 INFO  rootLogger:232 - Scenario Tag Name: @Sanity
2018-06-05 11:38:41 INFO  rootLogger:232 - Class: LoginStepdefs; Method: applicationLogin : Start
2018-06-05 11:38:41 INFO  rootLogger:232 - Class: Hooks; Method: openBrowser
2018-06-05 11:38:41 INFO  rootLogger:232 - userName: admin@huddil.com
2018-06-05 11:38:41 INFO  rootLogger:232 - Class: SetUpFile; Method: constructor
2018-06-05 11:38:41 INFO  rootLogger:232 - Initializing JSON files
2018-06-05 11:38:41 INFO  rootLogger:232 - Class: SetUpFile; Method: setUpBrowser
2018-06-05 11:38:44 INFO  rootLogger:232 - ChromeDriver initialized
2018-06-05 11:38:45 INFO  rootLogger:232 - Class: Hooks; Method: setDriver
2018-06-05 11:38:45 INFO  rootLogger:232 - get driver object
2018-06-05 11:38:45 INFO  rootLogger:232 - Class: SetUpFile; Method: openURL
2018-06-05 11:38:55 INFO  rootLogger:232 - Class: SetUpFile; Method: logInApplication
2018-06-05 11:38:55 INFO  rootLogger:232 - Class: UtilFunctions; Method: getJSONFileObjBasedOnPageName
2018-06-05 11:38:55 INFO  rootLogger:232 - Class: UtilFunctions; Method: getElementFromJSONFile
2018-06-05 11:38:55 INFO  rootLogger:232 - Return: username
2018-06-05 11:38:55 INFO  rootLogger:232 - Class: UtilFunctions; Method: getElementFromJSONFile
2018-06-05 11:38:55 INFO  rootLogger:232 - Return: password
2018-06-05 11:38:55 INFO  rootLogger:232 - Class: UtilFunctions; Method: getElementFromJSONFile
2018-06-05 11:38:55 INFO  rootLogger:232 - Return: null
2018-06-05 11:38:55 INFO  rootLogger:232 - Class: SeleniumFunctions; Method: findElement
2018-06-05 11:38:55 INFO  rootLogger:232 - Class: SeleniumFunctions; Method: explicitWait
2018-06-05 11:38:55 INFO  rootLogger:232 - frame: 
2018-06-05 11:38:55 INFO  rootLogger:232 - UserName: admin@huddil.com entered
2018-06-05 11:38:55 INFO  rootLogger:232 - Class: SeleniumFunctions; Method: findElement
2018-06-05 11:38:55 INFO  rootLogger:232 - Class: SeleniumFunctions; Method: explicitWait
2018-06-05 11:38:55 INFO  rootLogger:232 - frame: 
2018-06-05 11:38:55 INFO  rootLogger:232 - Password: password entered
2018-06-05 11:38:55 INFO  rootLogger:232 - Class: UtilFunctions; Method: getElementFromJSONFile
2018-06-05 11:38:55 INFO  rootLogger:232 - Return: //button[@class='consumerModuleButtons submitButton' and text()='Sign in']
2018-06-05 11:38:55 INFO  rootLogger:232 - Class: SeleniumFunctions; Method: setByValues
2018-06-05 11:38:55 INFO  rootLogger:232 - propField: //button[@class='consumerModuleButtons submitButton' and text()='Sign in']
2018-06-05 11:38:55 INFO  rootLogger:232 - switchType: xpath
2018-06-05 11:38:55 INFO  rootLogger:232 - switchValue: //button[@class='consumerModuleButtons submitButton' and text()='Sign in']
2018-06-05 11:38:55 INFO  rootLogger:232 - Class: SeleniumFunctions; Method: findElement
2018-06-05 11:38:55 INFO  rootLogger:232 - Class: SeleniumFunctions; Method: explicitWait
2018-06-05 11:38:55 INFO  rootLogger:232 - frame: 
2018-06-05 11:38:58 INFO  rootLogger:232 - Login button clicked
2018-06-05 11:38:58 INFO  rootLogger:232 - Class: SeleniumFunctions; Method: switchToNewWindow
2018-06-05 11:38:58 INFO  rootLogger:232 - parentWindow: CDwindow-58093DFDF8870434B7A848439FB421B6
2018-06-05 11:38:58 INFO  rootLogger:232 - windowHandle: CDwindow-58093DFDF8870434B7A848439FB421B6
2018-06-05 11:38:58 INFO  rootLogger:232 - Class: Hooks; Method: setDriver
2018-06-05 11:38:58 INFO  rootLogger:232 - get driver object
2018-06-05 11:38:58 INFO  rootLogger:232 - Class: LoginStepdefs; Method: applicationLogin : Complete
2018-06-05 11:38:58 INFO  rootLogger:232 - Class: GlobalStepdefs; Method: checkPageLoad : Start
2018-06-05 11:38:58 INFO  rootLogger:232 - Class: Hooks; Method: getDriver
2018-06-05 11:38:58 INFO  rootLogger:232 - get driver object
2018-06-05 11:38:58 INFO  rootLogger:232 - Class: Page; Method: findPage
2018-06-05 11:38:58 INFO  rootLogger:232 - Current tab name: Admin
2018-06-05 11:38:58 INFO  rootLogger:232 - PaneName: Admin
2018-06-05 11:38:58 INFO  rootLogger:232 - Class: UtilFunctions; Method: getJSONFileObjBasedOnPageName
2018-06-05 11:38:58 INFO  rootLogger:232 - Class: UtilFunctions; Method: getElementFromJSONFile
2018-06-05 11:38:58 INFO  rootLogger:232 - Exception: null
2018-06-05 11:38:58 INFO  rootLogger:232 - Pane xpath: null
2018-06-05 11:38:58 INFO  rootLogger:232 - Class: Hooks; Method: getDriver
2018-06-05 11:38:58 INFO  rootLogger:232 - get driver object
2018-06-05 11:38:58 INFO  rootLogger:232 - Class: SeleniumFunctions; Method: explicitWait
2018-06-05 11:38:58 INFO  rootLogger:232 - frame: 
2018-06-05 11:38:59 INFO  rootLogger:232 - Class: SeleniumFunctions; Method: findElement
2018-06-05 11:38:59 INFO  rootLogger:232 - Class: SeleniumFunctions; Method: explicitWait
2018-06-05 11:38:59 INFO  rootLogger:232 - frame: 
2018-06-05 11:38:59 INFO  rootLogger:232 - Class: GlobalStepdefs; Method: checkPageLoad : Complete
2018-06-05 11:38:59 INFO  rootLogger:232 - Class: GlobalStepdefs; Method: clickMiscElement : Start
2018-06-05 11:38:59 INFO  rootLogger:232 - Pagename: Admin
2018-06-05 11:38:59 INFO  rootLogger:232 - Class: Hooks; Method: getDriver
2018-06-05 11:38:59 INFO  rootLogger:232 - get driver object
2018-06-05 11:38:59 INFO  rootLogger:232 - Class: Page; Method: clickMiscElement
2018-06-05 11:38:59 INFO  rootLogger:232 - Current tab name: Admin
2018-06-05 11:38:59 INFO  rootLogger:232 - ImageName: Terms
2018-06-05 11:38:59 INFO  rootLogger:232 - Class: UtilFunctions; Method: getJSONFileObjBasedOnPageName
2018-06-05 11:38:59 INFO  rootLogger:232 - Class: UtilFunctions; Method: getElementStringAndType
2018-06-05 11:38:59 INFO  rootLogger:232 - Class: UtilFunctions; Method: getElementFromJSONFile
2018-06-05 11:38:59 INFO  rootLogger:232 - Return: //div[contains (@class,  'sideMenuItem') and child::p[text()='Terms']]
2018-06-05 11:38:59 INFO  rootLogger:232 - Class: UtilFunctions; Method: getElementFromJSONFile
2018-06-05 11:38:59 INFO  rootLogger:232 - Return: //div[contains (@class,  'sideMenuItem') and child::p[text()='Terms']]
2018-06-05 11:38:59 INFO  rootLogger:232 - xpath present
2018-06-05 11:38:59 INFO  rootLogger:232 - Class: SeleniumFunctions; Method: explicitWait
2018-06-05 11:38:59 INFO  rootLogger:232 - frame: //div[contains (@class,  'sideMenuItem') and child::p[text()='Terms']];xpath
2018-06-05 11:38:59 INFO  rootLogger:232 - Class: SeleniumFunctions; Method: setByValues
2018-06-05 11:38:59 INFO  rootLogger:232 - propField: //div[contains (@class,  'sideMenuItem') and child::p[text()='Terms']];xpath
2018-06-05 11:38:59 INFO  rootLogger:232 - switchType: xpath
2018-06-05 11:38:59 INFO  rootLogger:232 - switchValue: //div[contains (@class,  'sideMenuItem') and child::p[text()='Terms']]
2018-06-05 11:38:59 INFO  rootLogger:232 - Class: SeleniumFunctions; Method: findElement
2018-06-05 11:38:59 INFO  rootLogger:232 - Class: SeleniumFunctions; Method: explicitWait
2018-06-05 11:38:59 INFO  rootLogger:232 - frame: 
2018-06-05 11:39:00 INFO  rootLogger:232 - Element: 'Terms' exist and clicked. Returning true.
2018-06-05 11:39:00 INFO  rootLogger:232 - Class: GlobalStepdefs; Method: clickButton : Start
2018-06-05 11:39:00 INFO  rootLogger:232 - Class: Hooks; Method: getDriver
2018-06-05 11:39:00 INFO  rootLogger:232 - get driver object
2018-06-05 11:39:00 INFO  rootLogger:232 - Class: Page; Method: clickButton
2018-06-05 11:39:00 INFO  rootLogger:232 - Current page name: Admin
2018-06-05 11:39:00 INFO  rootLogger:232 - Button to be clicked: +AddPolicy
2018-06-05 11:39:00 INFO  rootLogger:232 - Class: UtilFunctions; Method: getJSONFileObjBasedOnPageName
2018-06-05 11:39:00 INFO  rootLogger:232 - Class: UtilFunctions; Method: getElementStringAndType
2018-06-05 11:39:00 INFO  rootLogger:232 - Class: UtilFunctions; Method: getElementFromJSONFile
2018-06-05 11:39:00 INFO  rootLogger:232 - Return: null
2018-06-05 11:39:00 INFO  rootLogger:232 - Class: UtilFunctions; Method: getElementFromJSONFile
2018-06-05 11:39:00 INFO  rootLogger:232 - Return: button_terms
2018-06-05 11:39:00 INFO  rootLogger:232 - Class: UtilFunctions; Method: getElementFromJSONFile
2018-06-05 11:39:00 INFO  rootLogger:232 - Return: button_terms
2018-06-05 11:39:00 INFO  rootLogger:232 - id present
2018-06-05 11:39:00 INFO  rootLogger:232 - Class: SeleniumFunctions; Method: explicitWait
2018-06-05 11:39:00 INFO  rootLogger:232 - frame: button_terms;id
2018-06-05 11:39:00 INFO  rootLogger:232 - Class: SeleniumFunctions; Method: setByValues
2018-06-05 11:39:00 INFO  rootLogger:232 - propField: button_terms;id
2018-06-05 11:39:00 INFO  rootLogger:232 - switchType: id
2018-06-05 11:39:00 INFO  rootLogger:232 - switchValue: button_terms
2018-06-05 11:39:00 INFO  rootLogger:232 - Class: SeleniumFunctions; Method: findElement
2018-06-05 11:39:00 INFO  rootLogger:232 - Class: SeleniumFunctions; Method: explicitWait
2018-06-05 11:39:00 INFO  rootLogger:232 - frame: 
2018-06-05 11:39:01 INFO  rootLogger:232 - Button '+AddPolicy' object not null and is clicked. Returning true.
2018-06-05 11:39:01 INFO  rootLogger:232 - Class: GlobalStepdefs; Method: clickButton : Complete
2018-06-05 11:39:01 INFO  rootLogger:232 - Class: GlobalStepdefs; Method: enterInTheField : Start
2018-06-05 11:39:01 INFO  rootLogger:232 - Class: Hooks; Method: getDriver
2018-06-05 11:39:01 INFO  rootLogger:232 - get driver object
2018-06-05 11:39:01 INFO  rootLogger:232 - Class: Page; Method: setTextBox
2018-06-05 11:39:01 INFO  rootLogger:232 - Current page name: Admin
2018-06-05 11:39:01 INFO  rootLogger:232 - Text box field name: ActiveDate
2018-06-05 11:39:01 INFO  rootLogger:232 - Class: UtilFunctions; Method: getJSONFileObjBasedOnPageName
2018-06-05 11:39:01 INFO  rootLogger:232 - Class: UtilFunctions; Method: getElementStringAndType
2018-06-05 11:39:01 INFO  rootLogger:232 - Class: UtilFunctions; Method: getElementFromJSONFile
2018-06-05 11:39:01 INFO  rootLogger:232 - Return: null
2018-06-05 11:39:01 INFO  rootLogger:232 - Class: UtilFunctions; Method: getElementFromJSONFile
2018-06-05 11:39:01 INFO  rootLogger:232 - Return: active-date
2018-06-05 11:39:01 INFO  rootLogger:232 - Class: UtilFunctions; Method: getElementFromJSONFile
2018-06-05 11:39:01 INFO  rootLogger:232 - Return: active-date
2018-06-05 11:39:01 INFO  rootLogger:232 - id present
2018-06-05 11:39:01 INFO  rootLogger:232 - Text box textPath: active-date
2018-06-05 11:39:01 INFO  rootLogger:232 - Text box textMethod: id
2018-06-05 11:39:02 INFO  rootLogger:232 - Class: Hooks; Method: getDriver
2018-06-05 11:39:02 INFO  rootLogger:232 - get driver object
2018-06-05 11:39:02 INFO  rootLogger:232 - Class: SeleniumFunctions; Method: setByValues
2018-06-05 11:39:02 INFO  rootLogger:232 - propField: active-date;id
2018-06-05 11:39:02 INFO  rootLogger:232 - switchType: id
2018-06-05 11:39:02 INFO  rootLogger:232 - switchValue: active-date
2018-06-05 11:39:02 INFO  rootLogger:232 - Class: SeleniumFunctions; Method: findElement
2018-06-05 11:39:02 INFO  rootLogger:232 - Class: SeleniumFunctions; Method: explicitWait
2018-06-05 11:39:02 INFO  rootLogger:232 - frame: 
2018-06-05 11:39:04 INFO  rootLogger:232 - Text box 'ActiveDate' object not null. Entered Value: '2018-06-05'. Returning true.
2018-06-05 11:39:04 INFO  rootLogger:232 - Class: GlobalStepdefs; Method: enterInTheField : Complete
2018-06-05 11:39:04 INFO  rootLogger:232 - Class: GlobalStepdefs; Method: selectFromDropdown : Start
2018-06-05 11:39:04 INFO  rootLogger:232 - Class: Hooks; Method: getDriver
2018-06-05 11:39:04 INFO  rootLogger:232 - get driver object
2018-06-05 11:39:04 INFO  rootLogger:232 - Class: Page; Method: selectDropDownInPane
2018-06-05 11:39:04 INFO  rootLogger:232 - Current tab name: Admin
2018-06-05 11:39:04 INFO  rootLogger:232 - Class: UtilFunctions; Method: getJSONFileObjBasedOnPageName
2018-06-05 11:39:04 INFO  rootLogger:232 - PaneName: Admin
2018-06-05 11:39:04 INFO  rootLogger:232 - Dropdown Name: UserType
2018-06-05 11:39:04 INFO  rootLogger:232 - Class: UtilFunctions; Method: getElementStringAndType
2018-06-05 11:39:04 INFO  rootLogger:232 - Class: UtilFunctions; Method: getElementFromJSONFile
2018-06-05 11:39:04 INFO  rootLogger:232 - Return: null
2018-06-05 11:39:04 INFO  rootLogger:232 - Class: UtilFunctions; Method: getElementFromJSONFile
2018-06-05 11:39:04 INFO  rootLogger:232 - Return: select-userType
2018-06-05 11:39:04 INFO  rootLogger:232 - Class: UtilFunctions; Method: getElementFromJSONFile
2018-06-05 11:39:04 INFO  rootLogger:232 - Return: select-userType
2018-06-05 11:39:04 INFO  rootLogger:232 - id present
2018-06-05 11:39:04 INFO  rootLogger:232 - Class: Page; Method: selectDropDownOption
2018-06-05 11:39:04 INFO  rootLogger:232 - Class: SeleniumFunctions; Method: explicitWait
2018-06-05 11:39:04 INFO  rootLogger:232 - frame: select-userType;id
2018-06-05 11:39:04 INFO  rootLogger:232 - Class: SeleniumFunctions; Method: setByValues
2018-06-05 11:39:04 INFO  rootLogger:232 - propField: select-userType;id
2018-06-05 11:39:04 INFO  rootLogger:232 - switchType: id
2018-06-05 11:39:04 INFO  rootLogger:232 - switchValue: select-userType
2018-06-05 11:39:04 INFO  rootLogger:232 - Class: SeleniumFunctions; Method: findElement
2018-06-05 11:39:04 INFO  rootLogger:232 - Class: SeleniumFunctions; Method: explicitWait
2018-06-05 11:39:04 INFO  rootLogger:232 - frame: 
2018-06-05 11:39:04 INFO  rootLogger:232 - Drop down element not null
2018-06-05 11:39:04 INFO  rootLogger:232 - Class: Page; Method: selectDropDownOption
2018-06-05 11:39:04 INFO  rootLogger:232 - Class: Page; Method: selectDropDownInPane
2018-06-05 11:39:04 INFO  rootLogger:232 - Class: GlobalStepdefs; Method: selectFromDropdown : Complete
2018-06-05 11:39:04 INFO  rootLogger:232 - Class: GlobalStepdefs; Method: waitForSpecifiedTime : Start
2018-06-05 11:39:19 INFO  rootLogger:232 - Class: GlobalStepdefs; Method: waitForSpecifiedTime : Complete
2018-06-05 11:39:19 INFO  rootLogger:232 - Class: GlobalStepdefs; Method: clickButton : Start
2018-06-05 11:39:19 INFO  rootLogger:232 - Class: Hooks; Method: getDriver
2018-06-05 11:39:19 INFO  rootLogger:232 - get driver object
2018-06-05 11:39:19 INFO  rootLogger:232 - Class: Page; Method: clickButton
2018-06-05 11:39:19 INFO  rootLogger:232 - Current page name: Admin
2018-06-05 11:39:19 INFO  rootLogger:232 - Button to be clicked: Save
2018-06-05 11:39:19 INFO  rootLogger:232 - Class: UtilFunctions; Method: getJSONFileObjBasedOnPageName
2018-06-05 11:39:19 INFO  rootLogger:232 - Class: UtilFunctions; Method: getElementStringAndType
2018-06-05 11:39:19 INFO  rootLogger:232 - Class: UtilFunctions; Method: getElementFromJSONFile
2018-06-05 11:39:19 INFO  rootLogger:232 - Return: null
2018-06-05 11:39:19 INFO  rootLogger:232 - Class: UtilFunctions; Method: getElementFromJSONFile
2018-06-05 11:39:19 INFO  rootLogger:232 - Return: button_save
2018-06-05 11:39:19 INFO  rootLogger:232 - Class: UtilFunctions; Method: getElementFromJSONFile
2018-06-05 11:39:19 INFO  rootLogger:232 - Return: button_save
2018-06-05 11:39:19 INFO  rootLogger:232 - id present
2018-06-05 11:39:19 INFO  rootLogger:232 - Class: SeleniumFunctions; Method: explicitWait
2018-06-05 11:39:19 INFO  rootLogger:232 - frame: button_save;id
2018-06-05 11:39:19 INFO  rootLogger:232 - Class: SeleniumFunctions; Method: setByValues
2018-06-05 11:39:19 INFO  rootLogger:232 - propField: button_save;id
2018-06-05 11:39:19 INFO  rootLogger:232 - switchType: id
2018-06-05 11:39:19 INFO  rootLogger:232 - switchValue: button_save
2018-06-05 11:39:19 INFO  rootLogger:232 - Class: SeleniumFunctions; Method: findElement
2018-06-05 11:39:19 INFO  rootLogger:232 - Class: SeleniumFunctions; Method: explicitWait
2018-06-05 11:39:19 INFO  rootLogger:232 - frame: 
2018-06-05 11:39:20 INFO  rootLogger:232 - Button 'Save' object not null and is clicked. Returning true.
2018-06-05 11:39:20 INFO  rootLogger:232 - Class: GlobalStepdefs; Method: clickButton : Complete
2018-06-05 11:39:20 INFO  rootLogger:232 - Class: GlobalStepdefs; Method: clickButton : Start
2018-06-05 11:39:20 INFO  rootLogger:232 - Class: Hooks; Method: getDriver
2018-06-05 11:39:20 INFO  rootLogger:232 - get driver object
2018-06-05 11:39:20 INFO  rootLogger:232 - Class: Page; Method: clickButton
2018-06-05 11:39:20 INFO  rootLogger:232 - Current page name: Admin
2018-06-05 11:39:20 INFO  rootLogger:232 - Button to be clicked: OK2
2018-06-05 11:39:20 INFO  rootLogger:232 - Class: UtilFunctions; Method: getJSONFileObjBasedOnPageName
2018-06-05 11:39:20 INFO  rootLogger:232 - Class: UtilFunctions; Method: getElementStringAndType
2018-06-05 11:39:20 INFO  rootLogger:232 - Class: UtilFunctions; Method: getElementFromJSONFile
2018-06-05 11:39:20 INFO  rootLogger:232 - Return: //button[@class='consumerModuleButtons' and text()='OK']
2018-06-05 11:39:20 INFO  rootLogger:232 - Class: UtilFunctions; Method: getElementFromJSONFile
2018-06-05 11:39:20 INFO  rootLogger:232 - Return: //button[@class='consumerModuleButtons' and text()='OK']
2018-06-05 11:39:20 INFO  rootLogger:232 - xpath present
2018-06-05 11:39:20 INFO  rootLogger:232 - Class: SeleniumFunctions; Method: explicitWait
2018-06-05 11:39:20 INFO  rootLogger:232 - frame: //button[@class='consumerModuleButtons' and text()='OK'];xpath
2018-06-05 11:39:21 INFO  rootLogger:232 - Class: SeleniumFunctions; Method: setByValues
2018-06-05 11:39:21 INFO  rootLogger:232 - propField: //button[@class='consumerModuleButtons' and text()='OK'];xpath
2018-06-05 11:39:21 INFO  rootLogger:232 - switchType: xpath
2018-06-05 11:39:21 INFO  rootLogger:232 - switchValue: //button[@class='consumerModuleButtons' and text()='OK']
2018-06-05 11:39:21 INFO  rootLogger:232 - Class: SeleniumFunctions; Method: findElement
2018-06-05 11:39:21 INFO  rootLogger:232 - Class: SeleniumFunctions; Method: explicitWait
2018-06-05 11:39:21 INFO  rootLogger:232 - frame: 
2018-06-05 11:39:22 INFO  rootLogger:232 - Button 'OK2' object not null and is clicked. Returning true.
2018-06-05 11:39:22 INFO  rootLogger:232 - Class: GlobalStepdefs; Method: clickButton : Complete
2018-06-05 11:39:22 INFO  rootLogger:232 - Class: Hooks; Method: closeBrowserAndTakeScreenShot
2018-06-05 11:39:22 INFO  rootLogger:232 - Scenario: Verify Adding Policy complete.
