2018-04-30 17:05:08 INFO  rootLogger:232 - Class: Hooks; Method: setUp
2018-04-30 17:05:08 INFO  rootLogger:232 - Scenario: Verify Logout starting.
2018-04-30 17:05:08 INFO  rootLogger:232 - Scenario Tag Name: @Sanity
2018-04-30 17:05:09 INFO  rootLogger:232 - Class: LoginStepdefs; Method: applicationLogin : Start
2018-04-30 17:05:09 INFO  rootLogger:232 - Class: Hooks; Method: openBrowser
2018-04-30 17:05:09 INFO  rootLogger:232 - userName: admin@huddil.com
2018-04-30 17:05:09 INFO  rootLogger:232 - Class: SetUpFile; Method: constructor
2018-04-30 17:05:09 INFO  rootLogger:232 - Initializing JSON files
2018-04-30 17:05:09 INFO  rootLogger:232 - Class: SetUpFile; Method: setUpBrowser
2018-04-30 17:05:15 INFO  rootLogger:232 - Firefox driver initialized
2018-04-30 17:05:19 INFO  rootLogger:232 - Class: Hooks; Method: setDriver
2018-04-30 17:05:19 INFO  rootLogger:232 - get driver object
2018-04-30 17:05:19 INFO  rootLogger:232 - Class: SetUpFile; Method: openURL
2018-04-30 17:05:42 INFO  rootLogger:232 - Class: SetUpFile; Method: logInApplication
2018-04-30 17:05:42 INFO  rootLogger:232 - Class: UtilFunctions; Method: getJSONFileObjBasedOnPageName
2018-04-30 17:05:42 INFO  rootLogger:232 - Class: UtilFunctions; Method: getElementFromJSONFile
2018-04-30 17:05:42 INFO  rootLogger:232 - Return: username
2018-04-30 17:05:42 INFO  rootLogger:232 - Class: UtilFunctions; Method: getElementFromJSONFile
2018-04-30 17:05:42 INFO  rootLogger:232 - Return: password
2018-04-30 17:05:42 INFO  rootLogger:232 - Class: UtilFunctions; Method: getElementFromJSONFile
2018-04-30 17:05:42 INFO  rootLogger:232 - Return: null
2018-04-30 17:05:42 INFO  rootLogger:232 - Class: SeleniumFunctions; Method: findElement
2018-04-30 17:05:42 INFO  rootLogger:232 - Class: SeleniumFunctions; Method: explicitWait
2018-04-30 17:05:42 INFO  rootLogger:232 - frame: 
2018-04-30 17:05:42 INFO  rootLogger:232 - UserName: admin@huddil.com entered
2018-04-30 17:05:42 INFO  rootLogger:232 - Class: SeleniumFunctions; Method: findElement
2018-04-30 17:05:42 INFO  rootLogger:232 - Class: SeleniumFunctions; Method: explicitWait
2018-04-30 17:05:42 INFO  rootLogger:232 - frame: 
2018-04-30 17:05:43 INFO  rootLogger:232 - Password: password entered
2018-04-30 17:05:43 INFO  rootLogger:232 - Class: UtilFunctions; Method: getElementFromJSONFile
2018-04-30 17:05:43 INFO  rootLogger:232 - Return: //button[@class='consumerModuleButtons submitButton' and text()='Sign in']
2018-04-30 17:05:43 INFO  rootLogger:232 - Class: SeleniumFunctions; Method: setByValues
2018-04-30 17:05:43 INFO  rootLogger:232 - propField: //button[@class='consumerModuleButtons submitButton' and text()='Sign in']
2018-04-30 17:05:43 INFO  rootLogger:232 - switchType: xpath
2018-04-30 17:05:43 INFO  rootLogger:232 - switchValue: //button[@class='consumerModuleButtons submitButton' and text()='Sign in']
2018-04-30 17:05:43 INFO  rootLogger:232 - Class: SeleniumFunctions; Method: findElement
2018-04-30 17:05:43 INFO  rootLogger:232 - Class: SeleniumFunctions; Method: explicitWait
2018-04-30 17:05:43 INFO  rootLogger:232 - frame: 
2018-04-30 17:05:45 INFO  rootLogger:232 - Login button clicked
2018-04-30 17:05:45 INFO  rootLogger:232 - Class: SeleniumFunctions; Method: switchToNewWindow
2018-04-30 17:05:45 INFO  rootLogger:232 - parentWindow: 4294967297
2018-04-30 17:05:45 INFO  rootLogger:232 - windowHandle: 4294967297
2018-04-30 17:05:45 INFO  rootLogger:232 - Class: Hooks; Method: setDriver
2018-04-30 17:05:45 INFO  rootLogger:232 - get driver object
2018-04-30 17:05:45 INFO  rootLogger:232 - Class: LoginStepdefs; Method: applicationLogin : Complete
2018-04-30 17:05:45 INFO  rootLogger:232 - Class: GlobalStepdefs; Method: checkPageLoad : Start
2018-04-30 17:05:45 INFO  rootLogger:232 - Class: Hooks; Method: getDriver
2018-04-30 17:05:45 INFO  rootLogger:232 - get driver object
2018-04-30 17:05:45 INFO  rootLogger:232 - Class: Page; Method: findPage
2018-04-30 17:05:45 INFO  rootLogger:232 - Current tab name: Admin
2018-04-30 17:05:45 INFO  rootLogger:232 - PaneName: Admin
2018-04-30 17:05:45 INFO  rootLogger:232 - Class: UtilFunctions; Method: getJSONFileObjBasedOnPageName
2018-04-30 17:05:45 INFO  rootLogger:232 - Class: UtilFunctions; Method: getElementFromJSONFile
2018-04-30 17:05:45 INFO  rootLogger:232 - Exception: null
2018-04-30 17:05:45 INFO  rootLogger:232 - Pane xpath: null
2018-04-30 17:05:45 INFO  rootLogger:232 - Class: Hooks; Method: getDriver
2018-04-30 17:05:45 INFO  rootLogger:232 - get driver object
2018-04-30 17:05:45 INFO  rootLogger:232 - Class: SeleniumFunctions; Method: explicitWait
2018-04-30 17:05:45 INFO  rootLogger:232 - frame: 
2018-04-30 17:05:45 INFO  rootLogger:232 - Class: SeleniumFunctions; Method: findElement
2018-04-30 17:05:45 INFO  rootLogger:232 - Class: SeleniumFunctions; Method: explicitWait
2018-04-30 17:05:45 INFO  rootLogger:232 - frame: 
2018-04-30 17:05:45 INFO  rootLogger:232 - Class: GlobalStepdefs; Method: checkPageLoad : Complete
2018-04-30 17:05:45 INFO  rootLogger:232 - Class: GlobalStepdefs; Method: clickMiscElement : Start
2018-04-30 17:05:45 INFO  rootLogger:232 - Pagename: Admin
2018-04-30 17:05:45 INFO  rootLogger:232 - Class: Hooks; Method: getDriver
2018-04-30 17:05:45 INFO  rootLogger:232 - get driver object
2018-04-30 17:05:45 INFO  rootLogger:232 - Class: Page; Method: clickMiscElement
2018-04-30 17:05:45 INFO  rootLogger:232 - Current tab name: Admin
2018-04-30 17:05:45 INFO  rootLogger:232 - ImageName: UserProfile
2018-04-30 17:05:45 INFO  rootLogger:232 - Class: UtilFunctions; Method: getJSONFileObjBasedOnPageName
2018-04-30 17:05:45 INFO  rootLogger:232 - Class: UtilFunctions; Method: getElementStringAndType
2018-04-30 17:05:45 INFO  rootLogger:232 - Class: UtilFunctions; Method: getElementFromJSONFile
2018-04-30 17:05:45 INFO  rootLogger:232 - Return: //i[@class='fa fa-user-circle']
2018-04-30 17:05:45 INFO  rootLogger:232 - Class: UtilFunctions; Method: getElementFromJSONFile
2018-04-30 17:05:45 INFO  rootLogger:232 - Return: //i[@class='fa fa-user-circle']
2018-04-30 17:05:45 INFO  rootLogger:232 - xpath present
2018-04-30 17:05:45 INFO  rootLogger:232 - Class: SeleniumFunctions; Method: explicitWait
2018-04-30 17:05:45 INFO  rootLogger:232 - frame: //i[@class='fa fa-user-circle'];xpath
2018-04-30 17:05:48 INFO  rootLogger:232 - Class: SeleniumFunctions; Method: setByValues
2018-04-30 17:05:48 INFO  rootLogger:232 - propField: //i[@class='fa fa-user-circle'];xpath
2018-04-30 17:05:48 INFO  rootLogger:232 - switchType: xpath
2018-04-30 17:05:48 INFO  rootLogger:232 - switchValue: //i[@class='fa fa-user-circle']
2018-04-30 17:05:48 INFO  rootLogger:232 - Class: SeleniumFunctions; Method: findElement
2018-04-30 17:05:48 INFO  rootLogger:232 - Class: SeleniumFunctions; Method: explicitWait
2018-04-30 17:05:48 INFO  rootLogger:232 - frame: 
2018-04-30 17:05:49 INFO  rootLogger:232 - Element: 'UserProfile' exist and clicked. Returning true.
2018-04-30 17:05:49 INFO  rootLogger:232 - Class: GlobalStepdefs; Method: clickMiscElement : Start
2018-04-30 17:05:49 INFO  rootLogger:232 - Pagename: Admin
2018-04-30 17:05:49 INFO  rootLogger:232 - Class: Hooks; Method: getDriver
2018-04-30 17:05:49 INFO  rootLogger:232 - get driver object
2018-04-30 17:05:49 INFO  rootLogger:232 - Class: Page; Method: clickMiscElement
2018-04-30 17:05:49 INFO  rootLogger:232 - Current tab name: Admin
2018-04-30 17:05:49 INFO  rootLogger:232 - ImageName: Logout
2018-04-30 17:05:49 INFO  rootLogger:232 - Class: UtilFunctions; Method: getJSONFileObjBasedOnPageName
2018-04-30 17:05:49 INFO  rootLogger:232 - Class: UtilFunctions; Method: getElementStringAndType
2018-04-30 17:05:49 INFO  rootLogger:232 - Class: UtilFunctions; Method: getElementFromJSONFile
2018-04-30 17:05:49 INFO  rootLogger:232 - Return: //div[@class='userMenuSubFieldsContainer' and child::p[text()='Logout'] ]
2018-04-30 17:05:49 INFO  rootLogger:232 - Class: UtilFunctions; Method: getElementFromJSONFile
2018-04-30 17:05:49 INFO  rootLogger:232 - Return: //div[@class='userMenuSubFieldsContainer' and child::p[text()='Logout'] ]
2018-04-30 17:05:49 INFO  rootLogger:232 - xpath present
2018-04-30 17:05:49 INFO  rootLogger:232 - Class: SeleniumFunctions; Method: explicitWait
2018-04-30 17:05:49 INFO  rootLogger:232 - frame: //div[@class='userMenuSubFieldsContainer' and child::p[text()='Logout'] ];xpath
2018-04-30 17:05:49 INFO  rootLogger:232 - Class: SeleniumFunctions; Method: setByValues
2018-04-30 17:05:49 INFO  rootLogger:232 - propField: //div[@class='userMenuSubFieldsContainer' and child::p[text()='Logout'] ];xpath
2018-04-30 17:05:49 INFO  rootLogger:232 - switchType: xpath
2018-04-30 17:05:49 INFO  rootLogger:232 - switchValue: //div[@class='userMenuSubFieldsContainer' and child::p[text()='Logout'] ]
2018-04-30 17:05:49 INFO  rootLogger:232 - Class: SeleniumFunctions; Method: findElement
2018-04-30 17:05:49 INFO  rootLogger:232 - Class: SeleniumFunctions; Method: explicitWait
2018-04-30 17:05:49 INFO  rootLogger:232 - frame: 
2018-04-30 17:05:51 INFO  rootLogger:232 - Element: 'Logout' exist and clicked. Returning true.
2018-04-30 17:05:51 INFO  rootLogger:232 - Class: GlobalStepdefs; Method: clickButton : Start
2018-04-30 17:05:51 INFO  rootLogger:232 - Class: Hooks; Method: getDriver
2018-04-30 17:05:51 INFO  rootLogger:232 - get driver object
2018-04-30 17:05:51 INFO  rootLogger:232 - Class: Page; Method: clickButton
2018-04-30 17:05:51 INFO  rootLogger:232 - Current page name: Admin
2018-04-30 17:05:51 INFO  rootLogger:232 - Button to be clicked: OK
2018-04-30 17:05:51 INFO  rootLogger:232 - Class: UtilFunctions; Method: getJSONFileObjBasedOnPageName
2018-04-30 17:05:51 INFO  rootLogger:232 - Class: UtilFunctions; Method: getElementStringAndType
2018-04-30 17:05:51 INFO  rootLogger:232 - Class: UtilFunctions; Method: getElementFromJSONFile
2018-04-30 17:05:51 INFO  rootLogger:232 - Return: null
2018-04-30 17:05:51 INFO  rootLogger:232 - Class: UtilFunctions; Method: getElementFromJSONFile
2018-04-30 17:05:51 INFO  rootLogger:232 - Return: button_ok
2018-04-30 17:05:51 INFO  rootLogger:232 - Class: UtilFunctions; Method: getElementFromJSONFile
2018-04-30 17:05:51 INFO  rootLogger:232 - Return: button_ok
2018-04-30 17:05:51 INFO  rootLogger:232 - id present
2018-04-30 17:05:51 INFO  rootLogger:232 - Class: SeleniumFunctions; Method: explicitWait
2018-04-30 17:05:51 INFO  rootLogger:232 - frame: button_ok;id
2018-04-30 17:05:51 INFO  rootLogger:232 - Class: SeleniumFunctions; Method: setByValues
2018-04-30 17:05:51 INFO  rootLogger:232 - propField: button_ok;id
2018-04-30 17:05:51 INFO  rootLogger:232 - switchType: id
2018-04-30 17:05:51 INFO  rootLogger:232 - switchValue: button_ok
2018-04-30 17:05:51 INFO  rootLogger:232 - Class: SeleniumFunctions; Method: findElement
2018-04-30 17:05:51 INFO  rootLogger:232 - Class: SeleniumFunctions; Method: explicitWait
2018-04-30 17:05:51 INFO  rootLogger:232 - frame: 
2018-04-30 17:05:51 INFO  rootLogger:232 - Class: Hooks; Method: getDriver
2018-04-30 17:05:51 INFO  rootLogger:232 - get driver object
2018-04-30 17:05:51 INFO  rootLogger:232 - Class: Hooks; Method: getDriver
2018-04-30 17:05:51 INFO  rootLogger:232 - get driver object
2018-04-30 17:05:52 INFO  rootLogger:232 - Button 'OK' object not null and is clicked. Returning true.
2018-04-30 17:05:52 INFO  rootLogger:232 - Class: GlobalStepdefs; Method: clickButton : Complete
2018-04-30 17:05:52 INFO  rootLogger:232 - Class: Hooks; Method: closeBrowserAndTakeScreenShot
2018-04-30 17:05:52 INFO  rootLogger:232 - Scenario: Verify Logout complete.
