2018-04-30 18:24:10 INFO  rootLogger:232 - Class: Hooks; Method: setUp
2018-04-30 18:24:10 INFO  rootLogger:232 - Scenario: Verify Adding "New Adviser" starting.
2018-04-30 18:24:10 INFO  rootLogger:232 - Scenario Tag Name: @Sanity
2018-04-30 18:24:10 INFO  rootLogger:232 - Class: LoginStepdefs; Method: applicationLogin : Start
2018-04-30 18:24:10 INFO  rootLogger:232 - Class: Hooks; Method: openBrowser
2018-04-30 18:24:10 INFO  rootLogger:232 - userName: admin@huddil.com
2018-04-30 18:24:10 INFO  rootLogger:232 - Class: SetUpFile; Method: constructor
2018-04-30 18:24:10 INFO  rootLogger:232 - Initializing JSON files
2018-04-30 18:24:10 INFO  rootLogger:232 - Class: SetUpFile; Method: setUpBrowser
2018-04-30 18:24:17 INFO  rootLogger:232 - Firefox driver initialized
2018-04-30 18:24:21 INFO  rootLogger:232 - Class: Hooks; Method: setDriver
2018-04-30 18:24:21 INFO  rootLogger:232 - get driver object
2018-04-30 18:24:21 INFO  rootLogger:232 - Class: SetUpFile; Method: openURL
2018-04-30 18:24:55 INFO  rootLogger:232 - Class: SetUpFile; Method: logInApplication
2018-04-30 18:24:55 INFO  rootLogger:232 - Class: UtilFunctions; Method: getJSONFileObjBasedOnPageName
2018-04-30 18:24:55 INFO  rootLogger:232 - Class: UtilFunctions; Method: getElementFromJSONFile
2018-04-30 18:24:55 INFO  rootLogger:232 - Return: username
2018-04-30 18:24:55 INFO  rootLogger:232 - Class: UtilFunctions; Method: getElementFromJSONFile
2018-04-30 18:24:55 INFO  rootLogger:232 - Return: password
2018-04-30 18:24:55 INFO  rootLogger:232 - Class: UtilFunctions; Method: getElementFromJSONFile
2018-04-30 18:24:55 INFO  rootLogger:232 - Return: null
2018-04-30 18:24:56 INFO  rootLogger:232 - Class: SeleniumFunctions; Method: findElement
2018-04-30 18:24:56 INFO  rootLogger:232 - Class: SeleniumFunctions; Method: explicitWait
2018-04-30 18:24:56 INFO  rootLogger:232 - frame: 
2018-04-30 18:24:56 INFO  rootLogger:232 - UserName: admin@huddil.com entered
2018-04-30 18:24:56 INFO  rootLogger:232 - Class: SeleniumFunctions; Method: findElement
2018-04-30 18:24:56 INFO  rootLogger:232 - Class: SeleniumFunctions; Method: explicitWait
2018-04-30 18:24:56 INFO  rootLogger:232 - frame: 
2018-04-30 18:24:57 INFO  rootLogger:232 - Password: password1 entered
2018-04-30 18:24:57 INFO  rootLogger:232 - Class: UtilFunctions; Method: getElementFromJSONFile
2018-04-30 18:24:57 INFO  rootLogger:232 - Return: //button[@class='consumerModuleButtons submitButton' and text()='Sign in']
2018-04-30 18:24:57 INFO  rootLogger:232 - Class: SeleniumFunctions; Method: setByValues
2018-04-30 18:24:57 INFO  rootLogger:232 - propField: //button[@class='consumerModuleButtons submitButton' and text()='Sign in']
2018-04-30 18:24:57 INFO  rootLogger:232 - switchType: xpath
2018-04-30 18:24:57 INFO  rootLogger:232 - switchValue: //button[@class='consumerModuleButtons submitButton' and text()='Sign in']
2018-04-30 18:24:57 INFO  rootLogger:232 - Class: SeleniumFunctions; Method: findElement
2018-04-30 18:24:57 INFO  rootLogger:232 - Class: SeleniumFunctions; Method: explicitWait
2018-04-30 18:24:57 INFO  rootLogger:232 - frame: 
2018-04-30 18:24:59 INFO  rootLogger:232 - Login button clicked
2018-04-30 18:24:59 INFO  rootLogger:232 - Class: SeleniumFunctions; Method: switchToNewWindow
2018-04-30 18:24:59 INFO  rootLogger:232 - parentWindow: 4294967297
2018-04-30 18:24:59 INFO  rootLogger:232 - windowHandle: 4294967297
2018-04-30 18:24:59 INFO  rootLogger:232 - Class: Hooks; Method: setDriver
2018-04-30 18:24:59 INFO  rootLogger:232 - get driver object
2018-04-30 18:24:59 INFO  rootLogger:232 - Class: LoginStepdefs; Method: applicationLogin : Complete
2018-04-30 18:24:59 INFO  rootLogger:232 - Class: GlobalStepdefs; Method: checkPageLoad : Start
2018-04-30 18:24:59 INFO  rootLogger:232 - Class: Hooks; Method: getDriver
2018-04-30 18:24:59 INFO  rootLogger:232 - get driver object
2018-04-30 18:24:59 INFO  rootLogger:232 - Class: Page; Method: findPage
2018-04-30 18:24:59 INFO  rootLogger:232 - Current tab name: Admin
2018-04-30 18:24:59 INFO  rootLogger:232 - PaneName: Admin
2018-04-30 18:24:59 INFO  rootLogger:232 - Class: UtilFunctions; Method: getJSONFileObjBasedOnPageName
2018-04-30 18:24:59 INFO  rootLogger:232 - Class: UtilFunctions; Method: getElementFromJSONFile
2018-04-30 18:24:59 INFO  rootLogger:232 - Exception: null
2018-04-30 18:24:59 INFO  rootLogger:232 - Pane xpath: null
2018-04-30 18:24:59 INFO  rootLogger:232 - Class: Hooks; Method: getDriver
2018-04-30 18:24:59 INFO  rootLogger:232 - get driver object
2018-04-30 18:24:59 INFO  rootLogger:232 - Class: SeleniumFunctions; Method: explicitWait
2018-04-30 18:24:59 INFO  rootLogger:232 - frame: 
2018-04-30 18:24:59 INFO  rootLogger:232 - Class: SeleniumFunctions; Method: findElement
2018-04-30 18:24:59 INFO  rootLogger:232 - Class: SeleniumFunctions; Method: explicitWait
2018-04-30 18:24:59 INFO  rootLogger:232 - frame: 
2018-04-30 18:25:01 INFO  rootLogger:232 - Class: GlobalStepdefs; Method: checkPageLoad : Complete
2018-04-30 18:25:01 INFO  rootLogger:232 - Class: GlobalStepdefs; Method: clickMiscElement : Start
2018-04-30 18:25:01 INFO  rootLogger:232 - Pagename: Admin
2018-04-30 18:25:01 INFO  rootLogger:232 - Class: Hooks; Method: getDriver
2018-04-30 18:25:01 INFO  rootLogger:232 - get driver object
2018-04-30 18:25:01 INFO  rootLogger:232 - Class: Page; Method: clickMiscElement
2018-04-30 18:25:01 INFO  rootLogger:232 - Current tab name: Admin
2018-04-30 18:25:01 INFO  rootLogger:232 - ImageName: Users
2018-04-30 18:25:01 INFO  rootLogger:232 - Class: UtilFunctions; Method: getJSONFileObjBasedOnPageName
2018-04-30 18:25:01 INFO  rootLogger:232 - Class: UtilFunctions; Method: getElementStringAndType
2018-04-30 18:25:01 INFO  rootLogger:232 - Class: UtilFunctions; Method: getElementFromJSONFile
2018-04-30 18:25:01 INFO  rootLogger:232 - Return: //div[contains (@class,  'sideMenuItem') and child::p[text()='Users']]
2018-04-30 18:25:01 INFO  rootLogger:232 - Class: UtilFunctions; Method: getElementFromJSONFile
2018-04-30 18:25:01 INFO  rootLogger:232 - Return: //div[contains (@class,  'sideMenuItem') and child::p[text()='Users']]
2018-04-30 18:25:01 INFO  rootLogger:232 - xpath present
2018-04-30 18:25:01 INFO  rootLogger:232 - Class: SeleniumFunctions; Method: explicitWait
2018-04-30 18:25:01 INFO  rootLogger:232 - frame: //div[contains (@class,  'sideMenuItem') and child::p[text()='Users']];xpath
2018-04-30 18:25:02 INFO  rootLogger:232 - Class: SeleniumFunctions; Method: setByValues
2018-04-30 18:25:02 INFO  rootLogger:232 - propField: //div[contains (@class,  'sideMenuItem') and child::p[text()='Users']];xpath
2018-04-30 18:25:02 INFO  rootLogger:232 - switchType: xpath
2018-04-30 18:25:02 INFO  rootLogger:232 - switchValue: //div[contains (@class,  'sideMenuItem') and child::p[text()='Users']]
2018-04-30 18:25:02 INFO  rootLogger:232 - Class: SeleniumFunctions; Method: findElement
2018-04-30 18:25:02 INFO  rootLogger:232 - Class: SeleniumFunctions; Method: explicitWait
2018-04-30 18:25:02 INFO  rootLogger:232 - frame: 
2018-04-30 18:25:03 INFO  rootLogger:232 - Element: 'Users' exist and clicked. Returning true.
2018-04-30 18:25:03 INFO  rootLogger:232 - Class: GlobalStepdefs; Method: clickButton : Start
2018-04-30 18:25:03 INFO  rootLogger:232 - Class: Hooks; Method: getDriver
2018-04-30 18:25:03 INFO  rootLogger:232 - get driver object
2018-04-30 18:25:03 INFO  rootLogger:232 - Class: Page; Method: clickButton
2018-04-30 18:25:03 INFO  rootLogger:232 - Current page name: Admin
2018-04-30 18:25:03 INFO  rootLogger:232 - Button to be clicked: NewAdviser
2018-04-30 18:25:03 INFO  rootLogger:232 - Class: UtilFunctions; Method: getJSONFileObjBasedOnPageName
2018-04-30 18:25:03 INFO  rootLogger:232 - Class: UtilFunctions; Method: getElementStringAndType
2018-04-30 18:25:03 INFO  rootLogger:232 - Class: UtilFunctions; Method: getElementFromJSONFile
2018-04-30 18:25:03 INFO  rootLogger:232 - Return: null
2018-04-30 18:25:03 INFO  rootLogger:232 - Class: UtilFunctions; Method: getElementFromJSONFile
2018-04-30 18:25:03 INFO  rootLogger:232 - Return: button_addNewAdvisor
2018-04-30 18:25:03 INFO  rootLogger:232 - Class: UtilFunctions; Method: getElementFromJSONFile
2018-04-30 18:25:03 INFO  rootLogger:232 - Return: button_addNewAdvisor
2018-04-30 18:25:03 INFO  rootLogger:232 - id present
2018-04-30 18:25:03 INFO  rootLogger:232 - Class: SeleniumFunctions; Method: explicitWait
2018-04-30 18:25:03 INFO  rootLogger:232 - frame: button_addNewAdvisor;id
2018-04-30 18:25:03 INFO  rootLogger:232 - Class: SeleniumFunctions; Method: setByValues
2018-04-30 18:25:03 INFO  rootLogger:232 - propField: button_addNewAdvisor;id
2018-04-30 18:25:03 INFO  rootLogger:232 - switchType: id
2018-04-30 18:25:03 INFO  rootLogger:232 - switchValue: button_addNewAdvisor
2018-04-30 18:25:03 INFO  rootLogger:232 - Class: SeleniumFunctions; Method: findElement
2018-04-30 18:25:03 INFO  rootLogger:232 - Class: SeleniumFunctions; Method: explicitWait
2018-04-30 18:25:03 INFO  rootLogger:232 - frame: 
2018-04-30 18:25:04 INFO  rootLogger:232 - Button 'NewAdviser' object not null and is clicked. Returning true.
2018-04-30 18:25:04 INFO  rootLogger:232 - Class: GlobalStepdefs; Method: clickButton : Complete
2018-04-30 18:25:04 INFO  rootLogger:232 - Class: GlobalStepdefs; Method: enterInTheField : Start
2018-04-30 18:25:04 INFO  rootLogger:232 - Class: Hooks; Method: getDriver
2018-04-30 18:25:04 INFO  rootLogger:232 - get driver object
2018-04-30 18:25:04 INFO  rootLogger:232 - Class: Page; Method: setTextBox
2018-04-30 18:25:04 INFO  rootLogger:232 - Current page name: Admin
2018-04-30 18:25:04 INFO  rootLogger:232 - Text box field name: AdviserName
2018-04-30 18:25:04 INFO  rootLogger:232 - Class: UtilFunctions; Method: getJSONFileObjBasedOnPageName
2018-04-30 18:25:04 INFO  rootLogger:232 - Class: UtilFunctions; Method: getElementStringAndType
2018-04-30 18:25:04 INFO  rootLogger:232 - Class: UtilFunctions; Method: getElementFromJSONFile
2018-04-30 18:25:04 INFO  rootLogger:232 - Return: null
2018-04-30 18:25:04 INFO  rootLogger:232 - Class: UtilFunctions; Method: getElementFromJSONFile
2018-04-30 18:25:04 INFO  rootLogger:232 - Return: input_name
2018-04-30 18:25:04 INFO  rootLogger:232 - Class: UtilFunctions; Method: getElementFromJSONFile
2018-04-30 18:25:04 INFO  rootLogger:232 - Return: input_name
2018-04-30 18:25:04 INFO  rootLogger:232 - id present
2018-04-30 18:25:04 INFO  rootLogger:232 - Text box textPath: input_name
2018-04-30 18:25:04 INFO  rootLogger:232 - Text box textMethod: id
2018-04-30 18:25:05 INFO  rootLogger:232 - Class: Hooks; Method: getDriver
2018-04-30 18:25:05 INFO  rootLogger:232 - get driver object
2018-04-30 18:25:05 INFO  rootLogger:232 - Class: SeleniumFunctions; Method: setByValues
2018-04-30 18:25:05 INFO  rootLogger:232 - propField: input_name;id
2018-04-30 18:25:05 INFO  rootLogger:232 - switchType: id
2018-04-30 18:25:05 INFO  rootLogger:232 - switchValue: input_name
2018-04-30 18:25:05 INFO  rootLogger:232 - Class: SeleniumFunctions; Method: findElement
2018-04-30 18:25:05 INFO  rootLogger:232 - Class: SeleniumFunctions; Method: explicitWait
2018-04-30 18:25:05 INFO  rootLogger:232 - frame: 
2018-04-30 18:25:07 INFO  rootLogger:232 - Text box 'AdviserName' object not null. Entered Value: 'Rajchinna'. Returning true.
2018-04-30 18:25:07 INFO  rootLogger:232 - Class: GlobalStepdefs; Method: enterInTheField : Complete
2018-04-30 18:25:07 INFO  rootLogger:232 - Class: GlobalStepdefs; Method: enterInTheField : Start
2018-04-30 18:25:07 INFO  rootLogger:232 - Class: Hooks; Method: getDriver
2018-04-30 18:25:07 INFO  rootLogger:232 - get driver object
2018-04-30 18:25:07 INFO  rootLogger:232 - Class: Page; Method: setTextBox
2018-04-30 18:25:07 INFO  rootLogger:232 - Current page name: Admin
2018-04-30 18:25:07 INFO  rootLogger:232 - Text box field name: AdviserEmail
2018-04-30 18:25:07 INFO  rootLogger:232 - Class: UtilFunctions; Method: getJSONFileObjBasedOnPageName
2018-04-30 18:25:07 INFO  rootLogger:232 - Class: UtilFunctions; Method: getElementStringAndType
2018-04-30 18:25:07 INFO  rootLogger:232 - Class: UtilFunctions; Method: getElementFromJSONFile
2018-04-30 18:25:07 INFO  rootLogger:232 - Return: null
2018-04-30 18:25:07 INFO  rootLogger:232 - Class: UtilFunctions; Method: getElementFromJSONFile
2018-04-30 18:25:07 INFO  rootLogger:232 - Return: input_emailId
2018-04-30 18:25:07 INFO  rootLogger:232 - Class: UtilFunctions; Method: getElementFromJSONFile
2018-04-30 18:25:07 INFO  rootLogger:232 - Return: input_emailId
2018-04-30 18:25:07 INFO  rootLogger:232 - id present
2018-04-30 18:25:07 INFO  rootLogger:232 - Text box textPath: input_emailId
2018-04-30 18:25:07 INFO  rootLogger:232 - Text box textMethod: id
2018-04-30 18:25:08 INFO  rootLogger:232 - Class: Hooks; Method: getDriver
2018-04-30 18:25:08 INFO  rootLogger:232 - get driver object
2018-04-30 18:25:08 INFO  rootLogger:232 - Class: SeleniumFunctions; Method: setByValues
2018-04-30 18:25:08 INFO  rootLogger:232 - propField: input_emailId;id
2018-04-30 18:25:08 INFO  rootLogger:232 - switchType: id
2018-04-30 18:25:08 INFO  rootLogger:232 - switchValue: input_emailId
2018-04-30 18:25:08 INFO  rootLogger:232 - Class: SeleniumFunctions; Method: findElement
2018-04-30 18:25:08 INFO  rootLogger:232 - Class: SeleniumFunctions; Method: explicitWait
2018-04-30 18:25:08 INFO  rootLogger:232 - frame: 
2018-04-30 18:25:09 INFO  rootLogger:232 - Text box 'AdviserEmail' object not null. Entered Value: 'shkurzz@yahoo.com'. Returning true.
2018-04-30 18:25:09 INFO  rootLogger:232 - Class: GlobalStepdefs; Method: enterInTheField : Complete
2018-04-30 18:25:09 INFO  rootLogger:232 - Class: GlobalStepdefs; Method: enterInTheField : Start
2018-04-30 18:25:09 INFO  rootLogger:232 - Class: Hooks; Method: getDriver
2018-04-30 18:25:09 INFO  rootLogger:232 - get driver object
2018-04-30 18:25:09 INFO  rootLogger:232 - Class: Page; Method: setTextBox
2018-04-30 18:25:09 INFO  rootLogger:232 - Current page name: Admin
2018-04-30 18:25:09 INFO  rootLogger:232 - Text box field name: AdviserMobileNo
2018-04-30 18:25:09 INFO  rootLogger:232 - Class: UtilFunctions; Method: getJSONFileObjBasedOnPageName
2018-04-30 18:25:09 INFO  rootLogger:232 - Class: UtilFunctions; Method: getElementStringAndType
2018-04-30 18:25:09 INFO  rootLogger:232 - Class: UtilFunctions; Method: getElementFromJSONFile
2018-04-30 18:25:09 INFO  rootLogger:232 - Return: null
2018-04-30 18:25:09 INFO  rootLogger:232 - Class: UtilFunctions; Method: getElementFromJSONFile
2018-04-30 18:25:09 INFO  rootLogger:232 - Return: input_mobileNumber
2018-04-30 18:25:09 INFO  rootLogger:232 - Class: UtilFunctions; Method: getElementFromJSONFile
2018-04-30 18:25:09 INFO  rootLogger:232 - Return: input_mobileNumber
2018-04-30 18:25:09 INFO  rootLogger:232 - id present
2018-04-30 18:25:09 INFO  rootLogger:232 - Text box textPath: input_mobileNumber
2018-04-30 18:25:09 INFO  rootLogger:232 - Text box textMethod: id
2018-04-30 18:25:10 INFO  rootLogger:232 - Class: Hooks; Method: getDriver
2018-04-30 18:25:10 INFO  rootLogger:232 - get driver object
2018-04-30 18:25:10 INFO  rootLogger:232 - Class: SeleniumFunctions; Method: setByValues
2018-04-30 18:25:10 INFO  rootLogger:232 - propField: input_mobileNumber;id
2018-04-30 18:25:10 INFO  rootLogger:232 - switchType: id
2018-04-30 18:25:10 INFO  rootLogger:232 - switchValue: input_mobileNumber
2018-04-30 18:25:10 INFO  rootLogger:232 - Class: SeleniumFunctions; Method: findElement
2018-04-30 18:25:10 INFO  rootLogger:232 - Class: SeleniumFunctions; Method: explicitWait
2018-04-30 18:25:10 INFO  rootLogger:232 - frame: 
2018-04-30 18:25:11 INFO  rootLogger:232 - Text box 'AdviserMobileNo' object not null. Entered Value: '9704687809'. Returning true.
2018-04-30 18:25:11 INFO  rootLogger:232 - Class: GlobalStepdefs; Method: enterInTheField : Complete
2018-04-30 18:25:11 INFO  rootLogger:232 - Class: GlobalStepdefs; Method: enterInTheField : Start
2018-04-30 18:25:11 INFO  rootLogger:232 - Class: Hooks; Method: getDriver
2018-04-30 18:25:11 INFO  rootLogger:232 - get driver object
2018-04-30 18:25:11 INFO  rootLogger:232 - Class: Page; Method: setTextBox
2018-04-30 18:25:11 INFO  rootLogger:232 - Current page name: Admin
2018-04-30 18:25:11 INFO  rootLogger:232 - Text box field name: AdviserPWD
2018-04-30 18:25:11 INFO  rootLogger:232 - Class: UtilFunctions; Method: getJSONFileObjBasedOnPageName
2018-04-30 18:25:11 INFO  rootLogger:232 - Class: UtilFunctions; Method: getElementStringAndType
2018-04-30 18:25:11 INFO  rootLogger:232 - Class: UtilFunctions; Method: getElementFromJSONFile
2018-04-30 18:25:11 INFO  rootLogger:232 - Return: null
2018-04-30 18:25:11 INFO  rootLogger:232 - Class: UtilFunctions; Method: getElementFromJSONFile
2018-04-30 18:25:11 INFO  rootLogger:232 - Return: input_password
2018-04-30 18:25:11 INFO  rootLogger:232 - Class: UtilFunctions; Method: getElementFromJSONFile
2018-04-30 18:25:11 INFO  rootLogger:232 - Return: input_password
2018-04-30 18:25:11 INFO  rootLogger:232 - id present
2018-04-30 18:25:11 INFO  rootLogger:232 - Text box textPath: input_password
2018-04-30 18:25:11 INFO  rootLogger:232 - Text box textMethod: id
2018-04-30 18:25:12 INFO  rootLogger:232 - Class: Hooks; Method: getDriver
2018-04-30 18:25:12 INFO  rootLogger:232 - get driver object
2018-04-30 18:25:12 INFO  rootLogger:232 - Class: SeleniumFunctions; Method: setByValues
2018-04-30 18:25:12 INFO  rootLogger:232 - propField: input_password;id
2018-04-30 18:25:12 INFO  rootLogger:232 - switchType: id
2018-04-30 18:25:12 INFO  rootLogger:232 - switchValue: input_password
2018-04-30 18:25:12 INFO  rootLogger:232 - Class: SeleniumFunctions; Method: findElement
2018-04-30 18:25:12 INFO  rootLogger:232 - Class: SeleniumFunctions; Method: explicitWait
2018-04-30 18:25:12 INFO  rootLogger:232 - frame: 
2018-04-30 18:25:14 INFO  rootLogger:232 - Text box 'AdviserPWD' object not null. Entered Value: 'Raj@123456'. Returning true.
2018-04-30 18:25:14 INFO  rootLogger:232 - Class: GlobalStepdefs; Method: enterInTheField : Complete
2018-04-30 18:25:14 INFO  rootLogger:232 - Class: GlobalStepdefs; Method: clickButton : Start
2018-04-30 18:25:14 INFO  rootLogger:232 - Class: Hooks; Method: getDriver
2018-04-30 18:25:14 INFO  rootLogger:232 - get driver object
2018-04-30 18:25:14 INFO  rootLogger:232 - Class: Page; Method: clickButton
2018-04-30 18:25:14 INFO  rootLogger:232 - Current page name: Admin
2018-04-30 18:25:14 INFO  rootLogger:232 - Button to be clicked: Save
2018-04-30 18:25:14 INFO  rootLogger:232 - Class: UtilFunctions; Method: getJSONFileObjBasedOnPageName
2018-04-30 18:25:14 INFO  rootLogger:232 - Class: UtilFunctions; Method: getElementStringAndType
2018-04-30 18:25:14 INFO  rootLogger:232 - Class: UtilFunctions; Method: getElementFromJSONFile
2018-04-30 18:25:14 INFO  rootLogger:232 - Return: null
2018-04-30 18:25:14 INFO  rootLogger:232 - Class: UtilFunctions; Method: getElementFromJSONFile
2018-04-30 18:25:14 INFO  rootLogger:232 - Return: button_save
2018-04-30 18:25:14 INFO  rootLogger:232 - Class: UtilFunctions; Method: getElementFromJSONFile
2018-04-30 18:25:14 INFO  rootLogger:232 - Return: button_save
2018-04-30 18:25:14 INFO  rootLogger:232 - id present
2018-04-30 18:25:14 INFO  rootLogger:232 - Class: SeleniumFunctions; Method: explicitWait
2018-04-30 18:25:14 INFO  rootLogger:232 - frame: button_save;id
2018-04-30 18:25:14 INFO  rootLogger:232 - Class: SeleniumFunctions; Method: setByValues
2018-04-30 18:25:14 INFO  rootLogger:232 - propField: button_save;id
2018-04-30 18:25:14 INFO  rootLogger:232 - switchType: id
2018-04-30 18:25:14 INFO  rootLogger:232 - switchValue: button_save
2018-04-30 18:25:14 INFO  rootLogger:232 - Class: SeleniumFunctions; Method: findElement
2018-04-30 18:25:14 INFO  rootLogger:232 - Class: SeleniumFunctions; Method: explicitWait
2018-04-30 18:25:14 INFO  rootLogger:232 - frame: 
2018-04-30 18:25:15 INFO  rootLogger:232 - Button 'Save' object not null and is clicked. Returning true.
2018-04-30 18:25:15 INFO  rootLogger:232 - Class: GlobalStepdefs; Method: clickButton : Complete
2018-04-30 18:25:15 INFO  rootLogger:232 - Class: GlobalStepdefs; Method: waitForSpecifiedTime : Start
2018-04-30 18:25:18 INFO  rootLogger:232 - Class: GlobalStepdefs; Method: waitForSpecifiedTime : Complete
2018-04-30 18:25:18 INFO  rootLogger:232 - Class: GlobalStepdefs; Method: clickButton : Start
2018-04-30 18:25:18 INFO  rootLogger:232 - Class: Hooks; Method: getDriver
2018-04-30 18:25:18 INFO  rootLogger:232 - get driver object
2018-04-30 18:25:18 INFO  rootLogger:232 - Class: Page; Method: clickButton
2018-04-30 18:25:18 INFO  rootLogger:232 - Current page name: Admin
2018-04-30 18:25:18 INFO  rootLogger:232 - Button to be clicked: OK2
2018-04-30 18:25:18 INFO  rootLogger:232 - Class: UtilFunctions; Method: getJSONFileObjBasedOnPageName
2018-04-30 18:25:18 INFO  rootLogger:232 - Class: UtilFunctions; Method: getElementStringAndType
2018-04-30 18:25:18 INFO  rootLogger:232 - Class: UtilFunctions; Method: getElementFromJSONFile
2018-04-30 18:25:18 INFO  rootLogger:232 - Return: //button[@class='consumerModuleButtons' and text()='OK']
2018-04-30 18:25:18 INFO  rootLogger:232 - Class: UtilFunctions; Method: getElementFromJSONFile
2018-04-30 18:25:18 INFO  rootLogger:232 - Return: //button[@class='consumerModuleButtons' and text()='OK']
2018-04-30 18:25:18 INFO  rootLogger:232 - xpath present
2018-04-30 18:25:18 INFO  rootLogger:232 - Class: SeleniumFunctions; Method: explicitWait
2018-04-30 18:25:18 INFO  rootLogger:232 - frame: //button[@class='consumerModuleButtons' and text()='OK'];xpath
2018-04-30 18:25:28 INFO  rootLogger:232 - Element not found after timeout of 10 seconds. Exception: Expected condition failed: waiting for visibility of element located by By.xpath: //button[@class='consumerModuleButtons' and text()='OK'] (tried for 10 second(s) with 500 MILLISECONDS interval)
2018-04-30 18:25:28 INFO  rootLogger:232 - Class: SeleniumFunctions; Method: setByValues
2018-04-30 18:25:28 INFO  rootLogger:232 - propField: //button[@class='consumerModuleButtons' and text()='OK'];xpath
2018-04-30 18:25:28 INFO  rootLogger:232 - switchType: xpath
2018-04-30 18:25:28 INFO  rootLogger:232 - switchValue: //button[@class='consumerModuleButtons' and text()='OK']
2018-04-30 18:25:28 INFO  rootLogger:232 - Class: SeleniumFunctions; Method: findElement
2018-04-30 18:25:28 INFO  rootLogger:232 - Class: SeleniumFunctions; Method: explicitWait
2018-04-30 18:25:28 INFO  rootLogger:232 - frame: 
2018-04-30 18:25:29 INFO  rootLogger:232 - Element not found after timeout of 1 seconds. Exception: Expected condition failed: waiting for visibility of element located by By.xpath: //button[@class='consumerModuleButtons' and text()='OK'] (tried for 1 second(s) with 500 MILLISECONDS interval)
2018-04-30 18:25:29 INFO  rootLogger:232 - Element not found. Returning null. Exception: Unable to locate element: //button[@class='consumerModuleButtons' and text()='OK']
For documentation on this error, please visit: http://seleniumhq.org/exceptions/no_such_element.html
Build info: version: '3.5.3', revision: 'a88d25fe6b', time: '2017-08-29T12:42:44.417Z'
System info: host: 'LENOVO-PC', ip: '192.168.3.101', os.name: 'Windows 7', os.arch: 'amd64', os.version: '6.1', java.version: '1.8.0_162'
Driver info: org.openqa.selenium.firefox.FirefoxDriver
Capabilities [{moz:profile=C:\Users\Lenovo\AppData\Local\Temp\rust_mozprofile.5H5GlWaDuVxj, rotatable=false, timeouts={implicit=0, pageLoad=300000, script=30000}, pageLoadStrategy=normal, moz:headless=false, platform=XP, moz:accessibilityChecks=false, moz:useNonSpecCompliantPointerOrigin=false, acceptInsecureCerts=false, browserVersion=59.0.2, platformVersion=6.1, moz:processID=1720, browserName=firefox, javascriptEnabled=true, platformName=XP, moz:webdriverClick=true}]
Session ID: ec7c3460-d3ae-4141-862e-4d6d70bba15a
*** Element info: {Using=xpath, value=//button[@class='consumerModuleButtons' and text()='OK']}
2018-04-30 18:25:29 INFO  rootLogger:232 - Button 'OK2' object null. Returning false.
2018-04-30 18:25:29 INFO  rootLogger:232 - Class: Hooks; Method: closeBrowserAndTakeScreenShot
2018-04-30 18:25:29 INFO  rootLogger:232 - Scenario: Verify Adding "New Adviser" - Failed
2018-04-30 18:25:29 INFO  rootLogger:232 - Class: Hooks; Method: takeScreenShot
2018-04-30 18:25:30 INFO  rootLogger:232 - Browser closed
2018-04-30 18:25:30 INFO  rootLogger:232 - Tried to kill process with PID: 1720
2018-04-30 18:25:30 INFO  rootLogger:232 - Scenario: Verify Adding "New Adviser" complete.
