2018-04-30 17:14:27 INFO  rootLogger:232 - Class: Hooks; Method: setUp
2018-04-30 17:14:27 INFO  rootLogger:232 - Scenario: Verify Change password starting.
2018-04-30 17:14:27 INFO  rootLogger:232 - Scenario Tag Name: @Sanity
2018-04-30 17:14:28 INFO  rootLogger:232 - Class: LoginStepdefs; Method: applicationLogin : Start
2018-04-30 17:14:28 INFO  rootLogger:232 - Class: Hooks; Method: openBrowser
2018-04-30 17:14:28 INFO  rootLogger:232 - userName: admin@huddil.com
2018-04-30 17:14:28 INFO  rootLogger:232 - Class: SetUpFile; Method: constructor
2018-04-30 17:14:28 INFO  rootLogger:232 - Initializing JSON files
2018-04-30 17:14:28 INFO  rootLogger:232 - Class: SetUpFile; Method: setUpBrowser
2018-04-30 17:14:34 INFO  rootLogger:232 - Firefox driver initialized
2018-04-30 17:14:38 INFO  rootLogger:232 - Class: Hooks; Method: setDriver
2018-04-30 17:14:38 INFO  rootLogger:232 - get driver object
2018-04-30 17:14:38 INFO  rootLogger:232 - Class: SetUpFile; Method: openURL
2018-04-30 17:15:03 INFO  rootLogger:232 - Class: SetUpFile; Method: logInApplication
2018-04-30 17:15:03 INFO  rootLogger:232 - Class: UtilFunctions; Method: getJSONFileObjBasedOnPageName
2018-04-30 17:15:03 INFO  rootLogger:232 - Class: UtilFunctions; Method: getElementFromJSONFile
2018-04-30 17:15:03 INFO  rootLogger:232 - Return: username
2018-04-30 17:15:03 INFO  rootLogger:232 - Class: UtilFunctions; Method: getElementFromJSONFile
2018-04-30 17:15:03 INFO  rootLogger:232 - Return: password
2018-04-30 17:15:03 INFO  rootLogger:232 - Class: UtilFunctions; Method: getElementFromJSONFile
2018-04-30 17:15:03 INFO  rootLogger:232 - Return: null
2018-04-30 17:15:03 INFO  rootLogger:232 - Class: SeleniumFunctions; Method: findElement
2018-04-30 17:15:03 INFO  rootLogger:232 - Class: SeleniumFunctions; Method: explicitWait
2018-04-30 17:15:03 INFO  rootLogger:232 - frame: 
2018-04-30 17:15:03 INFO  rootLogger:232 - UserName: admin@huddil.com entered
2018-04-30 17:15:03 INFO  rootLogger:232 - Class: SeleniumFunctions; Method: findElement
2018-04-30 17:15:03 INFO  rootLogger:232 - Class: SeleniumFunctions; Method: explicitWait
2018-04-30 17:15:03 INFO  rootLogger:232 - frame: 
2018-04-30 17:15:04 INFO  rootLogger:232 - Password: password entered
2018-04-30 17:15:04 INFO  rootLogger:232 - Class: UtilFunctions; Method: getElementFromJSONFile
2018-04-30 17:15:04 INFO  rootLogger:232 - Return: //button[@class='consumerModuleButtons submitButton' and text()='Sign in']
2018-04-30 17:15:04 INFO  rootLogger:232 - Class: SeleniumFunctions; Method: setByValues
2018-04-30 17:15:04 INFO  rootLogger:232 - propField: //button[@class='consumerModuleButtons submitButton' and text()='Sign in']
2018-04-30 17:15:04 INFO  rootLogger:232 - switchType: xpath
2018-04-30 17:15:04 INFO  rootLogger:232 - switchValue: //button[@class='consumerModuleButtons submitButton' and text()='Sign in']
2018-04-30 17:15:04 INFO  rootLogger:232 - Class: SeleniumFunctions; Method: findElement
2018-04-30 17:15:04 INFO  rootLogger:232 - Class: SeleniumFunctions; Method: explicitWait
2018-04-30 17:15:04 INFO  rootLogger:232 - frame: 
2018-04-30 17:15:06 INFO  rootLogger:232 - Login button clicked
2018-04-30 17:15:06 INFO  rootLogger:232 - Class: SeleniumFunctions; Method: switchToNewWindow
2018-04-30 17:15:06 INFO  rootLogger:232 - parentWindow: 4294967297
2018-04-30 17:15:06 INFO  rootLogger:232 - windowHandle: 4294967297
2018-04-30 17:15:06 INFO  rootLogger:232 - Class: Hooks; Method: setDriver
2018-04-30 17:15:06 INFO  rootLogger:232 - get driver object
2018-04-30 17:15:06 INFO  rootLogger:232 - Class: LoginStepdefs; Method: applicationLogin : Complete
2018-04-30 17:15:06 INFO  rootLogger:232 - Class: GlobalStepdefs; Method: checkPageLoad : Start
2018-04-30 17:15:06 INFO  rootLogger:232 - Class: Hooks; Method: getDriver
2018-04-30 17:15:06 INFO  rootLogger:232 - get driver object
2018-04-30 17:15:06 INFO  rootLogger:232 - Class: Page; Method: findPage
2018-04-30 17:15:06 INFO  rootLogger:232 - Current tab name: Admin
2018-04-30 17:15:06 INFO  rootLogger:232 - PaneName: Admin
2018-04-30 17:15:06 INFO  rootLogger:232 - Class: UtilFunctions; Method: getJSONFileObjBasedOnPageName
2018-04-30 17:15:06 INFO  rootLogger:232 - Class: UtilFunctions; Method: getElementFromJSONFile
2018-04-30 17:15:06 INFO  rootLogger:232 - Exception: null
2018-04-30 17:15:06 INFO  rootLogger:232 - Pane xpath: null
2018-04-30 17:15:06 INFO  rootLogger:232 - Class: Hooks; Method: getDriver
2018-04-30 17:15:06 INFO  rootLogger:232 - get driver object
2018-04-30 17:15:06 INFO  rootLogger:232 - Class: SeleniumFunctions; Method: explicitWait
2018-04-30 17:15:06 INFO  rootLogger:232 - frame: 
2018-04-30 17:15:06 INFO  rootLogger:232 - Class: SeleniumFunctions; Method: findElement
2018-04-30 17:15:06 INFO  rootLogger:232 - Class: SeleniumFunctions; Method: explicitWait
2018-04-30 17:15:06 INFO  rootLogger:232 - frame: 
2018-04-30 17:15:07 INFO  rootLogger:232 - Class: GlobalStepdefs; Method: checkPageLoad : Complete
2018-04-30 17:15:07 INFO  rootLogger:232 - Class: GlobalStepdefs; Method: clickMiscElement : Start
2018-04-30 17:15:07 INFO  rootLogger:232 - Pagename: Admin
2018-04-30 17:15:07 INFO  rootLogger:232 - Class: Hooks; Method: getDriver
2018-04-30 17:15:07 INFO  rootLogger:232 - get driver object
2018-04-30 17:15:07 INFO  rootLogger:232 - Class: Page; Method: clickMiscElement
2018-04-30 17:15:07 INFO  rootLogger:232 - Current tab name: Admin
2018-04-30 17:15:07 INFO  rootLogger:232 - ImageName: UserProfile
2018-04-30 17:15:07 INFO  rootLogger:232 - Class: UtilFunctions; Method: getJSONFileObjBasedOnPageName
2018-04-30 17:15:07 INFO  rootLogger:232 - Class: UtilFunctions; Method: getElementStringAndType
2018-04-30 17:15:07 INFO  rootLogger:232 - Class: UtilFunctions; Method: getElementFromJSONFile
2018-04-30 17:15:07 INFO  rootLogger:232 - Return: //i[@class='fa fa-user-circle']
2018-04-30 17:15:07 INFO  rootLogger:232 - Class: UtilFunctions; Method: getElementFromJSONFile
2018-04-30 17:15:07 INFO  rootLogger:232 - Return: //i[@class='fa fa-user-circle']
2018-04-30 17:15:07 INFO  rootLogger:232 - xpath present
2018-04-30 17:15:07 INFO  rootLogger:232 - Class: SeleniumFunctions; Method: explicitWait
2018-04-30 17:15:07 INFO  rootLogger:232 - frame: //i[@class='fa fa-user-circle'];xpath
2018-04-30 17:15:09 INFO  rootLogger:232 - Class: SeleniumFunctions; Method: setByValues
2018-04-30 17:15:09 INFO  rootLogger:232 - propField: //i[@class='fa fa-user-circle'];xpath
2018-04-30 17:15:09 INFO  rootLogger:232 - switchType: xpath
2018-04-30 17:15:09 INFO  rootLogger:232 - switchValue: //i[@class='fa fa-user-circle']
2018-04-30 17:15:09 INFO  rootLogger:232 - Class: SeleniumFunctions; Method: findElement
2018-04-30 17:15:09 INFO  rootLogger:232 - Class: SeleniumFunctions; Method: explicitWait
2018-04-30 17:15:09 INFO  rootLogger:232 - frame: 
2018-04-30 17:15:11 INFO  rootLogger:232 - Element: 'UserProfile' exist and clicked. Returning true.
2018-04-30 17:15:11 INFO  rootLogger:232 - Class: GlobalStepdefs; Method: checkForMultipleTextEntries : Start
2018-04-30 17:15:11 INFO  rootLogger:232 - Class: Page; Method: textExists
2018-04-30 17:15:11 INFO  rootLogger:232 - xPath: //*[contains(normalize-space(.), 'Edit Profile')]
2018-04-30 17:15:11 INFO  rootLogger:232 - Class: SeleniumFunctions; Method: explicitWait
2018-04-30 17:15:11 INFO  rootLogger:232 - frame: //*[contains(normalize-space(.), 'Edit Profile')];xpath
2018-04-30 17:15:11 INFO  rootLogger:232 - Class: SeleniumFunctions; Method: setByValues
2018-04-30 17:15:11 INFO  rootLogger:232 - propField: //*[contains(normalize-space(.), 'Edit Profile')];xpath
2018-04-30 17:15:11 INFO  rootLogger:232 - switchType: xpath
2018-04-30 17:15:11 INFO  rootLogger:232 - switchValue: //*[contains(normalize-space(.), 'Edit Profile')]
2018-04-30 17:15:11 INFO  rootLogger:232 - Class: SeleniumFunctions; Method: findElement
2018-04-30 17:15:11 INFO  rootLogger:232 - Class: SeleniumFunctions; Method: explicitWait
2018-04-30 17:15:11 INFO  rootLogger:232 - frame: 
2018-04-30 17:15:12 INFO  rootLogger:232 - This is my text: edit profile
2018-04-30 17:15:12 INFO  rootLogger:232 - This is the application text: admin myapps
edit profile
change password
logout
dashboard
payment
payments
users
facilities
terms
dashboard
amenities
locations
dashboard
payment status
select year
2017
2018
select month
january
february
march
april
may
june
july
august
september
october
november
december
payment
online payment
30
offline payment
4025
cancellation charge
1
refund
online refund
38
offline cancellation
28370
charges
huddil commission
401.6
transaction charges
1.38
settlement
(sp)
-371.98
user status
done
active
43
person
consumer
21
service provider
14
account_box
advisor
8
clear
disabled
4
person
consumer
1
service provider
1
account_box
advisor
2
report_problem
activation pending
18
person
consumer
6
service provider
12
account_box
advisor
0
facility status
active
done
approved facilities
110
pending for approval
5
clear
denied facilities
25
certified
huddil verified
86
pending verification
5
rejected verification
0
not active
done
blocked
(admin/advisor)
81
clear
deactivated
(service provider)
4
usage policy
privacy policy
disclaimer
© huddil.com. all rights reserved.
site best viewed at 1280 x 768 resolution in google chrome 3 or above, mozilla 3.5 or above,i.e 11 or above
send us a message
2018-04-30 17:15:12 INFO  rootLogger:232 - Text: 'edit profile' exist. Returning true.
2018-04-30 17:15:12 INFO  rootLogger:232 - Class: Page; Method: textExists
2018-04-30 17:15:12 INFO  rootLogger:232 - xPath: //*[contains(normalize-space(.), 'Change Password')]
2018-04-30 17:15:12 INFO  rootLogger:232 - Class: SeleniumFunctions; Method: explicitWait
2018-04-30 17:15:12 INFO  rootLogger:232 - frame: //*[contains(normalize-space(.), 'Change Password')];xpath
2018-04-30 17:15:12 INFO  rootLogger:232 - Class: SeleniumFunctions; Method: setByValues
2018-04-30 17:15:12 INFO  rootLogger:232 - propField: //*[contains(normalize-space(.), 'Change Password')];xpath
2018-04-30 17:15:12 INFO  rootLogger:232 - switchType: xpath
2018-04-30 17:15:12 INFO  rootLogger:232 - switchValue: //*[contains(normalize-space(.), 'Change Password')]
2018-04-30 17:15:12 INFO  rootLogger:232 - Class: SeleniumFunctions; Method: findElement
2018-04-30 17:15:12 INFO  rootLogger:232 - Class: SeleniumFunctions; Method: explicitWait
2018-04-30 17:15:12 INFO  rootLogger:232 - frame: 
2018-04-30 17:15:12 INFO  rootLogger:232 - This is my text: change password
2018-04-30 17:15:12 INFO  rootLogger:232 - This is the application text: admin myapps
edit profile
change password
logout
dashboard
payment
payments
users
facilities
terms
dashboard
amenities
locations
dashboard
payment status
select year
2017
2018
select month
january
february
march
april
may
june
july
august
september
october
november
december
payment
online payment
30
offline payment
4025
cancellation charge
1
refund
online refund
38
offline cancellation
28370
charges
huddil commission
401.6
transaction charges
1.38
settlement
(sp)
-371.98
user status
done
active
43
person
consumer
21
service provider
14
account_box
advisor
8
clear
disabled
4
person
consumer
1
service provider
1
account_box
advisor
2
report_problem
activation pending
18
person
consumer
6
service provider
12
account_box
advisor
0
facility status
active
done
approved facilities
110
pending for approval
5
clear
denied facilities
25
certified
huddil verified
86
pending verification
5
rejected verification
0
not active
done
blocked
(admin/advisor)
81
clear
deactivated
(service provider)
4
usage policy
privacy policy
disclaimer
© huddil.com. all rights reserved.
site best viewed at 1280 x 768 resolution in google chrome 3 or above, mozilla 3.5 or above,i.e 11 or above
send us a message
2018-04-30 17:15:12 INFO  rootLogger:232 - Text: 'change password' exist. Returning true.
2018-04-30 17:15:12 INFO  rootLogger:232 - Class: Page; Method: textExists
2018-04-30 17:15:12 INFO  rootLogger:232 - xPath: //*[contains(normalize-space(.), 'Logout')]
2018-04-30 17:15:12 INFO  rootLogger:232 - Class: SeleniumFunctions; Method: explicitWait
2018-04-30 17:15:12 INFO  rootLogger:232 - frame: //*[contains(normalize-space(.), 'Logout')];xpath
2018-04-30 17:15:13 INFO  rootLogger:232 - Class: SeleniumFunctions; Method: setByValues
2018-04-30 17:15:13 INFO  rootLogger:232 - propField: //*[contains(normalize-space(.), 'Logout')];xpath
2018-04-30 17:15:13 INFO  rootLogger:232 - switchType: xpath
2018-04-30 17:15:13 INFO  rootLogger:232 - switchValue: //*[contains(normalize-space(.), 'Logout')]
2018-04-30 17:15:13 INFO  rootLogger:232 - Class: SeleniumFunctions; Method: findElement
2018-04-30 17:15:13 INFO  rootLogger:232 - Class: SeleniumFunctions; Method: explicitWait
2018-04-30 17:15:13 INFO  rootLogger:232 - frame: 
2018-04-30 17:15:13 INFO  rootLogger:232 - This is my text: logout
2018-04-30 17:15:13 INFO  rootLogger:232 - This is the application text: admin myapps
edit profile
change password
logout
dashboard
payment
payments
users
facilities
terms
dashboard
amenities
locations
dashboard
payment status
select year
2017
2018
select month
january
february
march
april
may
june
july
august
september
october
november
december
payment
online payment
30
offline payment
4025
cancellation charge
1
refund
online refund
38
offline cancellation
28370
charges
huddil commission
401.6
transaction charges
1.38
settlement
(sp)
-371.98
user status
done
active
43
person
consumer
21
service provider
14
account_box
advisor
8
clear
disabled
4
person
consumer
1
service provider
1
account_box
advisor
2
report_problem
activation pending
18
person
consumer
6
service provider
12
account_box
advisor
0
facility status
active
done
approved facilities
110
pending for approval
5
clear
denied facilities
25
certified
huddil verified
86
pending verification
5
rejected verification
0
not active
done
blocked
(admin/advisor)
81
clear
deactivated
(service provider)
4
usage policy
privacy policy
disclaimer
© huddil.com. all rights reserved.
site best viewed at 1280 x 768 resolution in google chrome 3 or above, mozilla 3.5 or above,i.e 11 or above
send us a message
2018-04-30 17:15:13 INFO  rootLogger:232 - Text: 'logout' exist. Returning true.
2018-04-30 17:15:13 INFO  rootLogger:232 - Class: GlobalStepdefs; Method: checkForMultipleTextEntries : Complete
2018-04-30 17:15:13 INFO  rootLogger:232 - Class: GlobalStepdefs; Method: clickMiscElement : Start
2018-04-30 17:15:13 INFO  rootLogger:232 - Pagename: Admin
2018-04-30 17:15:13 INFO  rootLogger:232 - Class: Hooks; Method: getDriver
2018-04-30 17:15:13 INFO  rootLogger:232 - get driver object
2018-04-30 17:15:13 INFO  rootLogger:232 - Class: Page; Method: clickMiscElement
2018-04-30 17:15:13 INFO  rootLogger:232 - Current tab name: Admin
2018-04-30 17:15:13 INFO  rootLogger:232 - ImageName: ChangePassword
2018-04-30 17:15:13 INFO  rootLogger:232 - Class: UtilFunctions; Method: getJSONFileObjBasedOnPageName
2018-04-30 17:15:13 INFO  rootLogger:232 - Class: UtilFunctions; Method: getElementStringAndType
2018-04-30 17:15:13 INFO  rootLogger:232 - Class: UtilFunctions; Method: getElementFromJSONFile
2018-04-30 17:15:13 INFO  rootLogger:232 - Return: //div[@class='userMenuSubFieldsContainer'  and child::p[text()='Change Password']]
2018-04-30 17:15:13 INFO  rootLogger:232 - Class: UtilFunctions; Method: getElementFromJSONFile
2018-04-30 17:15:13 INFO  rootLogger:232 - Return: //div[@class='userMenuSubFieldsContainer'  and child::p[text()='Change Password']]
2018-04-30 17:15:13 INFO  rootLogger:232 - xpath present
2018-04-30 17:15:13 INFO  rootLogger:232 - Class: SeleniumFunctions; Method: explicitWait
2018-04-30 17:15:13 INFO  rootLogger:232 - frame: //div[@class='userMenuSubFieldsContainer'  and child::p[text()='Change Password']];xpath
2018-04-30 17:15:13 INFO  rootLogger:232 - Class: SeleniumFunctions; Method: setByValues
2018-04-30 17:15:13 INFO  rootLogger:232 - propField: //div[@class='userMenuSubFieldsContainer'  and child::p[text()='Change Password']];xpath
2018-04-30 17:15:13 INFO  rootLogger:232 - switchType: xpath
2018-04-30 17:15:13 INFO  rootLogger:232 - switchValue: //div[@class='userMenuSubFieldsContainer'  and child::p[text()='Change Password']]
2018-04-30 17:15:13 INFO  rootLogger:232 - Class: SeleniumFunctions; Method: findElement
2018-04-30 17:15:13 INFO  rootLogger:232 - Class: SeleniumFunctions; Method: explicitWait
2018-04-30 17:15:13 INFO  rootLogger:232 - frame: 
2018-04-30 17:15:14 INFO  rootLogger:232 - Element: 'ChangePassword' exist and clicked. Returning true.
2018-04-30 17:15:14 INFO  rootLogger:232 - Class: GlobalStepdefs; Method: enterInTheField : Start
2018-04-30 17:15:14 INFO  rootLogger:232 - Class: Hooks; Method: getDriver
2018-04-30 17:15:14 INFO  rootLogger:232 - get driver object
2018-04-30 17:15:14 INFO  rootLogger:232 - Class: Page; Method: setTextBox
2018-04-30 17:15:14 INFO  rootLogger:232 - Current page name: Admin
2018-04-30 17:15:14 INFO  rootLogger:232 - Text box field name: OldPassword
2018-04-30 17:15:14 INFO  rootLogger:232 - Class: UtilFunctions; Method: getJSONFileObjBasedOnPageName
2018-04-30 17:15:14 INFO  rootLogger:232 - Class: UtilFunctions; Method: getElementStringAndType
2018-04-30 17:15:14 INFO  rootLogger:232 - Class: UtilFunctions; Method: getElementFromJSONFile
2018-04-30 17:15:14 INFO  rootLogger:232 - Return: null
2018-04-30 17:15:14 INFO  rootLogger:232 - Class: UtilFunctions; Method: getElementFromJSONFile
2018-04-30 17:15:14 INFO  rootLogger:232 - Return: input_oldPassword
2018-04-30 17:15:14 INFO  rootLogger:232 - Class: UtilFunctions; Method: getElementFromJSONFile
2018-04-30 17:15:14 INFO  rootLogger:232 - Return: input_oldPassword
2018-04-30 17:15:14 INFO  rootLogger:232 - id present
2018-04-30 17:15:14 INFO  rootLogger:232 - Text box textPath: input_oldPassword
2018-04-30 17:15:14 INFO  rootLogger:232 - Text box textMethod: id
2018-04-30 17:15:15 INFO  rootLogger:232 - Class: Hooks; Method: getDriver
2018-04-30 17:15:15 INFO  rootLogger:232 - get driver object
2018-04-30 17:15:15 INFO  rootLogger:232 - Class: SeleniumFunctions; Method: setByValues
2018-04-30 17:15:15 INFO  rootLogger:232 - propField: input_oldPassword;id
2018-04-30 17:15:15 INFO  rootLogger:232 - switchType: id
2018-04-30 17:15:15 INFO  rootLogger:232 - switchValue: input_oldPassword
2018-04-30 17:15:15 INFO  rootLogger:232 - Class: SeleniumFunctions; Method: findElement
2018-04-30 17:15:15 INFO  rootLogger:232 - Class: SeleniumFunctions; Method: explicitWait
2018-04-30 17:15:15 INFO  rootLogger:232 - frame: 
2018-04-30 17:15:17 INFO  rootLogger:232 - Text box 'OldPassword' object not null. Entered Value: 'password'. Returning true.
2018-04-30 17:15:17 INFO  rootLogger:232 - Class: GlobalStepdefs; Method: enterInTheField : Complete
2018-04-30 17:15:17 INFO  rootLogger:232 - Class: GlobalStepdefs; Method: enterInTheField : Start
2018-04-30 17:15:17 INFO  rootLogger:232 - Class: Hooks; Method: getDriver
2018-04-30 17:15:17 INFO  rootLogger:232 - get driver object
2018-04-30 17:15:17 INFO  rootLogger:232 - Class: Page; Method: setTextBox
2018-04-30 17:15:17 INFO  rootLogger:232 - Current page name: Admin
2018-04-30 17:15:17 INFO  rootLogger:232 - Text box field name: NewPassword
2018-04-30 17:15:17 INFO  rootLogger:232 - Class: UtilFunctions; Method: getJSONFileObjBasedOnPageName
2018-04-30 17:15:17 INFO  rootLogger:232 - Class: UtilFunctions; Method: getElementStringAndType
2018-04-30 17:15:17 INFO  rootLogger:232 - Class: UtilFunctions; Method: getElementFromJSONFile
2018-04-30 17:15:17 INFO  rootLogger:232 - Return: null
2018-04-30 17:15:17 INFO  rootLogger:232 - Class: UtilFunctions; Method: getElementFromJSONFile
2018-04-30 17:15:17 INFO  rootLogger:232 - Return: input_newPassword
2018-04-30 17:15:17 INFO  rootLogger:232 - Class: UtilFunctions; Method: getElementFromJSONFile
2018-04-30 17:15:17 INFO  rootLogger:232 - Return: input_newPassword
2018-04-30 17:15:17 INFO  rootLogger:232 - id present
2018-04-30 17:15:17 INFO  rootLogger:232 - Text box textPath: input_newPassword
2018-04-30 17:15:17 INFO  rootLogger:232 - Text box textMethod: id
2018-04-30 17:15:18 INFO  rootLogger:232 - Class: Hooks; Method: getDriver
2018-04-30 17:15:18 INFO  rootLogger:232 - get driver object
2018-04-30 17:15:18 INFO  rootLogger:232 - Class: SeleniumFunctions; Method: setByValues
2018-04-30 17:15:18 INFO  rootLogger:232 - propField: input_newPassword;id
2018-04-30 17:15:18 INFO  rootLogger:232 - switchType: id
2018-04-30 17:15:18 INFO  rootLogger:232 - switchValue: input_newPassword
2018-04-30 17:15:18 INFO  rootLogger:232 - Class: SeleniumFunctions; Method: findElement
2018-04-30 17:15:18 INFO  rootLogger:232 - Class: SeleniumFunctions; Method: explicitWait
2018-04-30 17:15:18 INFO  rootLogger:232 - frame: 
2018-04-30 17:15:19 INFO  rootLogger:232 - Text box 'NewPassword' object not null. Entered Value: 'password1'. Returning true.
2018-04-30 17:15:19 INFO  rootLogger:232 - Class: GlobalStepdefs; Method: enterInTheField : Complete
2018-04-30 17:15:19 INFO  rootLogger:232 - Class: GlobalStepdefs; Method: enterInTheField : Start
2018-04-30 17:15:19 INFO  rootLogger:232 - Class: Hooks; Method: getDriver
2018-04-30 17:15:19 INFO  rootLogger:232 - get driver object
2018-04-30 17:15:19 INFO  rootLogger:232 - Class: Page; Method: setTextBox
2018-04-30 17:15:19 INFO  rootLogger:232 - Current page name: Admin
2018-04-30 17:15:19 INFO  rootLogger:232 - Text box field name: ConfirmPassword
2018-04-30 17:15:19 INFO  rootLogger:232 - Class: UtilFunctions; Method: getJSONFileObjBasedOnPageName
2018-04-30 17:15:19 INFO  rootLogger:232 - Class: UtilFunctions; Method: getElementStringAndType
2018-04-30 17:15:19 INFO  rootLogger:232 - Class: UtilFunctions; Method: getElementFromJSONFile
2018-04-30 17:15:19 INFO  rootLogger:232 - Return: null
2018-04-30 17:15:19 INFO  rootLogger:232 - Class: UtilFunctions; Method: getElementFromJSONFile
2018-04-30 17:15:19 INFO  rootLogger:232 - Return: input_cPassword
2018-04-30 17:15:19 INFO  rootLogger:232 - Class: UtilFunctions; Method: getElementFromJSONFile
2018-04-30 17:15:19 INFO  rootLogger:232 - Return: input_cPassword
2018-04-30 17:15:19 INFO  rootLogger:232 - id present
2018-04-30 17:15:19 INFO  rootLogger:232 - Text box textPath: input_cPassword
2018-04-30 17:15:19 INFO  rootLogger:232 - Text box textMethod: id
2018-04-30 17:15:20 INFO  rootLogger:232 - Class: Hooks; Method: getDriver
2018-04-30 17:15:20 INFO  rootLogger:232 - get driver object
2018-04-30 17:15:20 INFO  rootLogger:232 - Class: SeleniumFunctions; Method: setByValues
2018-04-30 17:15:20 INFO  rootLogger:232 - propField: input_cPassword;id
2018-04-30 17:15:20 INFO  rootLogger:232 - switchType: id
2018-04-30 17:15:20 INFO  rootLogger:232 - switchValue: input_cPassword
2018-04-30 17:15:20 INFO  rootLogger:232 - Class: SeleniumFunctions; Method: findElement
2018-04-30 17:15:20 INFO  rootLogger:232 - Class: SeleniumFunctions; Method: explicitWait
2018-04-30 17:15:20 INFO  rootLogger:232 - frame: 
2018-04-30 17:15:22 INFO  rootLogger:232 - Text box 'ConfirmPassword' object not null. Entered Value: 'password1'. Returning true.
2018-04-30 17:15:22 INFO  rootLogger:232 - Class: GlobalStepdefs; Method: enterInTheField : Complete
2018-04-30 17:15:22 INFO  rootLogger:232 - Class: GlobalStepdefs; Method: clickButton : Start
2018-04-30 17:15:22 INFO  rootLogger:232 - Class: Hooks; Method: getDriver
2018-04-30 17:15:22 INFO  rootLogger:232 - get driver object
2018-04-30 17:15:22 INFO  rootLogger:232 - Class: Page; Method: clickButton
2018-04-30 17:15:22 INFO  rootLogger:232 - Current page name: Admin
2018-04-30 17:15:22 INFO  rootLogger:232 - Button to be clicked: SaveChanges
2018-04-30 17:15:22 INFO  rootLogger:232 - Class: UtilFunctions; Method: getJSONFileObjBasedOnPageName
2018-04-30 17:15:22 INFO  rootLogger:232 - Class: UtilFunctions; Method: getElementStringAndType
2018-04-30 17:15:22 INFO  rootLogger:232 - Class: UtilFunctions; Method: getElementFromJSONFile
2018-04-30 17:15:22 INFO  rootLogger:232 - Return: null
2018-04-30 17:15:22 INFO  rootLogger:232 - Class: UtilFunctions; Method: getElementFromJSONFile
2018-04-30 17:15:22 INFO  rootLogger:232 - Return: button_saveChanges
2018-04-30 17:15:22 INFO  rootLogger:232 - Class: UtilFunctions; Method: getElementFromJSONFile
2018-04-30 17:15:22 INFO  rootLogger:232 - Return: button_saveChanges
2018-04-30 17:15:22 INFO  rootLogger:232 - id present
2018-04-30 17:15:22 INFO  rootLogger:232 - Class: SeleniumFunctions; Method: explicitWait
2018-04-30 17:15:22 INFO  rootLogger:232 - frame: button_saveChanges;id
2018-04-30 17:15:22 INFO  rootLogger:232 - Class: SeleniumFunctions; Method: setByValues
2018-04-30 17:15:22 INFO  rootLogger:232 - propField: button_saveChanges;id
2018-04-30 17:15:22 INFO  rootLogger:232 - switchType: id
2018-04-30 17:15:22 INFO  rootLogger:232 - switchValue: button_saveChanges
2018-04-30 17:15:22 INFO  rootLogger:232 - Class: SeleniumFunctions; Method: findElement
2018-04-30 17:15:22 INFO  rootLogger:232 - Class: SeleniumFunctions; Method: explicitWait
2018-04-30 17:15:22 INFO  rootLogger:232 - frame: 
2018-04-30 17:15:23 INFO  rootLogger:232 - Button 'SaveChanges' object not null and is clicked. Returning true.
2018-04-30 17:15:23 INFO  rootLogger:232 - Class: GlobalStepdefs; Method: clickButton : Complete
2018-04-30 17:15:23 INFO  rootLogger:232 - Class: GlobalStepdefs; Method: clickButton : Start
2018-04-30 17:15:23 INFO  rootLogger:232 - Class: Hooks; Method: getDriver
2018-04-30 17:15:23 INFO  rootLogger:232 - get driver object
2018-04-30 17:15:23 INFO  rootLogger:232 - Class: Page; Method: clickButton
2018-04-30 17:15:23 INFO  rootLogger:232 - Current page name: Admin
2018-04-30 17:15:23 INFO  rootLogger:232 - Button to be clicked: OK
2018-04-30 17:15:23 INFO  rootLogger:232 - Class: UtilFunctions; Method: getJSONFileObjBasedOnPageName
2018-04-30 17:15:23 INFO  rootLogger:232 - Class: UtilFunctions; Method: getElementStringAndType
2018-04-30 17:15:23 INFO  rootLogger:232 - Class: UtilFunctions; Method: getElementFromJSONFile
2018-04-30 17:15:23 INFO  rootLogger:232 - Return: null
2018-04-30 17:15:23 INFO  rootLogger:232 - Class: UtilFunctions; Method: getElementFromJSONFile
2018-04-30 17:15:23 INFO  rootLogger:232 - Return: button_ok
2018-04-30 17:15:23 INFO  rootLogger:232 - Class: UtilFunctions; Method: getElementFromJSONFile
2018-04-30 17:15:23 INFO  rootLogger:232 - Return: button_ok
2018-04-30 17:15:23 INFO  rootLogger:232 - id present
2018-04-30 17:15:23 INFO  rootLogger:232 - Class: SeleniumFunctions; Method: explicitWait
2018-04-30 17:15:23 INFO  rootLogger:232 - frame: button_ok;id
2018-04-30 17:15:33 INFO  rootLogger:232 - Element not found after timeout of 10 seconds. Exception: Expected condition failed: waiting for visibility of element located by By.id: button_ok (tried for 10 second(s) with 500 MILLISECONDS interval)
2018-04-30 17:15:33 INFO  rootLogger:232 - Class: SeleniumFunctions; Method: setByValues
2018-04-30 17:15:33 INFO  rootLogger:232 - propField: button_ok;id
2018-04-30 17:15:33 INFO  rootLogger:232 - switchType: id
2018-04-30 17:15:33 INFO  rootLogger:232 - switchValue: button_ok
2018-04-30 17:15:33 INFO  rootLogger:232 - Class: SeleniumFunctions; Method: findElement
2018-04-30 17:15:33 INFO  rootLogger:232 - Class: SeleniumFunctions; Method: explicitWait
2018-04-30 17:15:33 INFO  rootLogger:232 - frame: 
2018-04-30 17:15:34 INFO  rootLogger:232 - Element not found after timeout of 1 seconds. Exception: Expected condition failed: waiting for visibility of element located by By.id: button_ok (tried for 1 second(s) with 500 MILLISECONDS interval)
2018-04-30 17:15:34 INFO  rootLogger:232 - Element not found. Returning null. Exception: Unable to locate element: #button_ok
For documentation on this error, please visit: http://seleniumhq.org/exceptions/no_such_element.html
Build info: version: '3.5.3', revision: 'a88d25fe6b', time: '2017-08-29T12:42:44.417Z'
System info: host: 'LENOVO-PC', ip: '192.168.3.101', os.name: 'Windows 7', os.arch: 'amd64', os.version: '6.1', java.version: '1.8.0_162'
Driver info: org.openqa.selenium.firefox.FirefoxDriver
Capabilities [{moz:profile=C:\Users\Lenovo\AppData\Local\Temp\rust_mozprofile.Po4XyHTYG3yL, rotatable=false, timeouts={implicit=0, pageLoad=300000, script=30000}, pageLoadStrategy=normal, moz:headless=false, platform=XP, moz:accessibilityChecks=false, moz:useNonSpecCompliantPointerOrigin=false, acceptInsecureCerts=false, browserVersion=59.0.2, platformVersion=6.1, moz:processID=9468, browserName=firefox, javascriptEnabled=true, platformName=XP, moz:webdriverClick=true}]
Session ID: 28a37bfb-32bd-4e8f-b8f6-af08a922fde5
*** Element info: {Using=id, value=button_ok}
2018-04-30 17:15:34 INFO  rootLogger:232 - Button 'OK' object null. Returning false.
2018-04-30 17:15:34 INFO  rootLogger:232 - Class: Hooks; Method: closeBrowserAndTakeScreenShot
2018-04-30 17:15:34 INFO  rootLogger:232 - Scenario: Verify Change password - Failed
2018-04-30 17:15:34 INFO  rootLogger:232 - Class: Hooks; Method: takeScreenShot
2018-04-30 17:15:35 INFO  rootLogger:232 - Browser closed
2018-04-30 17:15:35 INFO  rootLogger:232 - Tried to kill process with PID: 9468
2018-04-30 17:15:35 INFO  rootLogger:232 - Scenario: Verify Change password complete.
