2018-04-30 18:37:19 INFO  rootLogger:232 - Class: Hooks; Method: setUp
2018-04-30 18:37:19 INFO  rootLogger:232 - Scenario: Verify Payment Details using search in Payments starting.
2018-04-30 18:37:19 INFO  rootLogger:232 - Scenario Tag Name: @Sanity
2018-04-30 18:37:19 INFO  rootLogger:232 - Class: LoginStepdefs; Method: applicationLogin : Start
2018-04-30 18:37:19 INFO  rootLogger:232 - Class: Hooks; Method: openBrowser
2018-04-30 18:37:19 INFO  rootLogger:232 - userName: admin@huddil.com
2018-04-30 18:37:19 INFO  rootLogger:232 - Class: SetUpFile; Method: constructor
2018-04-30 18:37:19 INFO  rootLogger:232 - Initializing JSON files
2018-04-30 18:37:19 INFO  rootLogger:232 - Class: SetUpFile; Method: setUpBrowser
2018-04-30 18:37:27 INFO  rootLogger:232 - Firefox driver initialized
2018-04-30 18:37:31 INFO  rootLogger:232 - Class: Hooks; Method: setDriver
2018-04-30 18:37:31 INFO  rootLogger:232 - get driver object
2018-04-30 18:37:31 INFO  rootLogger:232 - Class: SetUpFile; Method: openURL
2018-04-30 18:37:41 INFO  rootLogger:232 - URL: http://198.1.85.118/ not present. ABORTING!!
2018-04-30 18:37:41 INFO  rootLogger:232 - Class: Hooks; Method: closeBrowserAndTakeScreenShot
2018-04-30 18:37:41 INFO  rootLogger:232 - Scenario: Verify Payment Details using search in Payments - Failed
2018-04-30 18:37:41 INFO  rootLogger:232 - Class: Hooks; Method: takeScreenShot
2018-04-30 18:37:42 INFO  rootLogger:232 - Browser closed
2018-04-30 18:37:42 INFO  rootLogger:232 - Tried to kill process with PID: 4340
2018-04-30 18:37:42 INFO  rootLogger:232 - Scenario: Verify Payment Details using search in Payments complete.
