2018-04-30 15:29:10 INFO  rootLogger:232 - Class: Hooks; Method: setUp
2018-04-30 15:29:10 INFO  rootLogger:232 - Scenario: Verify Search & Block Facility starting.
2018-04-30 15:29:10 INFO  rootLogger:232 - Scenario Tag Name: @Sanity
2018-04-30 15:29:11 INFO  rootLogger:232 - Class: LoginStepdefs; Method: applicationLogin : Start
2018-04-30 15:29:11 INFO  rootLogger:232 - Class: Hooks; Method: openBrowser
2018-04-30 15:29:11 INFO  rootLogger:232 - userName: admin@huddil.com
2018-04-30 15:29:11 INFO  rootLogger:232 - Class: SetUpFile; Method: constructor
2018-04-30 15:29:11 INFO  rootLogger:232 - Initializing JSON files
2018-04-30 15:29:11 INFO  rootLogger:232 - Class: SetUpFile; Method: setUpBrowser
2018-04-30 15:29:18 INFO  rootLogger:232 - Firefox driver initialized
2018-04-30 15:29:21 INFO  rootLogger:232 - Class: Hooks; Method: setDriver
2018-04-30 15:29:21 INFO  rootLogger:232 - get driver object
2018-04-30 15:29:21 INFO  rootLogger:232 - Class: SetUpFile; Method: openURL
2018-04-30 15:29:47 INFO  rootLogger:232 - Class: SetUpFile; Method: logInApplication
2018-04-30 15:29:47 INFO  rootLogger:232 - Class: UtilFunctions; Method: getJSONFileObjBasedOnPageName
2018-04-30 15:29:47 INFO  rootLogger:232 - Class: UtilFunctions; Method: getElementFromJSONFile
2018-04-30 15:29:47 INFO  rootLogger:232 - Return: username
2018-04-30 15:29:47 INFO  rootLogger:232 - Class: UtilFunctions; Method: getElementFromJSONFile
2018-04-30 15:29:47 INFO  rootLogger:232 - Return: password
2018-04-30 15:29:47 INFO  rootLogger:232 - Class: UtilFunctions; Method: getElementFromJSONFile
2018-04-30 15:29:47 INFO  rootLogger:232 - Return: null
2018-04-30 15:29:47 INFO  rootLogger:232 - Class: SeleniumFunctions; Method: findElement
2018-04-30 15:29:47 INFO  rootLogger:232 - Class: SeleniumFunctions; Method: explicitWait
2018-04-30 15:29:47 INFO  rootLogger:232 - frame: 
2018-04-30 15:29:47 INFO  rootLogger:232 - UserName: admin@huddil.com entered
2018-04-30 15:29:47 INFO  rootLogger:232 - Class: SeleniumFunctions; Method: findElement
2018-04-30 15:29:47 INFO  rootLogger:232 - Class: SeleniumFunctions; Method: explicitWait
2018-04-30 15:29:47 INFO  rootLogger:232 - frame: 
2018-04-30 15:29:48 INFO  rootLogger:232 - Password: password entered
2018-04-30 15:29:48 INFO  rootLogger:232 - Class: UtilFunctions; Method: getElementFromJSONFile
2018-04-30 15:29:48 INFO  rootLogger:232 - Return: //button[@class='consumerModuleButtons submitButton' and text()='Sign in']
2018-04-30 15:29:48 INFO  rootLogger:232 - Class: SeleniumFunctions; Method: setByValues
2018-04-30 15:29:48 INFO  rootLogger:232 - propField: //button[@class='consumerModuleButtons submitButton' and text()='Sign in']
2018-04-30 15:29:48 INFO  rootLogger:232 - switchType: xpath
2018-04-30 15:29:48 INFO  rootLogger:232 - switchValue: //button[@class='consumerModuleButtons submitButton' and text()='Sign in']
2018-04-30 15:29:48 INFO  rootLogger:232 - Class: SeleniumFunctions; Method: findElement
2018-04-30 15:29:48 INFO  rootLogger:232 - Class: SeleniumFunctions; Method: explicitWait
2018-04-30 15:29:48 INFO  rootLogger:232 - frame: 
2018-04-30 15:29:51 INFO  rootLogger:232 - Login button clicked
2018-04-30 15:29:51 INFO  rootLogger:232 - Class: SeleniumFunctions; Method: switchToNewWindow
2018-04-30 15:29:51 INFO  rootLogger:232 - parentWindow: 4294967297
2018-04-30 15:29:51 INFO  rootLogger:232 - windowHandle: 4294967297
2018-04-30 15:29:51 INFO  rootLogger:232 - Class: Hooks; Method: setDriver
2018-04-30 15:29:51 INFO  rootLogger:232 - get driver object
2018-04-30 15:29:51 INFO  rootLogger:232 - Class: LoginStepdefs; Method: applicationLogin : Complete
2018-04-30 15:29:51 INFO  rootLogger:232 - Class: GlobalStepdefs; Method: checkPageLoad : Start
2018-04-30 15:29:51 INFO  rootLogger:232 - Class: Hooks; Method: getDriver
2018-04-30 15:29:51 INFO  rootLogger:232 - get driver object
2018-04-30 15:29:51 INFO  rootLogger:232 - Class: Page; Method: findPage
2018-04-30 15:29:51 INFO  rootLogger:232 - Current tab name: Admin
2018-04-30 15:29:51 INFO  rootLogger:232 - PaneName: Admin
2018-04-30 15:29:51 INFO  rootLogger:232 - Class: UtilFunctions; Method: getJSONFileObjBasedOnPageName
2018-04-30 15:29:51 INFO  rootLogger:232 - Class: UtilFunctions; Method: getElementFromJSONFile
2018-04-30 15:29:51 INFO  rootLogger:232 - Exception: null
2018-04-30 15:29:51 INFO  rootLogger:232 - Pane xpath: null
2018-04-30 15:29:51 INFO  rootLogger:232 - Class: Hooks; Method: getDriver
2018-04-30 15:29:51 INFO  rootLogger:232 - get driver object
2018-04-30 15:29:51 INFO  rootLogger:232 - Class: SeleniumFunctions; Method: explicitWait
2018-04-30 15:29:51 INFO  rootLogger:232 - frame: 
2018-04-30 15:29:51 INFO  rootLogger:232 - Class: SeleniumFunctions; Method: findElement
2018-04-30 15:29:51 INFO  rootLogger:232 - Class: SeleniumFunctions; Method: explicitWait
2018-04-30 15:29:51 INFO  rootLogger:232 - frame: 
2018-04-30 15:29:53 INFO  rootLogger:232 - Class: GlobalStepdefs; Method: checkPageLoad : Complete
2018-04-30 15:29:53 INFO  rootLogger:232 - Class: GlobalStepdefs; Method: clickMiscElement : Start
2018-04-30 15:29:53 INFO  rootLogger:232 - Pagename: Admin
2018-04-30 15:29:53 INFO  rootLogger:232 - Class: Hooks; Method: getDriver
2018-04-30 15:29:53 INFO  rootLogger:232 - get driver object
2018-04-30 15:29:53 INFO  rootLogger:232 - Class: Page; Method: clickMiscElement
2018-04-30 15:29:53 INFO  rootLogger:232 - Current tab name: Admin
2018-04-30 15:29:53 INFO  rootLogger:232 - ImageName: Facilities
2018-04-30 15:29:53 INFO  rootLogger:232 - Class: UtilFunctions; Method: getJSONFileObjBasedOnPageName
2018-04-30 15:29:53 INFO  rootLogger:232 - Class: UtilFunctions; Method: getElementStringAndType
2018-04-30 15:29:53 INFO  rootLogger:232 - Class: UtilFunctions; Method: getElementFromJSONFile
2018-04-30 15:29:53 INFO  rootLogger:232 - Return: //div[contains (@class,  'sideMenuItem') and child::p[text()='Facilities']]
2018-04-30 15:29:53 INFO  rootLogger:232 - Class: UtilFunctions; Method: getElementFromJSONFile
2018-04-30 15:29:53 INFO  rootLogger:232 - Return: //div[contains (@class,  'sideMenuItem') and child::p[text()='Facilities']]
2018-04-30 15:29:53 INFO  rootLogger:232 - xpath present
2018-04-30 15:29:53 INFO  rootLogger:232 - Class: SeleniumFunctions; Method: explicitWait
2018-04-30 15:29:53 INFO  rootLogger:232 - frame: //div[contains (@class,  'sideMenuItem') and child::p[text()='Facilities']];xpath
2018-04-30 15:29:53 INFO  rootLogger:232 - Class: SeleniumFunctions; Method: setByValues
2018-04-30 15:29:53 INFO  rootLogger:232 - propField: //div[contains (@class,  'sideMenuItem') and child::p[text()='Facilities']];xpath
2018-04-30 15:29:53 INFO  rootLogger:232 - switchType: xpath
2018-04-30 15:29:53 INFO  rootLogger:232 - switchValue: //div[contains (@class,  'sideMenuItem') and child::p[text()='Facilities']]
2018-04-30 15:29:53 INFO  rootLogger:232 - Class: SeleniumFunctions; Method: findElement
2018-04-30 15:29:53 INFO  rootLogger:232 - Class: SeleniumFunctions; Method: explicitWait
2018-04-30 15:29:53 INFO  rootLogger:232 - frame: 
2018-04-30 15:29:55 INFO  rootLogger:232 - Element: 'Facilities' exist and clicked. Returning true.
2018-04-30 15:29:55 INFO  rootLogger:232 - Class: GlobalStepdefs; Method: enterInTheField : Start
2018-04-30 15:29:55 INFO  rootLogger:232 - Class: Hooks; Method: getDriver
2018-04-30 15:29:55 INFO  rootLogger:232 - get driver object
2018-04-30 15:29:55 INFO  rootLogger:232 - Class: Page; Method: setTextBox
2018-04-30 15:29:55 INFO  rootLogger:232 - Current page name: Admin
2018-04-30 15:29:55 INFO  rootLogger:232 - Text box field name: SearchFacility
2018-04-30 15:29:55 INFO  rootLogger:232 - Class: UtilFunctions; Method: getJSONFileObjBasedOnPageName
2018-04-30 15:29:55 INFO  rootLogger:232 - Class: UtilFunctions; Method: getElementStringAndType
2018-04-30 15:29:55 INFO  rootLogger:232 - Class: UtilFunctions; Method: getElementFromJSONFile
2018-04-30 15:29:55 INFO  rootLogger:232 - Return: null
2018-04-30 15:29:55 INFO  rootLogger:232 - Class: UtilFunctions; Method: getElementFromJSONFile
2018-04-30 15:29:55 INFO  rootLogger:232 - Return: input_localityCitySp
2018-04-30 15:29:55 INFO  rootLogger:232 - Class: UtilFunctions; Method: getElementFromJSONFile
2018-04-30 15:29:55 INFO  rootLogger:232 - Return: input_localityCitySp
2018-04-30 15:29:55 INFO  rootLogger:232 - id present
2018-04-30 15:29:55 INFO  rootLogger:232 - Text box textPath: input_localityCitySp
2018-04-30 15:29:55 INFO  rootLogger:232 - Text box textMethod: id
2018-04-30 15:29:56 INFO  rootLogger:232 - Class: Hooks; Method: getDriver
2018-04-30 15:29:56 INFO  rootLogger:232 - get driver object
2018-04-30 15:29:56 INFO  rootLogger:232 - Class: SeleniumFunctions; Method: setByValues
2018-04-30 15:29:56 INFO  rootLogger:232 - propField: input_localityCitySp;id
2018-04-30 15:29:56 INFO  rootLogger:232 - switchType: id
2018-04-30 15:29:56 INFO  rootLogger:232 - switchValue: input_localityCitySp
2018-04-30 15:29:56 INFO  rootLogger:232 - Class: SeleniumFunctions; Method: findElement
2018-04-30 15:29:56 INFO  rootLogger:232 - Class: SeleniumFunctions; Method: explicitWait
2018-04-30 15:29:56 INFO  rootLogger:232 - frame: 
2018-04-30 15:29:57 INFO  rootLogger:232 - Text box 'SearchFacility' object not null. Entered Value: 'a'. Returning true.
2018-04-30 15:29:57 INFO  rootLogger:232 - Class: GlobalStepdefs; Method: enterInTheField : Complete
2018-04-30 15:29:57 INFO  rootLogger:232 - Class: GlobalStepdefs; Method: selectFromDropdown : Start
2018-04-30 15:29:57 INFO  rootLogger:232 - Class: Hooks; Method: getDriver
2018-04-30 15:29:57 INFO  rootLogger:232 - get driver object
2018-04-30 15:29:57 INFO  rootLogger:232 - Class: Page; Method: selectDropDownInPane
2018-04-30 15:29:57 INFO  rootLogger:232 - Current tab name: Admin
2018-04-30 15:29:57 INFO  rootLogger:232 - Class: UtilFunctions; Method: getJSONFileObjBasedOnPageName
2018-04-30 15:29:57 INFO  rootLogger:232 - PaneName: Admin
2018-04-30 15:29:57 INFO  rootLogger:232 - Dropdown Name: SearchFor
2018-04-30 15:29:57 INFO  rootLogger:232 - Class: UtilFunctions; Method: getElementStringAndType
2018-04-30 15:29:57 INFO  rootLogger:232 - Class: UtilFunctions; Method: getElementFromJSONFile
2018-04-30 15:29:57 INFO  rootLogger:232 - Return: null
2018-04-30 15:29:57 INFO  rootLogger:232 - Class: UtilFunctions; Method: getElementFromJSONFile
2018-04-30 15:29:57 INFO  rootLogger:232 - Return: select_localityCitySP
2018-04-30 15:29:57 INFO  rootLogger:232 - Class: UtilFunctions; Method: getElementFromJSONFile
2018-04-30 15:29:57 INFO  rootLogger:232 - Return: select_localityCitySP
2018-04-30 15:29:57 INFO  rootLogger:232 - id present
2018-04-30 15:29:57 INFO  rootLogger:232 - Class: Page; Method: selectDropDownOption
2018-04-30 15:29:57 INFO  rootLogger:232 - Class: SeleniumFunctions; Method: explicitWait
2018-04-30 15:29:57 INFO  rootLogger:232 - frame: select_localityCitySP;id
2018-04-30 15:29:57 INFO  rootLogger:232 - Class: SeleniumFunctions; Method: setByValues
2018-04-30 15:29:57 INFO  rootLogger:232 - propField: select_localityCitySP;id
2018-04-30 15:29:57 INFO  rootLogger:232 - switchType: id
2018-04-30 15:29:57 INFO  rootLogger:232 - switchValue: select_localityCitySP
2018-04-30 15:29:57 INFO  rootLogger:232 - Class: SeleniumFunctions; Method: findElement
2018-04-30 15:29:57 INFO  rootLogger:232 - Class: SeleniumFunctions; Method: explicitWait
2018-04-30 15:29:57 INFO  rootLogger:232 - frame: 
2018-04-30 15:29:57 INFO  rootLogger:232 - Drop down element not null
2018-04-30 15:29:57 INFO  rootLogger:232 - Class: Page; Method: selectDropDownOption
2018-04-30 15:29:57 INFO  rootLogger:232 - Class: Page; Method: selectDropDownInPane
2018-04-30 15:29:57 INFO  rootLogger:232 - Class: GlobalStepdefs; Method: selectFromDropdown : Complete
2018-04-30 15:29:57 INFO  rootLogger:232 - Class: GlobalStepdefs; Method: waitForSpecifiedTime : Start
2018-04-30 15:30:02 INFO  rootLogger:232 - Class: GlobalStepdefs; Method: waitForSpecifiedTime : Complete
2018-04-30 15:30:02 INFO  rootLogger:232 - Class: GlobalStepdefs; Method: selectFromDropdown : Start
2018-04-30 15:30:02 INFO  rootLogger:232 - Class: Hooks; Method: getDriver
2018-04-30 15:30:02 INFO  rootLogger:232 - get driver object
2018-04-30 15:30:02 INFO  rootLogger:232 - Class: Page; Method: selectDropDownInPane
2018-04-30 15:30:02 INFO  rootLogger:232 - Current tab name: Admin
2018-04-30 15:30:02 INFO  rootLogger:232 - Class: UtilFunctions; Method: getJSONFileObjBasedOnPageName
2018-04-30 15:30:02 INFO  rootLogger:232 - PaneName: Admin
2018-04-30 15:30:02 INFO  rootLogger:232 - Dropdown Name: searchType
2018-04-30 15:30:02 INFO  rootLogger:232 - Class: UtilFunctions; Method: getElementStringAndType
2018-04-30 15:30:02 INFO  rootLogger:232 - Class: UtilFunctions; Method: getElementFromJSONFile
2018-04-30 15:30:02 INFO  rootLogger:232 - Return: null
2018-04-30 15:30:02 INFO  rootLogger:232 - Class: UtilFunctions; Method: getElementFromJSONFile
2018-04-30 15:30:02 INFO  rootLogger:232 - Return: select_facilityType
2018-04-30 15:30:02 INFO  rootLogger:232 - Class: UtilFunctions; Method: getElementFromJSONFile
2018-04-30 15:30:02 INFO  rootLogger:232 - Return: select_facilityType
2018-04-30 15:30:02 INFO  rootLogger:232 - id present
2018-04-30 15:30:02 INFO  rootLogger:232 - Class: Page; Method: selectDropDownOption
2018-04-30 15:30:02 INFO  rootLogger:232 - Class: SeleniumFunctions; Method: explicitWait
2018-04-30 15:30:02 INFO  rootLogger:232 - frame: select_facilityType;id
2018-04-30 15:30:02 INFO  rootLogger:232 - Class: SeleniumFunctions; Method: setByValues
2018-04-30 15:30:02 INFO  rootLogger:232 - propField: select_facilityType;id
2018-04-30 15:30:02 INFO  rootLogger:232 - switchType: id
2018-04-30 15:30:02 INFO  rootLogger:232 - switchValue: select_facilityType
2018-04-30 15:30:02 INFO  rootLogger:232 - Class: SeleniumFunctions; Method: findElement
2018-04-30 15:30:02 INFO  rootLogger:232 - Class: SeleniumFunctions; Method: explicitWait
2018-04-30 15:30:02 INFO  rootLogger:232 - frame: 
2018-04-30 15:30:02 INFO  rootLogger:232 - Drop down element not null
2018-04-30 15:30:03 INFO  rootLogger:232 - Class: Page; Method: selectDropDownOption
2018-04-30 15:30:03 INFO  rootLogger:232 - Class: Page; Method: selectDropDownInPane
2018-04-30 15:30:03 INFO  rootLogger:232 - Class: GlobalStepdefs; Method: selectFromDropdown : Complete
2018-04-30 15:30:03 INFO  rootLogger:232 - Class: GlobalStepdefs; Method: clickButton : Start
2018-04-30 15:30:03 INFO  rootLogger:232 - Class: Hooks; Method: getDriver
2018-04-30 15:30:03 INFO  rootLogger:232 - get driver object
2018-04-30 15:30:03 INFO  rootLogger:232 - Class: Page; Method: clickButton
2018-04-30 15:30:03 INFO  rootLogger:232 - Current page name: Admin
2018-04-30 15:30:03 INFO  rootLogger:232 - Button to be clicked: SearchButton
2018-04-30 15:30:03 INFO  rootLogger:232 - Class: UtilFunctions; Method: getJSONFileObjBasedOnPageName
2018-04-30 15:30:03 INFO  rootLogger:232 - Class: UtilFunctions; Method: getElementStringAndType
2018-04-30 15:30:03 INFO  rootLogger:232 - Class: UtilFunctions; Method: getElementFromJSONFile
2018-04-30 15:30:03 INFO  rootLogger:232 - Return: null
2018-04-30 15:30:03 INFO  rootLogger:232 - Class: UtilFunctions; Method: getElementFromJSONFile
2018-04-30 15:30:03 INFO  rootLogger:232 - Return: button_search
2018-04-30 15:30:03 INFO  rootLogger:232 - Class: UtilFunctions; Method: getElementFromJSONFile
2018-04-30 15:30:03 INFO  rootLogger:232 - Return: button_search
2018-04-30 15:30:03 INFO  rootLogger:232 - id present
2018-04-30 15:30:03 INFO  rootLogger:232 - Class: SeleniumFunctions; Method: explicitWait
2018-04-30 15:30:03 INFO  rootLogger:232 - frame: button_search;id
2018-04-30 15:30:03 INFO  rootLogger:232 - Class: SeleniumFunctions; Method: setByValues
2018-04-30 15:30:03 INFO  rootLogger:232 - propField: button_search;id
2018-04-30 15:30:03 INFO  rootLogger:232 - switchType: id
2018-04-30 15:30:03 INFO  rootLogger:232 - switchValue: button_search
2018-04-30 15:30:03 INFO  rootLogger:232 - Class: SeleniumFunctions; Method: findElement
2018-04-30 15:30:03 INFO  rootLogger:232 - Class: SeleniumFunctions; Method: explicitWait
2018-04-30 15:30:03 INFO  rootLogger:232 - frame: 
2018-04-30 15:30:04 INFO  rootLogger:232 - Button 'SearchButton' object not null and is clicked. Returning true.
2018-04-30 15:30:04 INFO  rootLogger:232 - Class: GlobalStepdefs; Method: clickButton : Complete
2018-04-30 15:30:04 INFO  rootLogger:232 - Class: GlobalStepdefs; Method: waitForSpecifiedTime : Start
2018-04-30 15:30:14 INFO  rootLogger:232 - Class: GlobalStepdefs; Method: waitForSpecifiedTime : Complete
2018-04-30 15:30:14 INFO  rootLogger:232 - Class: ConsumerStepdefs; Method: selectFacility : Start
2018-04-30 15:30:14 INFO  rootLogger:232 - Class: Hooks; Method: getDriver
2018-04-30 15:30:14 INFO  rootLogger:232 - get driver object
2018-04-30 15:30:14 INFO  rootLogger:232 - Class: SeleniumFunctions; Method: findElement
2018-04-30 15:30:14 INFO  rootLogger:232 - Class: SeleniumFunctions; Method: explicitWait
2018-04-30 15:30:14 INFO  rootLogger:232 - frame: 
2018-04-30 15:30:15 INFO  rootLogger:232 - Element not found after timeout of 1 seconds. Exception: Expected condition failed: waiting for visibility of element located by By.xpath: //*[text()='No record found'] (tried for 1 second(s) with 500 MILLISECONDS interval)
2018-04-30 15:30:15 INFO  rootLogger:232 - Element not found. Returning null. Exception: Unable to locate element: //*[text()='No record found']
For documentation on this error, please visit: http://seleniumhq.org/exceptions/no_such_element.html
Build info: version: '3.5.3', revision: 'a88d25fe6b', time: '2017-08-29T12:42:44.417Z'
System info: host: 'LENOVO-PC', ip: '192.168.3.101', os.name: 'Windows 7', os.arch: 'amd64', os.version: '6.1', java.version: '1.8.0_162'
Driver info: org.openqa.selenium.firefox.FirefoxDriver
Capabilities [{moz:profile=C:\Users\Lenovo\AppData\Local\Temp\rust_mozprofile.ScpBVkaIyIZn, rotatable=false, timeouts={implicit=0, pageLoad=300000, script=30000}, pageLoadStrategy=normal, moz:headless=false, platform=XP, moz:accessibilityChecks=false, moz:useNonSpecCompliantPointerOrigin=false, acceptInsecureCerts=false, browserVersion=59.0.2, platformVersion=6.1, moz:processID=3740, browserName=firefox, javascriptEnabled=true, platformName=XP, moz:webdriverClick=true}]
Session ID: d8a8d57b-3097-4e97-8514-189693f30335
*** Element info: {Using=xpath, value=//*[text()='No record found']}
2018-04-30 15:30:18 INFO  rootLogger:232 - Class: Hooks; Method: getDriver
2018-04-30 15:30:18 INFO  rootLogger:232 - get driver object
2018-04-30 15:30:18 INFO  rootLogger:232 - Class: SeleniumFunctions; Method: findElement
2018-04-30 15:30:18 INFO  rootLogger:232 - Class: SeleniumFunctions; Method: explicitWait
2018-04-30 15:30:18 INFO  rootLogger:232 - frame: 
2018-04-30 15:30:19 INFO  rootLogger:232 - Element not found after timeout of 1 seconds. Exception: Expected condition failed: waiting for visibility of element located by By.xpath: //img[@class='imgMeetingRoom' and parent::div[@class='facilityThumbnail' and following-sibling::div[(@class='secondChildDivision' or @class='facilityDetailsContainer' or @class='headingCo-Working') and descendant::*[contains(normalize-space(.),'Confo_BTM')]]]] (tried for 1 second(s) with 500 MILLISECONDS interval)
2018-04-30 15:30:19 INFO  rootLogger:232 - Element not found. Returning null. Exception: Unable to locate element: //img[@class='imgMeetingRoom' and parent::div[@class='facilityThumbnail' and following-sibling::div[(@class='secondChildDivision' or @class='facilityDetailsContainer' or @class='headingCo-Working') and descendant::*[contains(normalize-space(.),'Confo_BTM')]]]]
For documentation on this error, please visit: http://seleniumhq.org/exceptions/no_such_element.html
Build info: version: '3.5.3', revision: 'a88d25fe6b', time: '2017-08-29T12:42:44.417Z'
System info: host: 'LENOVO-PC', ip: '192.168.3.101', os.name: 'Windows 7', os.arch: 'amd64', os.version: '6.1', java.version: '1.8.0_162'
Driver info: org.openqa.selenium.firefox.FirefoxDriver
Capabilities [{moz:profile=C:\Users\Lenovo\AppData\Local\Temp\rust_mozprofile.ScpBVkaIyIZn, rotatable=false, timeouts={implicit=0, pageLoad=300000, script=30000}, pageLoadStrategy=normal, moz:headless=false, platform=XP, moz:accessibilityChecks=false, moz:useNonSpecCompliantPointerOrigin=false, acceptInsecureCerts=false, browserVersion=59.0.2, platformVersion=6.1, moz:processID=3740, browserName=firefox, javascriptEnabled=true, platformName=XP, moz:webdriverClick=true}]
Session ID: d8a8d57b-3097-4e97-8514-189693f30335
*** Element info: {Using=xpath, value=//img[@class='imgMeetingRoom' and parent::div[@class='facilityThumbnail' and following-sibling::div[(@class='secondChildDivision' or @class='facilityDetailsContainer' or @class='headingCo-Working') and descendant::*[contains(normalize-space(.),'Confo_BTM')]]]]}
2018-04-30 15:30:19 INFO  rootLogger:232 - Class: Hooks; Method: getDriver
2018-04-30 15:30:19 INFO  rootLogger:232 - get driver object
2018-04-30 15:30:19 INFO  rootLogger:232 - Class: SeleniumFunctions; Method: explicitWait
2018-04-30 15:30:19 INFO  rootLogger:232 - frame: //img[@class='imgMeetingRoom' and parent::div[@class='facilityThumbnail' and following-sibling::div[(@class='secondChildDivision' or @class='facilityDetailsContainer' or @class='headingCo-Working') and descendant::*[contains(normalize-space(.),'Confo_BTM')]]]];xpath
2018-04-30 15:30:29 INFO  rootLogger:232 - Element not found after timeout of 10 seconds. Exception: Expected condition failed: waiting for visibility of element located by By.xpath: //img[@class='imgMeetingRoom' and parent::div[@class='facilityThumbnail' and following-sibling::div[(@class='secondChildDivision' or @class='facilityDetailsContainer' or @class='headingCo-Working') and descendant::*[contains(normalize-space(.),'Confo_BTM')]]]] (tried for 10 second(s) with 500 MILLISECONDS interval)
2018-04-30 15:30:29 INFO  rootLogger:232 - Class: Hooks; Method: closeBrowserAndTakeScreenShot
2018-04-30 15:30:29 INFO  rootLogger:232 - Scenario: Verify Search & Block Facility - Failed
2018-04-30 15:30:29 INFO  rootLogger:232 - Class: Hooks; Method: takeScreenShot
2018-04-30 15:30:31 INFO  rootLogger:232 - Browser closed
2018-04-30 15:30:31 INFO  rootLogger:232 - Tried to kill process with PID: 3740
2018-04-30 15:30:31 INFO  rootLogger:232 - Scenario: Verify Search & Block Facility complete.
