2018-05-31 12:00:12 INFO  rootLogger:232 - Class: Hooks; Method: setUp
2018-05-31 12:00:12 INFO  rootLogger:232 - Scenario: Verify Change password starting.
2018-05-31 12:00:12 INFO  rootLogger:232 - Scenario Tag Name: @Sanity
2018-05-31 12:00:13 INFO  rootLogger:232 - Class: LoginStepdefs; Method: applicationLogin : Start
2018-05-31 12:00:13 INFO  rootLogger:232 - Class: Hooks; Method: openBrowser
2018-05-31 12:00:13 INFO  rootLogger:232 - userName: admin@huddil.com
2018-05-31 12:00:13 INFO  rootLogger:232 - Class: SetUpFile; Method: constructor
2018-05-31 12:00:13 INFO  rootLogger:232 - Initializing JSON files
2018-05-31 12:00:13 INFO  rootLogger:232 - Class: SetUpFile; Method: setUpBrowser
2018-05-31 12:00:16 INFO  rootLogger:232 - ChromeDriver initialized
2018-05-31 12:00:17 INFO  rootLogger:232 - Class: Hooks; Method: setDriver
2018-05-31 12:00:17 INFO  rootLogger:232 - get driver object
2018-05-31 12:00:17 INFO  rootLogger:232 - Class: SetUpFile; Method: openURL
2018-05-31 12:00:26 INFO  rootLogger:232 - Class: SetUpFile; Method: logInApplication
2018-05-31 12:00:26 INFO  rootLogger:232 - Class: UtilFunctions; Method: getJSONFileObjBasedOnPageName
2018-05-31 12:00:26 INFO  rootLogger:232 - Class: UtilFunctions; Method: getElementFromJSONFile
2018-05-31 12:00:26 INFO  rootLogger:232 - Return: username
2018-05-31 12:00:26 INFO  rootLogger:232 - Class: UtilFunctions; Method: getElementFromJSONFile
2018-05-31 12:00:26 INFO  rootLogger:232 - Return: password
2018-05-31 12:00:26 INFO  rootLogger:232 - Class: UtilFunctions; Method: getElementFromJSONFile
2018-05-31 12:00:26 INFO  rootLogger:232 - Return: null
2018-05-31 12:00:26 INFO  rootLogger:232 - Class: SeleniumFunctions; Method: findElement
2018-05-31 12:00:26 INFO  rootLogger:232 - Class: SeleniumFunctions; Method: explicitWait
2018-05-31 12:00:26 INFO  rootLogger:232 - frame: 
2018-05-31 12:00:27 INFO  rootLogger:232 - UserName: admin@huddil.com entered
2018-05-31 12:00:27 INFO  rootLogger:232 - Class: SeleniumFunctions; Method: findElement
2018-05-31 12:00:27 INFO  rootLogger:232 - Class: SeleniumFunctions; Method: explicitWait
2018-05-31 12:00:27 INFO  rootLogger:232 - frame: 
2018-05-31 12:00:27 INFO  rootLogger:232 - Password: password entered
2018-05-31 12:00:27 INFO  rootLogger:232 - Class: UtilFunctions; Method: getElementFromJSONFile
2018-05-31 12:00:27 INFO  rootLogger:232 - Return: //button[@class='consumerModuleButtons submitButton' and text()='Sign in']
2018-05-31 12:00:27 INFO  rootLogger:232 - Class: SeleniumFunctions; Method: setByValues
2018-05-31 12:00:27 INFO  rootLogger:232 - propField: //button[@class='consumerModuleButtons submitButton' and text()='Sign in']
2018-05-31 12:00:27 INFO  rootLogger:232 - switchType: xpath
2018-05-31 12:00:27 INFO  rootLogger:232 - switchValue: //button[@class='consumerModuleButtons submitButton' and text()='Sign in']
2018-05-31 12:00:27 INFO  rootLogger:232 - Class: SeleniumFunctions; Method: findElement
2018-05-31 12:00:27 INFO  rootLogger:232 - Class: SeleniumFunctions; Method: explicitWait
2018-05-31 12:00:27 INFO  rootLogger:232 - frame: 
2018-05-31 12:00:29 INFO  rootLogger:232 - Login button clicked
2018-05-31 12:00:29 INFO  rootLogger:232 - Class: SeleniumFunctions; Method: switchToNewWindow
2018-05-31 12:00:29 INFO  rootLogger:232 - parentWindow: CDwindow-D7A2FCD030599EF1EF898B9941BDE3F3
2018-05-31 12:00:29 INFO  rootLogger:232 - windowHandle: CDwindow-D7A2FCD030599EF1EF898B9941BDE3F3
2018-05-31 12:00:29 INFO  rootLogger:232 - Class: Hooks; Method: setDriver
2018-05-31 12:00:29 INFO  rootLogger:232 - get driver object
2018-05-31 12:00:29 INFO  rootLogger:232 - Class: LoginStepdefs; Method: applicationLogin : Complete
2018-05-31 12:00:29 INFO  rootLogger:232 - Class: GlobalStepdefs; Method: checkPageLoad : Start
2018-05-31 12:00:29 INFO  rootLogger:232 - Class: Hooks; Method: getDriver
2018-05-31 12:00:29 INFO  rootLogger:232 - get driver object
2018-05-31 12:00:29 INFO  rootLogger:232 - Class: Page; Method: findPage
2018-05-31 12:00:29 INFO  rootLogger:232 - Current tab name: Admin
2018-05-31 12:00:29 INFO  rootLogger:232 - PaneName: Admin
2018-05-31 12:00:29 INFO  rootLogger:232 - Class: UtilFunctions; Method: getJSONFileObjBasedOnPageName
2018-05-31 12:00:29 INFO  rootLogger:232 - Class: UtilFunctions; Method: getElementFromJSONFile
2018-05-31 12:00:29 INFO  rootLogger:232 - Exception: null
2018-05-31 12:00:29 INFO  rootLogger:232 - Pane xpath: null
2018-05-31 12:00:29 INFO  rootLogger:232 - Class: Hooks; Method: getDriver
2018-05-31 12:00:29 INFO  rootLogger:232 - get driver object
2018-05-31 12:00:29 INFO  rootLogger:232 - Class: SeleniumFunctions; Method: explicitWait
2018-05-31 12:00:29 INFO  rootLogger:232 - frame: 
2018-05-31 12:00:30 INFO  rootLogger:232 - Class: SeleniumFunctions; Method: findElement
2018-05-31 12:00:30 INFO  rootLogger:232 - Class: SeleniumFunctions; Method: explicitWait
2018-05-31 12:00:30 INFO  rootLogger:232 - frame: 
2018-05-31 12:00:30 INFO  rootLogger:232 - Class: GlobalStepdefs; Method: checkPageLoad : Complete
2018-05-31 12:00:30 INFO  rootLogger:232 - Class: GlobalStepdefs; Method: clickMiscElement : Start
2018-05-31 12:00:30 INFO  rootLogger:232 - Pagename: Admin
2018-05-31 12:00:30 INFO  rootLogger:232 - Class: Hooks; Method: getDriver
2018-05-31 12:00:30 INFO  rootLogger:232 - get driver object
2018-05-31 12:00:30 INFO  rootLogger:232 - Class: Page; Method: clickMiscElement
2018-05-31 12:00:30 INFO  rootLogger:232 - Current tab name: Admin
2018-05-31 12:00:30 INFO  rootLogger:232 - ImageName: UserProfile
2018-05-31 12:00:30 INFO  rootLogger:232 - Class: UtilFunctions; Method: getJSONFileObjBasedOnPageName
2018-05-31 12:00:30 INFO  rootLogger:232 - Class: UtilFunctions; Method: getElementStringAndType
2018-05-31 12:00:30 INFO  rootLogger:232 - Class: UtilFunctions; Method: getElementFromJSONFile
2018-05-31 12:00:30 INFO  rootLogger:232 - Return: //i[@class='fa fa-user-circle']
2018-05-31 12:00:30 INFO  rootLogger:232 - Class: UtilFunctions; Method: getElementFromJSONFile
2018-05-31 12:00:30 INFO  rootLogger:232 - Return: //i[@class='fa fa-user-circle']
2018-05-31 12:00:30 INFO  rootLogger:232 - xpath present
2018-05-31 12:00:30 INFO  rootLogger:232 - Class: SeleniumFunctions; Method: explicitWait
2018-05-31 12:00:30 INFO  rootLogger:232 - frame: //i[@class='fa fa-user-circle'];xpath
2018-05-31 12:00:30 INFO  rootLogger:232 - Class: SeleniumFunctions; Method: setByValues
2018-05-31 12:00:30 INFO  rootLogger:232 - propField: //i[@class='fa fa-user-circle'];xpath
2018-05-31 12:00:30 INFO  rootLogger:232 - switchType: xpath
2018-05-31 12:00:30 INFO  rootLogger:232 - switchValue: //i[@class='fa fa-user-circle']
2018-05-31 12:00:30 INFO  rootLogger:232 - Class: SeleniumFunctions; Method: findElement
2018-05-31 12:00:30 INFO  rootLogger:232 - Class: SeleniumFunctions; Method: explicitWait
2018-05-31 12:00:30 INFO  rootLogger:232 - frame: 
2018-05-31 12:00:32 INFO  rootLogger:232 - Element: 'UserProfile' exist and clicked. Returning true.
2018-05-31 12:00:32 INFO  rootLogger:232 - Class: GlobalStepdefs; Method: checkForMultipleTextEntries : Start
2018-05-31 12:00:32 INFO  rootLogger:232 - Class: Page; Method: textExists
2018-05-31 12:00:32 INFO  rootLogger:232 - xPath: //*[contains(normalize-space(.), 'Edit Profile')]
2018-05-31 12:00:32 INFO  rootLogger:232 - Class: SeleniumFunctions; Method: explicitWait
2018-05-31 12:00:32 INFO  rootLogger:232 - frame: //*[contains(normalize-space(.), 'Edit Profile')];xpath
2018-05-31 12:00:32 INFO  rootLogger:232 - Class: SeleniumFunctions; Method: setByValues
2018-05-31 12:00:32 INFO  rootLogger:232 - propField: //*[contains(normalize-space(.), 'Edit Profile')];xpath
2018-05-31 12:00:32 INFO  rootLogger:232 - switchType: xpath
2018-05-31 12:00:32 INFO  rootLogger:232 - switchValue: //*[contains(normalize-space(.), 'Edit Profile')]
2018-05-31 12:00:32 INFO  rootLogger:232 - Class: SeleniumFunctions; Method: findElement
2018-05-31 12:00:32 INFO  rootLogger:232 - Class: SeleniumFunctions; Method: explicitWait
2018-05-31 12:00:32 INFO  rootLogger:232 - frame: 
2018-05-31 12:00:32 INFO  rootLogger:232 - This is my text: edit profile
2018-05-31 12:00:32 INFO  rootLogger:232 - This is the application text: admin new
edit profile
change password
logout
dashboard
payment
payments
users
facilities
terms
dashboard
amenities
locations
reports
offers
dashboard
payment status
                        select year
                        2017
                        2018
                     
                        select month
                        january
                        february
                        march
                        april
                        may
                        june
                        july
                        august
                        september
                        october
                        november
                        december
                     payment
online payment
469
offline payment
7199
cancellation charge
9
refund
online refund
0
offline cancellation
2230
charges
huddil commission
767.70
transaction charges
9.56
settlement
(sp)
-299.26
user status
done
active
69
person
consumer
39
service provider
20
account_box
advisor
10
clear
disabled
0
person
consumer
0
service provider
0
account_box
advisor
0
report_problem
activation pending
160
person
consumer
124
service provider
20
account_box
advisor
16
facility status
active
done
approved facilities
167
pending for approval
16
clear
denied facilities
32
certified
huddil verified
153
pending verification
1
rejected verification
0
not active
done
blocked
(admin/advisor)
98
clear
deactivated
(service provider)
4
usage policy
privacy policy
disclaimer
© huddil.com. all rights reserved.
site best viewed at 1280 x 768 resolution in google chrome 60 or above, mozilla 54 or above,i.e 11 or above
2018-05-31 12:00:32 INFO  rootLogger:232 - Text: 'edit profile' exist. Returning true.
2018-05-31 12:00:32 INFO  rootLogger:232 - Class: Page; Method: textExists
2018-05-31 12:00:32 INFO  rootLogger:232 - xPath: //*[contains(normalize-space(.), 'Change Password')]
2018-05-31 12:00:32 INFO  rootLogger:232 - Class: SeleniumFunctions; Method: explicitWait
2018-05-31 12:00:32 INFO  rootLogger:232 - frame: //*[contains(normalize-space(.), 'Change Password')];xpath
2018-05-31 12:00:32 INFO  rootLogger:232 - Class: SeleniumFunctions; Method: setByValues
2018-05-31 12:00:32 INFO  rootLogger:232 - propField: //*[contains(normalize-space(.), 'Change Password')];xpath
2018-05-31 12:00:32 INFO  rootLogger:232 - switchType: xpath
2018-05-31 12:00:32 INFO  rootLogger:232 - switchValue: //*[contains(normalize-space(.), 'Change Password')]
2018-05-31 12:00:32 INFO  rootLogger:232 - Class: SeleniumFunctions; Method: findElement
2018-05-31 12:00:32 INFO  rootLogger:232 - Class: SeleniumFunctions; Method: explicitWait
2018-05-31 12:00:32 INFO  rootLogger:232 - frame: 
2018-05-31 12:00:32 INFO  rootLogger:232 - This is my text: change password
2018-05-31 12:00:32 INFO  rootLogger:232 - This is the application text: admin new
edit profile
change password
logout
dashboard
payment
payments
users
facilities
terms
dashboard
amenities
locations
reports
offers
dashboard
payment status
                        select year
                        2017
                        2018
                     
                        select month
                        january
                        february
                        march
                        april
                        may
                        june
                        july
                        august
                        september
                        october
                        november
                        december
                     payment
online payment
469
offline payment
7199
cancellation charge
9
refund
online refund
0
offline cancellation
2230
charges
huddil commission
767.70
transaction charges
9.56
settlement
(sp)
-299.26
user status
done
active
69
person
consumer
39
service provider
20
account_box
advisor
10
clear
disabled
0
person
consumer
0
service provider
0
account_box
advisor
0
report_problem
activation pending
160
person
consumer
124
service provider
20
account_box
advisor
16
facility status
active
done
approved facilities
167
pending for approval
16
clear
denied facilities
32
certified
huddil verified
153
pending verification
1
rejected verification
0
not active
done
blocked
(admin/advisor)
98
clear
deactivated
(service provider)
4
usage policy
privacy policy
disclaimer
© huddil.com. all rights reserved.
site best viewed at 1280 x 768 resolution in google chrome 60 or above, mozilla 54 or above,i.e 11 or above
2018-05-31 12:00:32 INFO  rootLogger:232 - Text: 'change password' exist. Returning true.
2018-05-31 12:00:32 INFO  rootLogger:232 - Class: Page; Method: textExists
2018-05-31 12:00:32 INFO  rootLogger:232 - xPath: //*[contains(normalize-space(.), 'Logout')]
2018-05-31 12:00:32 INFO  rootLogger:232 - Class: SeleniumFunctions; Method: explicitWait
2018-05-31 12:00:32 INFO  rootLogger:232 - frame: //*[contains(normalize-space(.), 'Logout')];xpath
2018-05-31 12:00:32 INFO  rootLogger:232 - Class: SeleniumFunctions; Method: setByValues
2018-05-31 12:00:32 INFO  rootLogger:232 - propField: //*[contains(normalize-space(.), 'Logout')];xpath
2018-05-31 12:00:32 INFO  rootLogger:232 - switchType: xpath
2018-05-31 12:00:32 INFO  rootLogger:232 - switchValue: //*[contains(normalize-space(.), 'Logout')]
2018-05-31 12:00:32 INFO  rootLogger:232 - Class: SeleniumFunctions; Method: findElement
2018-05-31 12:00:32 INFO  rootLogger:232 - Class: SeleniumFunctions; Method: explicitWait
2018-05-31 12:00:32 INFO  rootLogger:232 - frame: 
2018-05-31 12:00:33 INFO  rootLogger:232 - This is my text: logout
2018-05-31 12:00:33 INFO  rootLogger:232 - This is the application text: admin new
edit profile
change password
logout
dashboard
payment
payments
users
facilities
terms
dashboard
amenities
locations
reports
offers
dashboard
payment status
                        select year
                        2017
                        2018
                     
                        select month
                        january
                        february
                        march
                        april
                        may
                        june
                        july
                        august
                        september
                        october
                        november
                        december
                     payment
online payment
469
offline payment
7199
cancellation charge
9
refund
online refund
0
offline cancellation
2230
charges
huddil commission
767.70
transaction charges
9.56
settlement
(sp)
-299.26
user status
done
active
69
person
consumer
39
service provider
20
account_box
advisor
10
clear
disabled
0
person
consumer
0
service provider
0
account_box
advisor
0
report_problem
activation pending
160
person
consumer
124
service provider
20
account_box
advisor
16
facility status
active
done
approved facilities
167
pending for approval
16
clear
denied facilities
32
certified
huddil verified
153
pending verification
1
rejected verification
0
not active
done
blocked
(admin/advisor)
98
clear
deactivated
(service provider)
4
usage policy
privacy policy
disclaimer
© huddil.com. all rights reserved.
site best viewed at 1280 x 768 resolution in google chrome 60 or above, mozilla 54 or above,i.e 11 or above
2018-05-31 12:00:33 INFO  rootLogger:232 - Text: 'logout' exist. Returning true.
2018-05-31 12:00:33 INFO  rootLogger:232 - Class: GlobalStepdefs; Method: checkForMultipleTextEntries : Complete
2018-05-31 12:00:33 INFO  rootLogger:232 - Class: GlobalStepdefs; Method: clickMiscElement : Start
2018-05-31 12:00:33 INFO  rootLogger:232 - Pagename: Admin
2018-05-31 12:00:33 INFO  rootLogger:232 - Class: Hooks; Method: getDriver
2018-05-31 12:00:33 INFO  rootLogger:232 - get driver object
2018-05-31 12:00:33 INFO  rootLogger:232 - Class: Page; Method: clickMiscElement
2018-05-31 12:00:33 INFO  rootLogger:232 - Current tab name: Admin
2018-05-31 12:00:33 INFO  rootLogger:232 - ImageName: ChangePassword
2018-05-31 12:00:33 INFO  rootLogger:232 - Class: UtilFunctions; Method: getJSONFileObjBasedOnPageName
2018-05-31 12:00:33 INFO  rootLogger:232 - Class: UtilFunctions; Method: getElementStringAndType
2018-05-31 12:00:33 INFO  rootLogger:232 - Class: UtilFunctions; Method: getElementFromJSONFile
2018-05-31 12:00:33 INFO  rootLogger:232 - Return: //div[@class='userMenuSubFieldsContainer'  and child::p[text()='Change Password']]
2018-05-31 12:00:33 INFO  rootLogger:232 - Class: UtilFunctions; Method: getElementFromJSONFile
2018-05-31 12:00:33 INFO  rootLogger:232 - Return: //div[@class='userMenuSubFieldsContainer'  and child::p[text()='Change Password']]
2018-05-31 12:00:33 INFO  rootLogger:232 - xpath present
2018-05-31 12:00:33 INFO  rootLogger:232 - Class: SeleniumFunctions; Method: explicitWait
2018-05-31 12:00:33 INFO  rootLogger:232 - frame: //div[@class='userMenuSubFieldsContainer'  and child::p[text()='Change Password']];xpath
2018-05-31 12:00:33 INFO  rootLogger:232 - Class: SeleniumFunctions; Method: setByValues
2018-05-31 12:00:33 INFO  rootLogger:232 - propField: //div[@class='userMenuSubFieldsContainer'  and child::p[text()='Change Password']];xpath
2018-05-31 12:00:33 INFO  rootLogger:232 - switchType: xpath
2018-05-31 12:00:33 INFO  rootLogger:232 - switchValue: //div[@class='userMenuSubFieldsContainer'  and child::p[text()='Change Password']]
2018-05-31 12:00:33 INFO  rootLogger:232 - Class: SeleniumFunctions; Method: findElement
2018-05-31 12:00:33 INFO  rootLogger:232 - Class: SeleniumFunctions; Method: explicitWait
2018-05-31 12:00:33 INFO  rootLogger:232 - frame: 
2018-05-31 12:00:34 INFO  rootLogger:232 - Element: 'ChangePassword' exist and clicked. Returning true.
2018-05-31 12:00:34 INFO  rootLogger:232 - Class: GlobalStepdefs; Method: enterInTheField : Start
2018-05-31 12:00:34 INFO  rootLogger:232 - Class: Hooks; Method: getDriver
2018-05-31 12:00:34 INFO  rootLogger:232 - get driver object
2018-05-31 12:00:34 INFO  rootLogger:232 - Class: Page; Method: setTextBox
2018-05-31 12:00:34 INFO  rootLogger:232 - Current page name: Admin
2018-05-31 12:00:34 INFO  rootLogger:232 - Text box field name: OldPassword
2018-05-31 12:00:34 INFO  rootLogger:232 - Class: UtilFunctions; Method: getJSONFileObjBasedOnPageName
2018-05-31 12:00:34 INFO  rootLogger:232 - Class: UtilFunctions; Method: getElementStringAndType
2018-05-31 12:00:34 INFO  rootLogger:232 - Class: UtilFunctions; Method: getElementFromJSONFile
2018-05-31 12:00:34 INFO  rootLogger:232 - Return: null
2018-05-31 12:00:34 INFO  rootLogger:232 - Class: UtilFunctions; Method: getElementFromJSONFile
2018-05-31 12:00:34 INFO  rootLogger:232 - Return: input_oldPassword
2018-05-31 12:00:34 INFO  rootLogger:232 - Class: UtilFunctions; Method: getElementFromJSONFile
2018-05-31 12:00:34 INFO  rootLogger:232 - Return: input_oldPassword
2018-05-31 12:00:34 INFO  rootLogger:232 - id present
2018-05-31 12:00:34 INFO  rootLogger:232 - Text box textPath: input_oldPassword
2018-05-31 12:00:34 INFO  rootLogger:232 - Text box textMethod: id
2018-05-31 12:00:35 INFO  rootLogger:232 - Class: Hooks; Method: getDriver
2018-05-31 12:00:35 INFO  rootLogger:232 - get driver object
2018-05-31 12:00:35 INFO  rootLogger:232 - Class: SeleniumFunctions; Method: setByValues
2018-05-31 12:00:35 INFO  rootLogger:232 - propField: input_oldPassword;id
2018-05-31 12:00:35 INFO  rootLogger:232 - switchType: id
2018-05-31 12:00:35 INFO  rootLogger:232 - switchValue: input_oldPassword
2018-05-31 12:00:35 INFO  rootLogger:232 - Class: SeleniumFunctions; Method: findElement
2018-05-31 12:00:35 INFO  rootLogger:232 - Class: SeleniumFunctions; Method: explicitWait
2018-05-31 12:00:35 INFO  rootLogger:232 - frame: 
2018-05-31 12:00:36 INFO  rootLogger:232 - Text box 'OldPassword' object not null. Entered Value: 'password'. Returning true.
2018-05-31 12:00:36 INFO  rootLogger:232 - Class: GlobalStepdefs; Method: enterInTheField : Complete
2018-05-31 12:00:36 INFO  rootLogger:232 - Class: GlobalStepdefs; Method: enterInTheField : Start
2018-05-31 12:00:36 INFO  rootLogger:232 - Class: Hooks; Method: getDriver
2018-05-31 12:00:36 INFO  rootLogger:232 - get driver object
2018-05-31 12:00:36 INFO  rootLogger:232 - Class: Page; Method: setTextBox
2018-05-31 12:00:36 INFO  rootLogger:232 - Current page name: Admin
2018-05-31 12:00:36 INFO  rootLogger:232 - Text box field name: NewPassword
2018-05-31 12:00:36 INFO  rootLogger:232 - Class: UtilFunctions; Method: getJSONFileObjBasedOnPageName
2018-05-31 12:00:36 INFO  rootLogger:232 - Class: UtilFunctions; Method: getElementStringAndType
2018-05-31 12:00:36 INFO  rootLogger:232 - Class: UtilFunctions; Method: getElementFromJSONFile
2018-05-31 12:00:36 INFO  rootLogger:232 - Return: null
2018-05-31 12:00:36 INFO  rootLogger:232 - Class: UtilFunctions; Method: getElementFromJSONFile
2018-05-31 12:00:36 INFO  rootLogger:232 - Return: input_newPassword
2018-05-31 12:00:36 INFO  rootLogger:232 - Class: UtilFunctions; Method: getElementFromJSONFile
2018-05-31 12:00:36 INFO  rootLogger:232 - Return: input_newPassword
2018-05-31 12:00:36 INFO  rootLogger:232 - id present
2018-05-31 12:00:36 INFO  rootLogger:232 - Text box textPath: input_newPassword
2018-05-31 12:00:36 INFO  rootLogger:232 - Text box textMethod: id
2018-05-31 12:00:37 INFO  rootLogger:232 - Class: Hooks; Method: getDriver
2018-05-31 12:00:37 INFO  rootLogger:232 - get driver object
2018-05-31 12:00:37 INFO  rootLogger:232 - Class: SeleniumFunctions; Method: setByValues
2018-05-31 12:00:37 INFO  rootLogger:232 - propField: input_newPassword;id
2018-05-31 12:00:37 INFO  rootLogger:232 - switchType: id
2018-05-31 12:00:37 INFO  rootLogger:232 - switchValue: input_newPassword
2018-05-31 12:00:37 INFO  rootLogger:232 - Class: SeleniumFunctions; Method: findElement
2018-05-31 12:00:37 INFO  rootLogger:232 - Class: SeleniumFunctions; Method: explicitWait
2018-05-31 12:00:37 INFO  rootLogger:232 - frame: 
2018-05-31 12:00:39 INFO  rootLogger:232 - Text box 'NewPassword' object not null. Entered Value: 'password1'. Returning true.
2018-05-31 12:00:39 INFO  rootLogger:232 - Class: GlobalStepdefs; Method: enterInTheField : Complete
2018-05-31 12:00:39 INFO  rootLogger:232 - Class: GlobalStepdefs; Method: enterInTheField : Start
2018-05-31 12:00:39 INFO  rootLogger:232 - Class: Hooks; Method: getDriver
2018-05-31 12:00:39 INFO  rootLogger:232 - get driver object
2018-05-31 12:00:39 INFO  rootLogger:232 - Class: Page; Method: setTextBox
2018-05-31 12:00:39 INFO  rootLogger:232 - Current page name: Admin
2018-05-31 12:00:39 INFO  rootLogger:232 - Text box field name: ConfirmPassword
2018-05-31 12:00:39 INFO  rootLogger:232 - Class: UtilFunctions; Method: getJSONFileObjBasedOnPageName
2018-05-31 12:00:39 INFO  rootLogger:232 - Class: UtilFunctions; Method: getElementStringAndType
2018-05-31 12:00:39 INFO  rootLogger:232 - Class: UtilFunctions; Method: getElementFromJSONFile
2018-05-31 12:00:39 INFO  rootLogger:232 - Return: null
2018-05-31 12:00:39 INFO  rootLogger:232 - Class: UtilFunctions; Method: getElementFromJSONFile
2018-05-31 12:00:39 INFO  rootLogger:232 - Return: input_cPassword
2018-05-31 12:00:39 INFO  rootLogger:232 - Class: UtilFunctions; Method: getElementFromJSONFile
2018-05-31 12:00:39 INFO  rootLogger:232 - Return: input_cPassword
2018-05-31 12:00:39 INFO  rootLogger:232 - id present
2018-05-31 12:00:39 INFO  rootLogger:232 - Text box textPath: input_cPassword
2018-05-31 12:00:39 INFO  rootLogger:232 - Text box textMethod: id
2018-05-31 12:00:40 INFO  rootLogger:232 - Class: Hooks; Method: getDriver
2018-05-31 12:00:40 INFO  rootLogger:232 - get driver object
2018-05-31 12:00:40 INFO  rootLogger:232 - Class: SeleniumFunctions; Method: setByValues
2018-05-31 12:00:40 INFO  rootLogger:232 - propField: input_cPassword;id
2018-05-31 12:00:40 INFO  rootLogger:232 - switchType: id
2018-05-31 12:00:40 INFO  rootLogger:232 - switchValue: input_cPassword
2018-05-31 12:00:40 INFO  rootLogger:232 - Class: SeleniumFunctions; Method: findElement
2018-05-31 12:00:40 INFO  rootLogger:232 - Class: SeleniumFunctions; Method: explicitWait
2018-05-31 12:00:40 INFO  rootLogger:232 - frame: 
2018-05-31 12:00:41 INFO  rootLogger:232 - Text box 'ConfirmPassword' object not null. Entered Value: 'password1'. Returning true.
2018-05-31 12:00:41 INFO  rootLogger:232 - Class: GlobalStepdefs; Method: enterInTheField : Complete
2018-05-31 12:00:41 INFO  rootLogger:232 - Class: GlobalStepdefs; Method: clickButton : Start
2018-05-31 12:00:41 INFO  rootLogger:232 - Class: Hooks; Method: getDriver
2018-05-31 12:00:41 INFO  rootLogger:232 - get driver object
2018-05-31 12:00:41 INFO  rootLogger:232 - Class: Page; Method: clickButton
2018-05-31 12:00:41 INFO  rootLogger:232 - Current page name: Admin
2018-05-31 12:00:41 INFO  rootLogger:232 - Button to be clicked: SaveChanges
2018-05-31 12:00:41 INFO  rootLogger:232 - Class: UtilFunctions; Method: getJSONFileObjBasedOnPageName
2018-05-31 12:00:41 INFO  rootLogger:232 - Class: UtilFunctions; Method: getElementStringAndType
2018-05-31 12:00:41 INFO  rootLogger:232 - Class: UtilFunctions; Method: getElementFromJSONFile
2018-05-31 12:00:41 INFO  rootLogger:232 - Return: null
2018-05-31 12:00:41 INFO  rootLogger:232 - Class: UtilFunctions; Method: getElementFromJSONFile
2018-05-31 12:00:41 INFO  rootLogger:232 - Return: button_saveChanges
2018-05-31 12:00:41 INFO  rootLogger:232 - Class: UtilFunctions; Method: getElementFromJSONFile
2018-05-31 12:00:41 INFO  rootLogger:232 - Return: button_saveChanges
2018-05-31 12:00:41 INFO  rootLogger:232 - id present
2018-05-31 12:00:41 INFO  rootLogger:232 - Class: SeleniumFunctions; Method: explicitWait
2018-05-31 12:00:41 INFO  rootLogger:232 - frame: button_saveChanges;id
2018-05-31 12:00:41 INFO  rootLogger:232 - Class: SeleniumFunctions; Method: setByValues
2018-05-31 12:00:41 INFO  rootLogger:232 - propField: button_saveChanges;id
2018-05-31 12:00:41 INFO  rootLogger:232 - switchType: id
2018-05-31 12:00:41 INFO  rootLogger:232 - switchValue: button_saveChanges
2018-05-31 12:00:41 INFO  rootLogger:232 - Class: SeleniumFunctions; Method: findElement
2018-05-31 12:00:41 INFO  rootLogger:232 - Class: SeleniumFunctions; Method: explicitWait
2018-05-31 12:00:41 INFO  rootLogger:232 - frame: 
2018-05-31 12:00:42 INFO  rootLogger:232 - Button 'SaveChanges' object not null and is clicked. Returning true.
2018-05-31 12:00:42 INFO  rootLogger:232 - Class: GlobalStepdefs; Method: clickButton : Complete
2018-05-31 12:00:42 INFO  rootLogger:232 - Class: GlobalStepdefs; Method: clickButton : Start
2018-05-31 12:00:42 INFO  rootLogger:232 - Class: Hooks; Method: getDriver
2018-05-31 12:00:42 INFO  rootLogger:232 - get driver object
2018-05-31 12:00:42 INFO  rootLogger:232 - Class: Page; Method: clickButton
2018-05-31 12:00:42 INFO  rootLogger:232 - Current page name: Admin
2018-05-31 12:00:42 INFO  rootLogger:232 - Button to be clicked: OK2
2018-05-31 12:00:42 INFO  rootLogger:232 - Class: UtilFunctions; Method: getJSONFileObjBasedOnPageName
2018-05-31 12:00:42 INFO  rootLogger:232 - Class: UtilFunctions; Method: getElementStringAndType
2018-05-31 12:00:42 INFO  rootLogger:232 - Class: UtilFunctions; Method: getElementFromJSONFile
2018-05-31 12:00:42 INFO  rootLogger:232 - Return: //button[@class='consumerModuleButtons' and text()='OK']
2018-05-31 12:00:42 INFO  rootLogger:232 - Class: UtilFunctions; Method: getElementFromJSONFile
2018-05-31 12:00:42 INFO  rootLogger:232 - Return: //button[@class='consumerModuleButtons' and text()='OK']
2018-05-31 12:00:42 INFO  rootLogger:232 - xpath present
2018-05-31 12:00:42 INFO  rootLogger:232 - Class: SeleniumFunctions; Method: explicitWait
2018-05-31 12:00:42 INFO  rootLogger:232 - frame: //button[@class='consumerModuleButtons' and text()='OK'];xpath
2018-05-31 12:00:42 INFO  rootLogger:232 - Class: SeleniumFunctions; Method: setByValues
2018-05-31 12:00:42 INFO  rootLogger:232 - propField: //button[@class='consumerModuleButtons' and text()='OK'];xpath
2018-05-31 12:00:42 INFO  rootLogger:232 - switchType: xpath
2018-05-31 12:00:42 INFO  rootLogger:232 - switchValue: //button[@class='consumerModuleButtons' and text()='OK']
2018-05-31 12:00:42 INFO  rootLogger:232 - Class: SeleniumFunctions; Method: findElement
2018-05-31 12:00:42 INFO  rootLogger:232 - Class: SeleniumFunctions; Method: explicitWait
2018-05-31 12:00:42 INFO  rootLogger:232 - frame: 
2018-05-31 12:00:44 INFO  rootLogger:232 - Button 'OK2' object not null and is clicked. Returning true.
2018-05-31 12:00:44 INFO  rootLogger:232 - Class: GlobalStepdefs; Method: clickButton : Complete
2018-05-31 12:00:44 INFO  rootLogger:232 - Class: Hooks; Method: closeBrowserAndTakeScreenShot
2018-05-31 12:00:44 INFO  rootLogger:232 - Scenario: Verify Change password complete.
