2018-04-30 15:27:06 INFO  rootLogger:232 - Class: Hooks; Method: setUp
2018-04-30 15:27:06 INFO  rootLogger:232 - Scenario: Verify Payment Details using search in Payments starting.
2018-04-30 15:27:06 INFO  rootLogger:232 - Scenario Tag Name: @Sanity
2018-04-30 15:27:06 INFO  rootLogger:232 - Class: LoginStepdefs; Method: applicationLogin : Start
2018-04-30 15:27:06 INFO  rootLogger:232 - Class: Hooks; Method: openBrowser
2018-04-30 15:27:06 INFO  rootLogger:232 - userName: admin@huddil.com
2018-04-30 15:27:06 INFO  rootLogger:232 - Class: SetUpFile; Method: constructor
2018-04-30 15:27:06 INFO  rootLogger:232 - Initializing JSON files
2018-04-30 15:27:06 INFO  rootLogger:232 - Class: SetUpFile; Method: setUpBrowser
2018-04-30 15:27:13 INFO  rootLogger:232 - Firefox driver initialized
2018-04-30 15:27:18 INFO  rootLogger:232 - Class: Hooks; Method: setDriver
2018-04-30 15:27:18 INFO  rootLogger:232 - get driver object
2018-04-30 15:27:18 INFO  rootLogger:232 - Class: SetUpFile; Method: openURL
2018-04-30 15:27:42 INFO  rootLogger:232 - Class: SetUpFile; Method: logInApplication
2018-04-30 15:27:42 INFO  rootLogger:232 - Class: UtilFunctions; Method: getJSONFileObjBasedOnPageName
2018-04-30 15:27:42 INFO  rootLogger:232 - Class: UtilFunctions; Method: getElementFromJSONFile
2018-04-30 15:27:42 INFO  rootLogger:232 - Return: username
2018-04-30 15:27:42 INFO  rootLogger:232 - Class: UtilFunctions; Method: getElementFromJSONFile
2018-04-30 15:27:42 INFO  rootLogger:232 - Return: password
2018-04-30 15:27:42 INFO  rootLogger:232 - Class: UtilFunctions; Method: getElementFromJSONFile
2018-04-30 15:27:42 INFO  rootLogger:232 - Return: null
2018-04-30 15:27:42 INFO  rootLogger:232 - Class: SeleniumFunctions; Method: findElement
2018-04-30 15:27:42 INFO  rootLogger:232 - Class: SeleniumFunctions; Method: explicitWait
2018-04-30 15:27:42 INFO  rootLogger:232 - frame: 
2018-04-30 15:27:42 INFO  rootLogger:232 - UserName: admin@huddil.com entered
2018-04-30 15:27:42 INFO  rootLogger:232 - Class: SeleniumFunctions; Method: findElement
2018-04-30 15:27:42 INFO  rootLogger:232 - Class: SeleniumFunctions; Method: explicitWait
2018-04-30 15:27:42 INFO  rootLogger:232 - frame: 
2018-04-30 15:27:43 INFO  rootLogger:232 - Password: password entered
2018-04-30 15:27:43 INFO  rootLogger:232 - Class: UtilFunctions; Method: getElementFromJSONFile
2018-04-30 15:27:43 INFO  rootLogger:232 - Return: //button[@class='consumerModuleButtons submitButton' and text()='Sign in']
2018-04-30 15:27:43 INFO  rootLogger:232 - Class: SeleniumFunctions; Method: setByValues
2018-04-30 15:27:43 INFO  rootLogger:232 - propField: //button[@class='consumerModuleButtons submitButton' and text()='Sign in']
2018-04-30 15:27:43 INFO  rootLogger:232 - switchType: xpath
2018-04-30 15:27:43 INFO  rootLogger:232 - switchValue: //button[@class='consumerModuleButtons submitButton' and text()='Sign in']
2018-04-30 15:27:43 INFO  rootLogger:232 - Class: SeleniumFunctions; Method: findElement
2018-04-30 15:27:43 INFO  rootLogger:232 - Class: SeleniumFunctions; Method: explicitWait
2018-04-30 15:27:43 INFO  rootLogger:232 - frame: 
2018-04-30 15:27:45 INFO  rootLogger:232 - Login button clicked
2018-04-30 15:27:45 INFO  rootLogger:232 - Class: SeleniumFunctions; Method: switchToNewWindow
2018-04-30 15:27:45 INFO  rootLogger:232 - parentWindow: 4294967297
2018-04-30 15:27:45 INFO  rootLogger:232 - windowHandle: 4294967297
2018-04-30 15:27:45 INFO  rootLogger:232 - Class: Hooks; Method: setDriver
2018-04-30 15:27:45 INFO  rootLogger:232 - get driver object
2018-04-30 15:27:45 INFO  rootLogger:232 - Class: LoginStepdefs; Method: applicationLogin : Complete
2018-04-30 15:27:45 INFO  rootLogger:232 - Class: GlobalStepdefs; Method: checkPageLoad : Start
2018-04-30 15:27:45 INFO  rootLogger:232 - Class: Hooks; Method: getDriver
2018-04-30 15:27:45 INFO  rootLogger:232 - get driver object
2018-04-30 15:27:45 INFO  rootLogger:232 - Class: Page; Method: findPage
2018-04-30 15:27:45 INFO  rootLogger:232 - Current tab name: Admin
2018-04-30 15:27:45 INFO  rootLogger:232 - PaneName: Admin
2018-04-30 15:27:45 INFO  rootLogger:232 - Class: UtilFunctions; Method: getJSONFileObjBasedOnPageName
2018-04-30 15:27:45 INFO  rootLogger:232 - Class: UtilFunctions; Method: getElementFromJSONFile
2018-04-30 15:27:45 INFO  rootLogger:232 - Exception: null
2018-04-30 15:27:45 INFO  rootLogger:232 - Pane xpath: null
2018-04-30 15:27:45 INFO  rootLogger:232 - Class: Hooks; Method: getDriver
2018-04-30 15:27:45 INFO  rootLogger:232 - get driver object
2018-04-30 15:27:45 INFO  rootLogger:232 - Class: SeleniumFunctions; Method: explicitWait
2018-04-30 15:27:45 INFO  rootLogger:232 - frame: 
2018-04-30 15:27:45 INFO  rootLogger:232 - Class: SeleniumFunctions; Method: findElement
2018-04-30 15:27:45 INFO  rootLogger:232 - Class: SeleniumFunctions; Method: explicitWait
2018-04-30 15:27:45 INFO  rootLogger:232 - frame: 
2018-04-30 15:27:45 INFO  rootLogger:232 - Class: GlobalStepdefs; Method: checkPageLoad : Complete
2018-04-30 15:27:45 INFO  rootLogger:232 - Class: GlobalStepdefs; Method: clickMiscElement : Start
2018-04-30 15:27:45 INFO  rootLogger:232 - Pagename: Admin
2018-04-30 15:27:45 INFO  rootLogger:232 - Class: Hooks; Method: getDriver
2018-04-30 15:27:45 INFO  rootLogger:232 - get driver object
2018-04-30 15:27:45 INFO  rootLogger:232 - Class: Page; Method: clickMiscElement
2018-04-30 15:27:45 INFO  rootLogger:232 - Current tab name: Admin
2018-04-30 15:27:45 INFO  rootLogger:232 - ImageName: Payments
2018-04-30 15:27:45 INFO  rootLogger:232 - Class: UtilFunctions; Method: getJSONFileObjBasedOnPageName
2018-04-30 15:27:45 INFO  rootLogger:232 - Class: UtilFunctions; Method: getElementStringAndType
2018-04-30 15:27:45 INFO  rootLogger:232 - Class: UtilFunctions; Method: getElementFromJSONFile
2018-04-30 15:27:45 INFO  rootLogger:232 - Return: //div[contains (@class,'sideMenuItem') and child::p[text()='Payments']]
2018-04-30 15:27:45 INFO  rootLogger:232 - Class: UtilFunctions; Method: getElementFromJSONFile
2018-04-30 15:27:45 INFO  rootLogger:232 - Return: //div[contains (@class,'sideMenuItem') and child::p[text()='Payments']]
2018-04-30 15:27:45 INFO  rootLogger:232 - xpath present
2018-04-30 15:27:45 INFO  rootLogger:232 - Class: SeleniumFunctions; Method: explicitWait
2018-04-30 15:27:45 INFO  rootLogger:232 - frame: //div[contains (@class,'sideMenuItem') and child::p[text()='Payments']];xpath
2018-04-30 15:27:48 INFO  rootLogger:232 - Class: SeleniumFunctions; Method: setByValues
2018-04-30 15:27:48 INFO  rootLogger:232 - propField: //div[contains (@class,'sideMenuItem') and child::p[text()='Payments']];xpath
2018-04-30 15:27:48 INFO  rootLogger:232 - switchType: xpath
2018-04-30 15:27:48 INFO  rootLogger:232 - switchValue: //div[contains (@class,'sideMenuItem') and child::p[text()='Payments']]
2018-04-30 15:27:48 INFO  rootLogger:232 - Class: SeleniumFunctions; Method: findElement
2018-04-30 15:27:48 INFO  rootLogger:232 - Class: SeleniumFunctions; Method: explicitWait
2018-04-30 15:27:48 INFO  rootLogger:232 - frame: 
2018-04-30 15:27:49 INFO  rootLogger:232 - Element: 'Payments' exist and clicked. Returning true.
2018-04-30 15:27:49 INFO  rootLogger:232 - Class: GlobalStepdefs; Method: selectFromDropdown : Start
2018-04-30 15:27:49 INFO  rootLogger:232 - Class: Hooks; Method: getDriver
2018-04-30 15:27:49 INFO  rootLogger:232 - get driver object
2018-04-30 15:27:49 INFO  rootLogger:232 - Class: Page; Method: selectDropDownInPane
2018-04-30 15:27:49 INFO  rootLogger:232 - Current tab name: Admin
2018-04-30 15:27:49 INFO  rootLogger:232 - Class: UtilFunctions; Method: getJSONFileObjBasedOnPageName
2018-04-30 15:27:49 INFO  rootLogger:232 - PaneName: Admin
2018-04-30 15:27:49 INFO  rootLogger:232 - Dropdown Name: SelectMonth
2018-04-30 15:27:49 INFO  rootLogger:232 - Class: UtilFunctions; Method: getElementStringAndType
2018-04-30 15:27:49 INFO  rootLogger:232 - Class: UtilFunctions; Method: getElementFromJSONFile
2018-04-30 15:27:49 INFO  rootLogger:232 - Return: null
2018-04-30 15:27:49 INFO  rootLogger:232 - Class: UtilFunctions; Method: getElementFromJSONFile
2018-04-30 15:27:49 INFO  rootLogger:232 - Return: select_month
2018-04-30 15:27:49 INFO  rootLogger:232 - Class: UtilFunctions; Method: getElementFromJSONFile
2018-04-30 15:27:49 INFO  rootLogger:232 - Return: select_month
2018-04-30 15:27:49 INFO  rootLogger:232 - id present
2018-04-30 15:27:49 INFO  rootLogger:232 - Class: Page; Method: selectDropDownOption
2018-04-30 15:27:49 INFO  rootLogger:232 - Class: SeleniumFunctions; Method: explicitWait
2018-04-30 15:27:49 INFO  rootLogger:232 - frame: select_month;id
2018-04-30 15:27:49 INFO  rootLogger:232 - Class: SeleniumFunctions; Method: setByValues
2018-04-30 15:27:49 INFO  rootLogger:232 - propField: select_month;id
2018-04-30 15:27:49 INFO  rootLogger:232 - switchType: id
2018-04-30 15:27:49 INFO  rootLogger:232 - switchValue: select_month
2018-04-30 15:27:49 INFO  rootLogger:232 - Class: SeleniumFunctions; Method: findElement
2018-04-30 15:27:49 INFO  rootLogger:232 - Class: SeleniumFunctions; Method: explicitWait
2018-04-30 15:27:49 INFO  rootLogger:232 - frame: 
2018-04-30 15:27:49 INFO  rootLogger:232 - Drop down element not null
2018-04-30 15:27:49 INFO  rootLogger:232 - Class: Page; Method: selectDropDownOption
2018-04-30 15:27:49 INFO  rootLogger:232 - Class: Page; Method: selectDropDownInPane
2018-04-30 15:27:49 INFO  rootLogger:232 - Class: GlobalStepdefs; Method: selectFromDropdown : Complete
2018-04-30 15:27:49 INFO  rootLogger:232 - Class: GlobalStepdefs; Method: selectFromDropdown : Start
2018-04-30 15:27:49 INFO  rootLogger:232 - Class: Hooks; Method: getDriver
2018-04-30 15:27:49 INFO  rootLogger:232 - get driver object
2018-04-30 15:27:49 INFO  rootLogger:232 - Class: Page; Method: selectDropDownInPane
2018-04-30 15:27:49 INFO  rootLogger:232 - Current tab name: Admin
2018-04-30 15:27:49 INFO  rootLogger:232 - Class: UtilFunctions; Method: getJSONFileObjBasedOnPageName
2018-04-30 15:27:49 INFO  rootLogger:232 - PaneName: Admin
2018-04-30 15:27:49 INFO  rootLogger:232 - Dropdown Name: SelectYear
2018-04-30 15:27:49 INFO  rootLogger:232 - Class: UtilFunctions; Method: getElementStringAndType
2018-04-30 15:27:49 INFO  rootLogger:232 - Class: UtilFunctions; Method: getElementFromJSONFile
2018-04-30 15:27:49 INFO  rootLogger:232 - Return: null
2018-04-30 15:27:50 INFO  rootLogger:232 - Class: UtilFunctions; Method: getElementFromJSONFile
2018-04-30 15:27:50 INFO  rootLogger:232 - Return: select_year
2018-04-30 15:27:50 INFO  rootLogger:232 - Class: UtilFunctions; Method: getElementFromJSONFile
2018-04-30 15:27:50 INFO  rootLogger:232 - Return: select_year
2018-04-30 15:27:50 INFO  rootLogger:232 - id present
2018-04-30 15:27:50 INFO  rootLogger:232 - Class: Page; Method: selectDropDownOption
2018-04-30 15:27:50 INFO  rootLogger:232 - Class: SeleniumFunctions; Method: explicitWait
2018-04-30 15:27:50 INFO  rootLogger:232 - frame: select_year;id
2018-04-30 15:27:50 INFO  rootLogger:232 - Class: SeleniumFunctions; Method: setByValues
2018-04-30 15:27:50 INFO  rootLogger:232 - propField: select_year;id
2018-04-30 15:27:50 INFO  rootLogger:232 - switchType: id
2018-04-30 15:27:50 INFO  rootLogger:232 - switchValue: select_year
2018-04-30 15:27:50 INFO  rootLogger:232 - Class: SeleniumFunctions; Method: findElement
2018-04-30 15:27:50 INFO  rootLogger:232 - Class: SeleniumFunctions; Method: explicitWait
2018-04-30 15:27:50 INFO  rootLogger:232 - frame: 
2018-04-30 15:27:50 INFO  rootLogger:232 - Drop down element not null
2018-04-30 15:27:50 INFO  rootLogger:232 - Class: Page; Method: selectDropDownOption
2018-04-30 15:27:50 INFO  rootLogger:232 - Class: Page; Method: selectDropDownInPane
2018-04-30 15:27:50 INFO  rootLogger:232 - Class: GlobalStepdefs; Method: selectFromDropdown : Complete
2018-04-30 15:27:50 INFO  rootLogger:232 - Class: GlobalStepdefs; Method: selectFromDropdown : Start
2018-04-30 15:27:50 INFO  rootLogger:232 - Class: Hooks; Method: getDriver
2018-04-30 15:27:50 INFO  rootLogger:232 - get driver object
2018-04-30 15:27:50 INFO  rootLogger:232 - Class: Page; Method: selectDropDownInPane
2018-04-30 15:27:50 INFO  rootLogger:232 - Current tab name: Admin
2018-04-30 15:27:50 INFO  rootLogger:232 - Class: UtilFunctions; Method: getJSONFileObjBasedOnPageName
2018-04-30 15:27:50 INFO  rootLogger:232 - PaneName: Admin
2018-04-30 15:27:50 INFO  rootLogger:232 - Dropdown Name: AllCities
2018-04-30 15:27:50 INFO  rootLogger:232 - Class: UtilFunctions; Method: getElementStringAndType
2018-04-30 15:27:50 INFO  rootLogger:232 - Class: UtilFunctions; Method: getElementFromJSONFile
2018-04-30 15:27:50 INFO  rootLogger:232 - Return: null
2018-04-30 15:27:50 INFO  rootLogger:232 - Class: UtilFunctions; Method: getElementFromJSONFile
2018-04-30 15:27:50 INFO  rootLogger:232 - Return: select_city
2018-04-30 15:27:50 INFO  rootLogger:232 - Class: UtilFunctions; Method: getElementFromJSONFile
2018-04-30 15:27:50 INFO  rootLogger:232 - Return: select_city
2018-04-30 15:27:50 INFO  rootLogger:232 - id present
2018-04-30 15:27:50 INFO  rootLogger:232 - Class: Page; Method: selectDropDownOption
2018-04-30 15:27:50 INFO  rootLogger:232 - Class: SeleniumFunctions; Method: explicitWait
2018-04-30 15:27:50 INFO  rootLogger:232 - frame: select_city;id
2018-04-30 15:27:50 INFO  rootLogger:232 - Class: SeleniumFunctions; Method: setByValues
2018-04-30 15:27:50 INFO  rootLogger:232 - propField: select_city;id
2018-04-30 15:27:50 INFO  rootLogger:232 - switchType: id
2018-04-30 15:27:50 INFO  rootLogger:232 - switchValue: select_city
2018-04-30 15:27:50 INFO  rootLogger:232 - Class: SeleniumFunctions; Method: findElement
2018-04-30 15:27:50 INFO  rootLogger:232 - Class: SeleniumFunctions; Method: explicitWait
2018-04-30 15:27:50 INFO  rootLogger:232 - frame: 
2018-04-30 15:27:50 INFO  rootLogger:232 - Drop down element not null
2018-04-30 15:27:50 INFO  rootLogger:232 - Class: Page; Method: selectDropDownOption
2018-04-30 15:27:50 INFO  rootLogger:232 - Class: Page; Method: selectDropDownInPane
2018-04-30 15:27:50 INFO  rootLogger:232 - Class: GlobalStepdefs; Method: selectFromDropdown : Complete
2018-04-30 15:27:50 INFO  rootLogger:232 - Class: GlobalStepdefs; Method: enterInTheField : Start
2018-04-30 15:27:50 INFO  rootLogger:232 - Class: Hooks; Method: getDriver
2018-04-30 15:27:50 INFO  rootLogger:232 - get driver object
2018-04-30 15:27:50 INFO  rootLogger:232 - Class: Page; Method: setTextBox
2018-04-30 15:27:50 INFO  rootLogger:232 - Current page name: Admin
2018-04-30 15:27:50 INFO  rootLogger:232 - Text box field name: ServiceProvider
2018-04-30 15:27:50 INFO  rootLogger:232 - Class: UtilFunctions; Method: getJSONFileObjBasedOnPageName
2018-04-30 15:27:50 INFO  rootLogger:232 - Class: UtilFunctions; Method: getElementStringAndType
2018-04-30 15:27:50 INFO  rootLogger:232 - Class: UtilFunctions; Method: getElementFromJSONFile
2018-04-30 15:27:50 INFO  rootLogger:232 - Return: null
2018-04-30 15:27:50 INFO  rootLogger:232 - Class: UtilFunctions; Method: getElementFromJSONFile
2018-04-30 15:27:50 INFO  rootLogger:232 - Return: input_spName
2018-04-30 15:27:50 INFO  rootLogger:232 - Class: UtilFunctions; Method: getElementFromJSONFile
2018-04-30 15:27:50 INFO  rootLogger:232 - Return: input_spName
2018-04-30 15:27:50 INFO  rootLogger:232 - id present
2018-04-30 15:27:50 INFO  rootLogger:232 - Text box textPath: input_spName
2018-04-30 15:27:50 INFO  rootLogger:232 - Text box textMethod: id
2018-04-30 15:27:51 INFO  rootLogger:232 - Class: Hooks; Method: getDriver
2018-04-30 15:27:51 INFO  rootLogger:232 - get driver object
2018-04-30 15:27:51 INFO  rootLogger:232 - Class: SeleniumFunctions; Method: setByValues
2018-04-30 15:27:51 INFO  rootLogger:232 - propField: input_spName;id
2018-04-30 15:27:51 INFO  rootLogger:232 - switchType: id
2018-04-30 15:27:51 INFO  rootLogger:232 - switchValue: input_spName
2018-04-30 15:27:51 INFO  rootLogger:232 - Class: SeleniumFunctions; Method: findElement
2018-04-30 15:27:51 INFO  rootLogger:232 - Class: SeleniumFunctions; Method: explicitWait
2018-04-30 15:27:51 INFO  rootLogger:232 - frame: 
2018-04-30 15:27:53 INFO  rootLogger:232 - Text box 'ServiceProvider' object not null. Entered Value: 'aparna.b@myapps-solutions.com'. Returning true.
2018-04-30 15:27:53 INFO  rootLogger:232 - Class: GlobalStepdefs; Method: enterInTheField : Complete
2018-04-30 15:27:53 INFO  rootLogger:232 - Class: GlobalStepdefs; Method: clickButton : Start
2018-04-30 15:27:53 INFO  rootLogger:232 - Class: Hooks; Method: getDriver
2018-04-30 15:27:53 INFO  rootLogger:232 - get driver object
2018-04-30 15:27:53 INFO  rootLogger:232 - Class: Page; Method: clickButton
2018-04-30 15:27:53 INFO  rootLogger:232 - Current page name: Admin
2018-04-30 15:27:53 INFO  rootLogger:232 - Button to be clicked: PaymentsSearch
2018-04-30 15:27:53 INFO  rootLogger:232 - Class: UtilFunctions; Method: getJSONFileObjBasedOnPageName
2018-04-30 15:27:53 INFO  rootLogger:232 - Class: UtilFunctions; Method: getElementStringAndType
2018-04-30 15:27:53 INFO  rootLogger:232 - Class: UtilFunctions; Method: getElementFromJSONFile
2018-04-30 15:27:53 INFO  rootLogger:232 - Return: null
2018-04-30 15:27:53 INFO  rootLogger:232 - Class: UtilFunctions; Method: getElementFromJSONFile
2018-04-30 15:27:53 INFO  rootLogger:232 - Return: button_search
2018-04-30 15:27:53 INFO  rootLogger:232 - Class: UtilFunctions; Method: getElementFromJSONFile
2018-04-30 15:27:53 INFO  rootLogger:232 - Return: button_search
2018-04-30 15:27:53 INFO  rootLogger:232 - id present
2018-04-30 15:27:53 INFO  rootLogger:232 - Class: SeleniumFunctions; Method: explicitWait
2018-04-30 15:27:53 INFO  rootLogger:232 - frame: button_search;id
2018-04-30 15:27:53 INFO  rootLogger:232 - Class: SeleniumFunctions; Method: setByValues
2018-04-30 15:27:53 INFO  rootLogger:232 - propField: button_search;id
2018-04-30 15:27:53 INFO  rootLogger:232 - switchType: id
2018-04-30 15:27:53 INFO  rootLogger:232 - switchValue: button_search
2018-04-30 15:27:53 INFO  rootLogger:232 - Class: SeleniumFunctions; Method: findElement
2018-04-30 15:27:53 INFO  rootLogger:232 - Class: SeleniumFunctions; Method: explicitWait
2018-04-30 15:27:53 INFO  rootLogger:232 - frame: 
2018-04-30 15:27:54 INFO  rootLogger:232 - Button 'PaymentsSearch' object not null and is clicked. Returning true.
2018-04-30 15:27:54 INFO  rootLogger:232 - Class: GlobalStepdefs; Method: clickButton : Complete
2018-04-30 15:27:54 INFO  rootLogger:232 - Class: GlobalStepdefs; Method: clickMiscElement : Start
2018-04-30 15:27:54 INFO  rootLogger:232 - Pagename: Admin
2018-04-30 15:27:54 INFO  rootLogger:232 - Class: Hooks; Method: getDriver
2018-04-30 15:27:54 INFO  rootLogger:232 - get driver object
2018-04-30 15:27:54 INFO  rootLogger:232 - Class: Page; Method: clickMiscElement
2018-04-30 15:27:54 INFO  rootLogger:232 - Current tab name: Admin
2018-04-30 15:27:54 INFO  rootLogger:232 - ImageName: Users
2018-04-30 15:27:54 INFO  rootLogger:232 - Class: UtilFunctions; Method: getJSONFileObjBasedOnPageName
2018-04-30 15:27:54 INFO  rootLogger:232 - Class: UtilFunctions; Method: getElementStringAndType
2018-04-30 15:27:54 INFO  rootLogger:232 - Class: UtilFunctions; Method: getElementFromJSONFile
2018-04-30 15:27:54 INFO  rootLogger:232 - Return: //div[contains (@class,  'sideMenuItem') and child::p[text()='Users']]
2018-04-30 15:27:54 INFO  rootLogger:232 - Class: UtilFunctions; Method: getElementFromJSONFile
2018-04-30 15:27:54 INFO  rootLogger:232 - Return: //div[contains (@class,  'sideMenuItem') and child::p[text()='Users']]
2018-04-30 15:27:54 INFO  rootLogger:232 - xpath present
2018-04-30 15:27:54 INFO  rootLogger:232 - Class: SeleniumFunctions; Method: explicitWait
2018-04-30 15:27:54 INFO  rootLogger:232 - frame: //div[contains (@class,  'sideMenuItem') and child::p[text()='Users']];xpath
2018-04-30 15:27:54 INFO  rootLogger:232 - Class: SeleniumFunctions; Method: setByValues
2018-04-30 15:27:54 INFO  rootLogger:232 - propField: //div[contains (@class,  'sideMenuItem') and child::p[text()='Users']];xpath
2018-04-30 15:27:54 INFO  rootLogger:232 - switchType: xpath
2018-04-30 15:27:54 INFO  rootLogger:232 - switchValue: //div[contains (@class,  'sideMenuItem') and child::p[text()='Users']]
2018-04-30 15:27:54 INFO  rootLogger:232 - Class: SeleniumFunctions; Method: findElement
2018-04-30 15:27:54 INFO  rootLogger:232 - Class: SeleniumFunctions; Method: explicitWait
2018-04-30 15:27:54 INFO  rootLogger:232 - frame: 
2018-04-30 15:27:55 INFO  rootLogger:232 - Element: 'Users' exist and clicked. Returning true.
2018-04-30 15:27:55 INFO  rootLogger:232 - Class: GlobalStepdefs; Method: enterInTheField : Start
2018-04-30 15:27:55 INFO  rootLogger:232 - Class: Hooks; Method: getDriver
2018-04-30 15:27:55 INFO  rootLogger:232 - get driver object
2018-04-30 15:27:55 INFO  rootLogger:232 - Class: Page; Method: setTextBox
2018-04-30 15:27:55 INFO  rootLogger:232 - Current page name: Admin
2018-04-30 15:27:55 INFO  rootLogger:232 - Text box field name: NameMail-id
2018-04-30 15:27:55 INFO  rootLogger:232 - Class: UtilFunctions; Method: getJSONFileObjBasedOnPageName
2018-04-30 15:27:55 INFO  rootLogger:232 - Class: UtilFunctions; Method: getElementStringAndType
2018-04-30 15:27:55 INFO  rootLogger:232 - Class: UtilFunctions; Method: getElementFromJSONFile
2018-04-30 15:27:55 INFO  rootLogger:232 - Return: null
2018-04-30 15:27:55 INFO  rootLogger:232 - Class: UtilFunctions; Method: getElementFromJSONFile
2018-04-30 15:27:55 INFO  rootLogger:232 - Return: input_nameOrEmailId
2018-04-30 15:27:55 INFO  rootLogger:232 - Class: UtilFunctions; Method: getElementFromJSONFile
2018-04-30 15:27:55 INFO  rootLogger:232 - Return: input_nameOrEmailId
2018-04-30 15:27:55 INFO  rootLogger:232 - id present
2018-04-30 15:27:55 INFO  rootLogger:232 - Text box textPath: input_nameOrEmailId
2018-04-30 15:27:55 INFO  rootLogger:232 - Text box textMethod: id
2018-04-30 15:27:56 INFO  rootLogger:232 - Class: Hooks; Method: getDriver
2018-04-30 15:27:56 INFO  rootLogger:232 - get driver object
2018-04-30 15:27:56 INFO  rootLogger:232 - Class: SeleniumFunctions; Method: setByValues
2018-04-30 15:27:56 INFO  rootLogger:232 - propField: input_nameOrEmailId;id
2018-04-30 15:27:56 INFO  rootLogger:232 - switchType: id
2018-04-30 15:27:56 INFO  rootLogger:232 - switchValue: input_nameOrEmailId
2018-04-30 15:27:56 INFO  rootLogger:232 - Class: SeleniumFunctions; Method: findElement
2018-04-30 15:27:56 INFO  rootLogger:232 - Class: SeleniumFunctions; Method: explicitWait
2018-04-30 15:27:56 INFO  rootLogger:232 - frame: 
2018-04-30 15:27:58 INFO  rootLogger:232 - Text box 'NameMail-id' object not null. Entered Value: 'aparna.b@myapps-solutions.com'. Returning true.
2018-04-30 15:27:58 INFO  rootLogger:232 - Class: GlobalStepdefs; Method: enterInTheField : Complete
2018-04-30 15:27:58 INFO  rootLogger:232 - Class: GlobalStepdefs; Method: selectFromDropdown : Start
2018-04-30 15:27:58 INFO  rootLogger:232 - Class: Hooks; Method: getDriver
2018-04-30 15:27:58 INFO  rootLogger:232 - get driver object
2018-04-30 15:27:58 INFO  rootLogger:232 - Class: Page; Method: selectDropDownInPane
2018-04-30 15:27:58 INFO  rootLogger:232 - Current tab name: Admin
2018-04-30 15:27:58 INFO  rootLogger:232 - Class: UtilFunctions; Method: getJSONFileObjBasedOnPageName
2018-04-30 15:27:58 INFO  rootLogger:232 - PaneName: Admin
2018-04-30 15:27:58 INFO  rootLogger:232 - Dropdown Name: selectUserType
2018-04-30 15:27:58 INFO  rootLogger:232 - Class: UtilFunctions; Method: getElementStringAndType
2018-04-30 15:27:58 INFO  rootLogger:232 - Class: UtilFunctions; Method: getElementFromJSONFile
2018-04-30 15:27:58 INFO  rootLogger:232 - Return: null
2018-04-30 15:27:58 INFO  rootLogger:232 - Class: UtilFunctions; Method: getElementFromJSONFile
2018-04-30 15:27:58 INFO  rootLogger:232 - Return: select_userType
2018-04-30 15:27:58 INFO  rootLogger:232 - Class: UtilFunctions; Method: getElementFromJSONFile
2018-04-30 15:27:58 INFO  rootLogger:232 - Return: select_userType
2018-04-30 15:27:58 INFO  rootLogger:232 - id present
2018-04-30 15:27:58 INFO  rootLogger:232 - Class: Page; Method: selectDropDownOption
2018-04-30 15:27:58 INFO  rootLogger:232 - Class: SeleniumFunctions; Method: explicitWait
2018-04-30 15:27:58 INFO  rootLogger:232 - frame: select_userType;id
2018-04-30 15:27:58 INFO  rootLogger:232 - Class: SeleniumFunctions; Method: setByValues
2018-04-30 15:27:58 INFO  rootLogger:232 - propField: select_userType;id
2018-04-30 15:27:58 INFO  rootLogger:232 - switchType: id
2018-04-30 15:27:58 INFO  rootLogger:232 - switchValue: select_userType
2018-04-30 15:27:58 INFO  rootLogger:232 - Class: SeleniumFunctions; Method: findElement
2018-04-30 15:27:58 INFO  rootLogger:232 - Class: SeleniumFunctions; Method: explicitWait
2018-04-30 15:27:58 INFO  rootLogger:232 - frame: 
2018-04-30 15:27:58 INFO  rootLogger:232 - Drop down element not null
2018-04-30 15:27:58 INFO  rootLogger:232 - Class: Page; Method: selectDropDownOption
2018-04-30 15:27:58 INFO  rootLogger:232 - Class: Page; Method: selectDropDownInPane
2018-04-30 15:27:58 INFO  rootLogger:232 - Class: GlobalStepdefs; Method: selectFromDropdown : Complete
2018-04-30 15:27:58 INFO  rootLogger:232 - Class: GlobalStepdefs; Method: clickButton : Start
2018-04-30 15:27:58 INFO  rootLogger:232 - Class: Hooks; Method: getDriver
2018-04-30 15:27:58 INFO  rootLogger:232 - get driver object
2018-04-30 15:27:58 INFO  rootLogger:232 - Class: Page; Method: clickButton
2018-04-30 15:27:58 INFO  rootLogger:232 - Current page name: Admin
2018-04-30 15:27:58 INFO  rootLogger:232 - Button to be clicked: Find
2018-04-30 15:27:58 INFO  rootLogger:232 - Class: UtilFunctions; Method: getJSONFileObjBasedOnPageName
2018-04-30 15:27:58 INFO  rootLogger:232 - Class: UtilFunctions; Method: getElementStringAndType
2018-04-30 15:27:58 INFO  rootLogger:232 - Class: UtilFunctions; Method: getElementFromJSONFile
2018-04-30 15:27:58 INFO  rootLogger:232 - Return: null
2018-04-30 15:27:58 INFO  rootLogger:232 - Class: UtilFunctions; Method: getElementFromJSONFile
2018-04-30 15:27:58 INFO  rootLogger:232 - Return: button_find
2018-04-30 15:27:58 INFO  rootLogger:232 - Class: UtilFunctions; Method: getElementFromJSONFile
2018-04-30 15:27:58 INFO  rootLogger:232 - Return: button_find
2018-04-30 15:27:58 INFO  rootLogger:232 - id present
2018-04-30 15:27:58 INFO  rootLogger:232 - Class: SeleniumFunctions; Method: explicitWait
2018-04-30 15:27:58 INFO  rootLogger:232 - frame: button_find;id
2018-04-30 15:27:58 INFO  rootLogger:232 - Class: SeleniumFunctions; Method: setByValues
2018-04-30 15:27:58 INFO  rootLogger:232 - propField: button_find;id
2018-04-30 15:27:58 INFO  rootLogger:232 - switchType: id
2018-04-30 15:27:58 INFO  rootLogger:232 - switchValue: button_find
2018-04-30 15:27:58 INFO  rootLogger:232 - Class: SeleniumFunctions; Method: findElement
2018-04-30 15:27:58 INFO  rootLogger:232 - Class: SeleniumFunctions; Method: explicitWait
2018-04-30 15:27:58 INFO  rootLogger:232 - frame: 
2018-04-30 15:27:59 INFO  rootLogger:232 - Button 'Find' object not null and is clicked. Returning true.
2018-04-30 15:27:59 INFO  rootLogger:232 - Class: GlobalStepdefs; Method: clickButton : Complete
2018-04-30 15:27:59 INFO  rootLogger:232 - Class: GlobalStepdefs; Method: clickButton : Start
2018-04-30 15:27:59 INFO  rootLogger:232 - Class: Hooks; Method: getDriver
2018-04-30 15:27:59 INFO  rootLogger:232 - get driver object
2018-04-30 15:27:59 INFO  rootLogger:232 - Class: Page; Method: clickButton
2018-04-30 15:27:59 INFO  rootLogger:232 - Current page name: Admin
2018-04-30 15:27:59 INFO  rootLogger:232 - Button to be clicked: ActiveBlock
2018-04-30 15:27:59 INFO  rootLogger:232 - Class: UtilFunctions; Method: getJSONFileObjBasedOnPageName
2018-04-30 15:27:59 INFO  rootLogger:232 - Class: UtilFunctions; Method: getElementStringAndType
2018-04-30 15:27:59 INFO  rootLogger:232 - Class: UtilFunctions; Method: getElementFromJSONFile
2018-04-30 15:27:59 INFO  rootLogger:232 - Return: null
2018-04-30 15:27:59 INFO  rootLogger:232 - Class: UtilFunctions; Method: getElementFromJSONFile
2018-04-30 15:27:59 INFO  rootLogger:232 - Return: button_activeOrBlock
2018-04-30 15:27:59 INFO  rootLogger:232 - Class: UtilFunctions; Method: getElementFromJSONFile
2018-04-30 15:27:59 INFO  rootLogger:232 - Return: button_activeOrBlock
2018-04-30 15:27:59 INFO  rootLogger:232 - id present
2018-04-30 15:27:59 INFO  rootLogger:232 - Class: SeleniumFunctions; Method: explicitWait
2018-04-30 15:27:59 INFO  rootLogger:232 - frame: button_activeOrBlock;id
2018-04-30 15:27:59 INFO  rootLogger:232 - Class: SeleniumFunctions; Method: setByValues
2018-04-30 15:27:59 INFO  rootLogger:232 - propField: button_activeOrBlock;id
2018-04-30 15:27:59 INFO  rootLogger:232 - switchType: id
2018-04-30 15:27:59 INFO  rootLogger:232 - switchValue: button_activeOrBlock
2018-04-30 15:27:59 INFO  rootLogger:232 - Class: SeleniumFunctions; Method: findElement
2018-04-30 15:27:59 INFO  rootLogger:232 - Class: SeleniumFunctions; Method: explicitWait
2018-04-30 15:27:59 INFO  rootLogger:232 - frame: 
2018-04-30 15:28:01 INFO  rootLogger:232 - Button 'ActiveBlock' object not null and is clicked. Returning true.
2018-04-30 15:28:01 INFO  rootLogger:232 - Class: GlobalStepdefs; Method: clickButton : Complete
2018-04-30 15:28:01 INFO  rootLogger:232 - Class: Hooks; Method: closeBrowserAndTakeScreenShot
2018-04-30 15:28:01 INFO  rootLogger:232 - Scenario: Verify Payment Details using search in Payments complete.
