2018-06-04 18:01:22 INFO  rootLogger:232 - Class: Hooks; Method: setUp
2018-06-04 18:01:22 INFO  rootLogger:232 - Scenario: Verify Adding Offers starting.
2018-06-04 18:01:22 INFO  rootLogger:232 - Scenario Tag Name: @Sanity
2018-06-04 18:01:22 INFO  rootLogger:232 - Class: LoginStepdefs; Method: applicationLogin : Start
2018-06-04 18:01:22 INFO  rootLogger:232 - Class: Hooks; Method: openBrowser
2018-06-04 18:01:22 INFO  rootLogger:232 - userName: admin@huddil.com
2018-06-04 18:01:22 INFO  rootLogger:232 - Class: SetUpFile; Method: constructor
2018-06-04 18:01:22 INFO  rootLogger:232 - Initializing JSON files
2018-06-04 18:01:22 INFO  rootLogger:232 - Class: SetUpFile; Method: setUpBrowser
2018-06-04 18:01:26 INFO  rootLogger:232 - ChromeDriver initialized
2018-06-04 18:01:27 INFO  rootLogger:232 - Class: Hooks; Method: setDriver
2018-06-04 18:01:27 INFO  rootLogger:232 - get driver object
2018-06-04 18:01:27 INFO  rootLogger:232 - Class: SetUpFile; Method: openURL
2018-06-04 18:01:36 INFO  rootLogger:232 - Class: SetUpFile; Method: logInApplication
2018-06-04 18:01:36 INFO  rootLogger:232 - Class: UtilFunctions; Method: getJSONFileObjBasedOnPageName
2018-06-04 18:01:36 INFO  rootLogger:232 - Class: UtilFunctions; Method: getElementFromJSONFile
2018-06-04 18:01:36 INFO  rootLogger:232 - Return: username
2018-06-04 18:01:36 INFO  rootLogger:232 - Class: UtilFunctions; Method: getElementFromJSONFile
2018-06-04 18:01:36 INFO  rootLogger:232 - Return: password
2018-06-04 18:01:36 INFO  rootLogger:232 - Class: UtilFunctions; Method: getElementFromJSONFile
2018-06-04 18:01:36 INFO  rootLogger:232 - Return: null
2018-06-04 18:01:36 INFO  rootLogger:232 - Class: SeleniumFunctions; Method: findElement
2018-06-04 18:01:36 INFO  rootLogger:232 - Class: SeleniumFunctions; Method: explicitWait
2018-06-04 18:01:36 INFO  rootLogger:232 - frame: 
2018-06-04 18:01:37 INFO  rootLogger:232 - UserName: admin@huddil.com entered
2018-06-04 18:01:37 INFO  rootLogger:232 - Class: SeleniumFunctions; Method: findElement
2018-06-04 18:01:37 INFO  rootLogger:232 - Class: SeleniumFunctions; Method: explicitWait
2018-06-04 18:01:37 INFO  rootLogger:232 - frame: 
2018-06-04 18:01:37 INFO  rootLogger:232 - Password: password entered
2018-06-04 18:01:37 INFO  rootLogger:232 - Class: UtilFunctions; Method: getElementFromJSONFile
2018-06-04 18:01:37 INFO  rootLogger:232 - Return: //button[@class='consumerModuleButtons submitButton' and text()='Sign in']
2018-06-04 18:01:37 INFO  rootLogger:232 - Class: SeleniumFunctions; Method: setByValues
2018-06-04 18:01:37 INFO  rootLogger:232 - propField: //button[@class='consumerModuleButtons submitButton' and text()='Sign in']
2018-06-04 18:01:37 INFO  rootLogger:232 - switchType: xpath
2018-06-04 18:01:37 INFO  rootLogger:232 - switchValue: //button[@class='consumerModuleButtons submitButton' and text()='Sign in']
2018-06-04 18:01:37 INFO  rootLogger:232 - Class: SeleniumFunctions; Method: findElement
2018-06-04 18:01:37 INFO  rootLogger:232 - Class: SeleniumFunctions; Method: explicitWait
2018-06-04 18:01:37 INFO  rootLogger:232 - frame: 
2018-06-04 18:01:39 INFO  rootLogger:232 - Login button clicked
2018-06-04 18:01:39 INFO  rootLogger:232 - Class: SeleniumFunctions; Method: switchToNewWindow
2018-06-04 18:01:39 INFO  rootLogger:232 - parentWindow: CDwindow-999E327A84E55809E848BE482D1F5715
2018-06-04 18:01:39 INFO  rootLogger:232 - windowHandle: CDwindow-999E327A84E55809E848BE482D1F5715
2018-06-04 18:01:39 INFO  rootLogger:232 - Class: Hooks; Method: setDriver
2018-06-04 18:01:39 INFO  rootLogger:232 - get driver object
2018-06-04 18:01:39 INFO  rootLogger:232 - Class: LoginStepdefs; Method: applicationLogin : Complete
2018-06-04 18:01:39 INFO  rootLogger:232 - Class: GlobalStepdefs; Method: checkPageLoad : Start
2018-06-04 18:01:39 INFO  rootLogger:232 - Class: Hooks; Method: getDriver
2018-06-04 18:01:39 INFO  rootLogger:232 - get driver object
2018-06-04 18:01:39 INFO  rootLogger:232 - Class: Page; Method: findPage
2018-06-04 18:01:39 INFO  rootLogger:232 - Current tab name: Admin
2018-06-04 18:01:39 INFO  rootLogger:232 - PaneName: Admin
2018-06-04 18:01:39 INFO  rootLogger:232 - Class: UtilFunctions; Method: getJSONFileObjBasedOnPageName
2018-06-04 18:01:39 INFO  rootLogger:232 - Class: UtilFunctions; Method: getElementFromJSONFile
2018-06-04 18:01:39 INFO  rootLogger:232 - Exception: null
2018-06-04 18:01:39 INFO  rootLogger:232 - Pane xpath: null
2018-06-04 18:01:39 INFO  rootLogger:232 - Class: Hooks; Method: getDriver
2018-06-04 18:01:39 INFO  rootLogger:232 - get driver object
2018-06-04 18:01:39 INFO  rootLogger:232 - Class: SeleniumFunctions; Method: explicitWait
2018-06-04 18:01:39 INFO  rootLogger:232 - frame: 
2018-06-04 18:01:39 INFO  rootLogger:232 - Class: SeleniumFunctions; Method: findElement
2018-06-04 18:01:39 INFO  rootLogger:232 - Class: SeleniumFunctions; Method: explicitWait
2018-06-04 18:01:39 INFO  rootLogger:232 - frame: 
2018-06-04 18:01:39 INFO  rootLogger:232 - Class: GlobalStepdefs; Method: checkPageLoad : Complete
2018-06-04 18:01:39 INFO  rootLogger:232 - Class: GlobalStepdefs; Method: clickMiscElement : Start
2018-06-04 18:01:39 INFO  rootLogger:232 - Pagename: Admin
2018-06-04 18:01:39 INFO  rootLogger:232 - Class: Hooks; Method: getDriver
2018-06-04 18:01:39 INFO  rootLogger:232 - get driver object
2018-06-04 18:01:39 INFO  rootLogger:232 - Class: Page; Method: clickMiscElement
2018-06-04 18:01:39 INFO  rootLogger:232 - Current tab name: Admin
2018-06-04 18:01:39 INFO  rootLogger:232 - ImageName: Offers
2018-06-04 18:01:39 INFO  rootLogger:232 - Class: UtilFunctions; Method: getJSONFileObjBasedOnPageName
2018-06-04 18:01:39 INFO  rootLogger:232 - Class: UtilFunctions; Method: getElementStringAndType
2018-06-04 18:01:39 INFO  rootLogger:232 - Class: UtilFunctions; Method: getElementFromJSONFile
2018-06-04 18:01:39 INFO  rootLogger:232 - Return: //div[contains (@class,  'sideMenuItem') and child::p[text()='Offers']]
2018-06-04 18:01:39 INFO  rootLogger:232 - Class: UtilFunctions; Method: getElementFromJSONFile
2018-06-04 18:01:39 INFO  rootLogger:232 - Return: //div[contains (@class,  'sideMenuItem') and child::p[text()='Offers']]
2018-06-04 18:01:39 INFO  rootLogger:232 - xpath present
2018-06-04 18:01:39 INFO  rootLogger:232 - Class: SeleniumFunctions; Method: explicitWait
2018-06-04 18:01:39 INFO  rootLogger:232 - frame: //div[contains (@class,  'sideMenuItem') and child::p[text()='Offers']];xpath
2018-06-04 18:01:46 INFO  rootLogger:232 - Class: SeleniumFunctions; Method: setByValues
2018-06-04 18:01:46 INFO  rootLogger:232 - propField: //div[contains (@class,  'sideMenuItem') and child::p[text()='Offers']];xpath
2018-06-04 18:01:46 INFO  rootLogger:232 - switchType: xpath
2018-06-04 18:01:46 INFO  rootLogger:232 - switchValue: //div[contains (@class,  'sideMenuItem') and child::p[text()='Offers']]
2018-06-04 18:01:46 INFO  rootLogger:232 - Class: SeleniumFunctions; Method: findElement
2018-06-04 18:01:46 INFO  rootLogger:232 - Class: SeleniumFunctions; Method: explicitWait
2018-06-04 18:01:46 INFO  rootLogger:232 - frame: 
2018-06-04 18:01:47 INFO  rootLogger:232 - Element: 'Offers' exist and clicked. Returning true.
2018-06-04 18:01:47 INFO  rootLogger:232 - Class: GlobalStepdefs; Method: clickMiscElement : Start
2018-06-04 18:01:47 INFO  rootLogger:232 - Pagename: Admin
2018-06-04 18:01:47 INFO  rootLogger:232 - Class: Hooks; Method: getDriver
2018-06-04 18:01:47 INFO  rootLogger:232 - get driver object
2018-06-04 18:01:47 INFO  rootLogger:232 - Class: Page; Method: clickMiscElement
2018-06-04 18:01:47 INFO  rootLogger:232 - Current tab name: Admin
2018-06-04 18:01:47 INFO  rootLogger:232 - ImageName: FromDate
2018-06-04 18:01:47 INFO  rootLogger:232 - Class: UtilFunctions; Method: getJSONFileObjBasedOnPageName
2018-06-04 18:01:47 INFO  rootLogger:232 - Class: UtilFunctions; Method: getElementStringAndType
2018-06-04 18:01:47 INFO  rootLogger:232 - Class: UtilFunctions; Method: getElementFromJSONFile
2018-06-04 18:01:47 INFO  rootLogger:232 - Return: null
2018-06-04 18:01:47 INFO  rootLogger:232 - Class: UtilFunctions; Method: getElementFromJSONFile
2018-06-04 18:01:47 INFO  rootLogger:232 - Return: offerDateStart
2018-06-04 18:01:47 INFO  rootLogger:232 - Class: UtilFunctions; Method: getElementFromJSONFile
2018-06-04 18:01:47 INFO  rootLogger:232 - Return: offerDateStart
2018-06-04 18:01:47 INFO  rootLogger:232 - id present
2018-06-04 18:01:47 INFO  rootLogger:232 - Class: SeleniumFunctions; Method: explicitWait
2018-06-04 18:01:47 INFO  rootLogger:232 - frame: offerDateStart;id
2018-06-04 18:01:47 INFO  rootLogger:232 - Class: SeleniumFunctions; Method: setByValues
2018-06-04 18:01:47 INFO  rootLogger:232 - propField: offerDateStart;id
2018-06-04 18:01:47 INFO  rootLogger:232 - switchType: id
2018-06-04 18:01:47 INFO  rootLogger:232 - switchValue: offerDateStart
2018-06-04 18:01:47 INFO  rootLogger:232 - Class: SeleniumFunctions; Method: findElement
2018-06-04 18:01:47 INFO  rootLogger:232 - Class: SeleniumFunctions; Method: explicitWait
2018-06-04 18:01:47 INFO  rootLogger:232 - frame: 
2018-06-04 18:01:48 INFO  rootLogger:232 - Element: 'FromDate' exist and clicked. Returning true.
2018-06-04 18:01:48 INFO  rootLogger:232 - Class: GlobalStepdefs; Method: clickMiscElement : Start
2018-06-04 18:01:48 INFO  rootLogger:232 - Pagename: Admin
2018-06-04 18:01:48 INFO  rootLogger:232 - Class: Hooks; Method: getDriver
2018-06-04 18:01:48 INFO  rootLogger:232 - get driver object
2018-06-04 18:01:48 INFO  rootLogger:232 - Class: Page; Method: clickMiscElement
2018-06-04 18:01:48 INFO  rootLogger:232 - Current tab name: Admin
2018-06-04 18:01:48 INFO  rootLogger:232 - ImageName: ToDate
2018-06-04 18:01:48 INFO  rootLogger:232 - Class: UtilFunctions; Method: getJSONFileObjBasedOnPageName
2018-06-04 18:01:48 INFO  rootLogger:232 - Class: UtilFunctions; Method: getElementStringAndType
2018-06-04 18:01:48 INFO  rootLogger:232 - Class: UtilFunctions; Method: getElementFromJSONFile
2018-06-04 18:01:48 INFO  rootLogger:232 - Exception: null
2018-06-04 18:01:48 INFO  rootLogger:232 - Class: UtilFunctions; Method: getElementFromJSONFile
2018-06-04 18:01:48 INFO  rootLogger:232 - Exception: null
2018-06-04 18:01:48 INFO  rootLogger:232 - Class: UtilFunctions; Method: getElementFromJSONFile
2018-06-04 18:01:48 INFO  rootLogger:232 - Exception: null
2018-06-04 18:01:48 INFO  rootLogger:232 - Unknown Element Type
2018-06-04 18:01:48 INFO  rootLogger:232 - Class: SeleniumFunctions; Method: explicitWait
2018-06-04 18:01:48 INFO  rootLogger:232 - frame: null;null
2018-06-04 18:01:48 INFO  rootLogger:232 - Element not found after timeout of 10 seconds. Exception: null
2018-06-04 18:01:48 INFO  rootLogger:232 - Class: SeleniumFunctions; Method: setByValues
2018-06-04 18:01:48 INFO  rootLogger:232 - propField: null;null
2018-06-04 18:01:48 INFO  rootLogger:232 - switchType: null
2018-06-04 18:01:48 INFO  rootLogger:232 - switchValue: null
2018-06-04 18:01:48 INFO  rootLogger:232 - Class: SeleniumFunctions; Method: findElement
2018-06-04 18:01:48 INFO  rootLogger:232 - Class: SeleniumFunctions; Method: explicitWait
2018-06-04 18:01:48 INFO  rootLogger:232 - frame: 
2018-06-04 18:01:48 INFO  rootLogger:232 - Element not found after timeout of 1 seconds. Exception: null
2018-06-04 18:01:48 INFO  rootLogger:232 - Element not found. Returning null. Exception: null
2018-06-04 18:01:48 INFO  rootLogger:232 - Element: 'ToDate' does not exist. Returning false.
2018-06-04 18:01:48 INFO  rootLogger:232 - Class: Hooks; Method: closeBrowserAndTakeScreenShot
2018-06-04 18:01:48 INFO  rootLogger:232 - Scenario: Verify Adding Offers - Failed
2018-06-04 18:01:48 INFO  rootLogger:232 - Class: Hooks; Method: takeScreenShot
2018-06-04 18:01:49 INFO  rootLogger:232 - Browser closed
2018-06-04 18:01:49 INFO  rootLogger:232 - Tried to kill process with PID: 7680
2018-06-04 18:01:49 INFO  rootLogger:232 - Scenario: Verify Adding Offers complete.
